<?xml version="1.0" encoding="UTF-8"?>
<coverage generated="1733942020490" clover="3.2.0">
  <project timestamp="1733942020491" name="All files">
    <metrics statements="745" coveredstatements="689" conditionals="391" coveredconditionals="310" methods="110" coveredmethods="95" elements="1246" coveredelements="1094" complexity="0" loc="745" ncloc="745" packages="9" files="23" classes="23"/>
    <package name="src">
      <metrics statements="12" coveredstatements="9" conditionals="4" coveredconditionals="1" methods="1" coveredmethods="0"/>
      <file name="app.js" path="C:\Users\nwike\relayapp\backend\src\app.js">
        <metrics statements="12" coveredstatements="9" conditionals="4" coveredconditionals="1" methods="1" coveredmethods="0"/>
        <line num="1" count="6" type="stmt"/>
        <line num="2" count="6" type="stmt"/>
        <line num="3" count="6" type="stmt"/>
        <line num="4" count="6" type="stmt"/>
        <line num="6" count="6" type="stmt"/>
        <line num="7" count="6" type="stmt"/>
        <line num="8" count="6" type="stmt"/>
        <line num="10" count="6" type="stmt"/>
        <line num="12" count="6" type="cond" truecount="1" falsecount="1"/>
        <line num="13" count="0" type="cond" truecount="0" falsecount="2"/>
        <line num="14" count="0" type="stmt"/>
        <line num="15" count="0" type="stmt"/>
      </file>
    </package>
    <package name="src.auth">
      <metrics statements="13" coveredstatements="9" conditionals="0" coveredconditionals="0" methods="3" coveredmethods="0"/>
      <file name="passport.js" path="C:\Users\nwike\relayapp\backend\src\auth\passport.js">
        <metrics statements="13" coveredstatements="9" conditionals="0" coveredconditionals="0" methods="3" coveredmethods="0"/>
        <line num="1" count="6" type="stmt"/>
        <line num="2" count="6" type="stmt"/>
        <line num="4" count="6" type="stmt"/>
        <line num="5" count="6" type="stmt"/>
        <line num="6" count="6" type="stmt"/>
        <line num="8" count="6" type="stmt"/>
        <line num="10" count="6" type="stmt"/>
        <line num="17" count="0" type="stmt"/>
        <line num="26" count="0" type="stmt"/>
        <line num="51" count="6" type="stmt"/>
        <line num="52" count="0" type="stmt"/>
        <line num="55" count="6" type="stmt"/>
        <line num="56" count="0" type="stmt"/>
      </file>
    </package>
    <package name="src.config">
      <metrics statements="4" coveredstatements="4" conditionals="0" coveredconditionals="0" methods="0" coveredmethods="0"/>
      <file name="facebook.js" path="C:\Users\nwike\relayapp\backend\src\config\facebook.js">
        <metrics statements="1" coveredstatements="1" conditionals="0" coveredconditionals="0" methods="0" coveredmethods="0"/>
        <line num="1" count="6" type="stmt"/>
      </file>
      <file name="mailconf.js" path="C:\Users\nwike\relayapp\backend\src\config\mailconf.js">
        <metrics statements="3" coveredstatements="3" conditionals="0" coveredconditionals="0" methods="0" coveredmethods="0"/>
        <line num="1" count="6" type="stmt"/>
        <line num="3" count="6" type="stmt"/>
        <line num="5" count="6" type="stmt"/>
      </file>
    </package>
    <package name="src.controllers">
      <metrics statements="538" coveredstatements="491" conditionals="376" coveredconditionals="301" methods="93" coveredmethods="83"/>
      <file name="authController.js" path="C:\Users\nwike\relayapp\backend\src\controllers\authController.js">
        <metrics statements="61" coveredstatements="50" conditionals="29" coveredconditionals="22" methods="5" coveredmethods="4"/>
        <line num="1" count="6" type="stmt"/>
        <line num="2" count="6" type="stmt"/>
        <line num="3" count="6" type="stmt"/>
        <line num="4" count="6" type="stmt"/>
        <line num="5" count="6" type="stmt"/>
        <line num="6" count="6" type="stmt"/>
        <line num="7" count="6" type="stmt"/>
        <line num="8" count="6" type="stmt"/>
        <line num="10" count="6" type="stmt"/>
        <line num="11" count="151" type="stmt"/>
        <line num="13" count="151" type="cond" truecount="4" falsecount="0"/>
        <line num="14" count="2" type="stmt"/>
        <line num="16" count="149" type="stmt"/>
        <line num="18" count="149" type="cond" truecount="2" falsecount="0"/>
        <line num="20" count="148" type="stmt"/>
        <line num="21" count="148" type="stmt"/>
        <line num="23" count="148" type="stmt"/>
        <line num="25" count="148" type="stmt"/>
        <line num="33" count="148" type="stmt"/>
        <line num="34" count="148" type="stmt"/>
        <line num="36" count="148" type="stmt"/>
        <line num="46" count="148" type="stmt"/>
        <line num="49" count="6" type="stmt"/>
        <line num="50" count="3" type="stmt"/>
        <line num="52" count="3" type="cond" truecount="3" falsecount="1"/>
        <line num="53" count="0" type="stmt"/>
        <line num="55" count="3" type="stmt"/>
        <line num="61" count="3" type="cond" truecount="2" falsecount="0"/>
        <line num="63" count="2" type="stmt"/>
        <line num="65" count="2" type="cond" truecount="2" falsecount="0"/>
        <line num="66" count="1" type="stmt"/>
        <line num="67" count="1" type="stmt"/>
        <line num="76" count="1" type="stmt"/>
        <line num="79" count="6" type="stmt"/>
        <line num="80" count="0" type="stmt"/>
        <line num="90" count="0" type="stmt"/>
        <line num="93" count="6" type="stmt"/>
        <line num="94" count="3" type="stmt"/>
        <line num="96" count="3" type="cond" truecount="2" falsecount="0"/>
        <line num="98" count="2" type="stmt"/>
        <line num="103" count="2" type="cond" truecount="2" falsecount="0"/>
        <line num="105" count="1" type="stmt"/>
        <line num="110" count="1" type="stmt"/>
        <line num="111" count="1" type="stmt"/>
        <line num="113" count="1" type="stmt"/>
        <line num="121" count="1" type="stmt"/>
        <line num="124" count="6" type="stmt"/>
        <line num="125" count="3" type="stmt"/>
        <line num="126" count="3" type="stmt"/>
        <line num="128" count="3" type="cond" truecount="4" falsecount="0"/>
        <line num="129" count="1" type="stmt"/>
        <line num="131" count="2" type="stmt"/>
        <line num="136" count="2" type="cond" truecount="1" falsecount="1"/>
        <line num="138" count="0" type="cond" truecount="0" falsecount="2"/>
        <line num="139" count="0" type="stmt"/>
        <line num="141" count="0" type="stmt"/>
        <line num="142" count="0" type="stmt"/>
        <line num="144" count="0" type="stmt"/>
        <line num="149" count="0" type="stmt"/>
        <line num="154" count="0" type="stmt"/>
        <line num="164" count="0" type="stmt"/>
      </file>
      <file name="brandController.js" path="C:\Users\nwike\relayapp\backend\src\controllers\brandController.js">
        <metrics statements="140" coveredstatements="137" conditionals="104" coveredconditionals="87" methods="24" coveredmethods="24"/>
        <line num="1" count="6" type="stmt"/>
        <line num="2" count="6" type="stmt"/>
        <line num="4" count="6" type="stmt"/>
        <line num="5" count="5" type="stmt"/>
        <line num="7" count="5" type="cond" truecount="2" falsecount="0"/>
        <line num="9" count="4" type="stmt"/>
        <line num="14" count="4" type="cond" truecount="1" falsecount="1"/>
        <line num="16" count="4" type="cond" truecount="4" falsecount="0"/>
        <line num="17" count="1" type="stmt"/>
        <line num="19" count="3" type="cond" truecount="3" falsecount="1"/>
        <line num="20" count="3" type="stmt"/>
        <line num="21" count="6" type="stmt"/>
        <line num="27" count="3" type="stmt"/>
        <line num="33" count="3" type="cond" truecount="1" falsecount="1"/>
        <line num="34" count="0" type="stmt"/>
        <line num="38" count="3" type="cond" truecount="1" falsecount="1"/>
        <line num="40" count="3" type="stmt"/>
        <line num="47" count="3" type="cond" truecount="2" falsecount="0"/>
        <line num="49" count="1" type="stmt"/>
        <line num="58" count="1" type="cond" truecount="1" falsecount="1"/>
        <line num="60" count="1" type="stmt"/>
        <line num="77" count="2" type="stmt"/>
        <line num="93" count="1" type="stmt"/>
        <line num="96" count="6" type="stmt"/>
        <line num="97" count="2" type="stmt"/>
        <line num="111" count="2" type="cond" truecount="2" falsecount="0"/>
        <line num="112" count="1" type="stmt"/>
        <line num="114" count="1" type="stmt"/>
        <line num="117" count="6" type="stmt"/>
        <line num="118" count="1" type="stmt"/>
        <line num="135" count="1" type="cond" truecount="1" falsecount="1"/>
        <line num="137" count="1" type="stmt"/>
        <line num="140" count="6" type="stmt"/>
        <line num="141" count="3" type="stmt"/>
        <line num="143" count="3" type="stmt"/>
        <line num="148" count="3" type="stmt"/>
        <line num="152" count="3" type="cond" truecount="1" falsecount="1"/>
        <line num="154" count="3" type="cond" truecount="4" falsecount="0"/>
        <line num="155" count="1" type="stmt"/>
        <line num="157" count="2" type="cond" truecount="3" falsecount="1"/>
        <line num="158" count="2" type="stmt"/>
        <line num="159" count="4" type="stmt"/>
        <line num="165" count="2" type="cond" truecount="1" falsecount="1"/>
        <line num="167" count="2" type="cond" truecount="1" falsecount="1"/>
        <line num="168" count="2" type="cond" truecount="1" falsecount="1"/>
        <line num="169" count="2" type="cond" truecount="1" falsecount="1"/>
        <line num="171" count="2" type="stmt"/>
        <line num="180" count="2" type="cond" truecount="2" falsecount="0"/>
        <line num="182" count="1" type="stmt"/>
        <line num="184" count="1" type="stmt"/>
        <line num="206" count="2" type="stmt"/>
        <line num="225" count="1" type="stmt"/>
        <line num="228" count="6" type="stmt"/>
        <line num="229" count="2" type="stmt"/>
        <line num="238" count="2" type="cond" truecount="2" falsecount="0"/>
        <line num="240" count="1" type="stmt"/>
        <line num="265" count="1" type="stmt"/>
        <line num="268" count="6" type="stmt"/>
        <line num="269" count="3" type="stmt"/>
        <line num="275" count="3" type="cond" truecount="2" falsecount="0"/>
        <line num="277" count="2" type="stmt"/>
        <line num="284" count="2" type="cond" truecount="2" falsecount="0"/>
        <line num="285" count="1" type="stmt"/>
        <line num="287" count="1" type="stmt"/>
        <line num="296" count="1" type="stmt"/>
        <line num="299" count="6" type="stmt"/>
        <line num="300" count="2" type="stmt"/>
        <line num="306" count="2" type="cond" truecount="2" falsecount="0"/>
        <line num="308" count="1" type="stmt"/>
        <line num="330" count="1" type="stmt"/>
        <line num="333" count="6" type="stmt"/>
        <line num="334" count="2" type="stmt"/>
        <line num="340" count="2" type="cond" truecount="2" falsecount="0"/>
        <line num="342" count="1" type="stmt"/>
        <line num="364" count="1" type="stmt"/>
        <line num="367" count="6" type="stmt"/>
        <line num="368" count="2" type="stmt"/>
        <line num="374" count="2" type="cond" truecount="2" falsecount="0"/>
        <line num="376" count="1" type="stmt"/>
        <line num="383" count="1" type="cond" truecount="1" falsecount="1"/>
        <line num="385" count="1" type="stmt"/>
        <line num="391" count="1" type="stmt"/>
        <line num="394" count="6" type="stmt"/>
        <line num="395" count="3" type="stmt"/>
        <line num="404" count="3" type="cond" truecount="2" falsecount="0"/>
        <line num="406" count="2" type="stmt"/>
        <line num="413" count="2" type="cond" truecount="2" falsecount="0"/>
        <line num="414" count="1" type="stmt"/>
        <line num="416" count="1" type="stmt"/>
        <line num="434" count="1" type="stmt"/>
        <line num="437" count="6" type="stmt"/>
        <line num="438" count="3" type="stmt"/>
        <line num="447" count="3" type="cond" truecount="2" falsecount="0"/>
        <line num="449" count="2" type="stmt"/>
        <line num="456" count="2" type="cond" truecount="2" falsecount="0"/>
        <line num="458" count="1" type="stmt"/>
        <line num="464" count="1" type="stmt"/>
        <line num="467" count="6" type="stmt"/>
        <line num="468" count="4" type="stmt"/>
        <line num="470" count="4" type="stmt"/>
        <line num="474" count="4" type="cond" truecount="2" falsecount="0"/>
        <line num="476" count="3" type="cond" truecount="2" falsecount="0"/>
        <line num="478" count="1" type="cond" truecount="3" falsecount="1"/>
        <line num="479" count="0" type="stmt"/>
        <line num="481" count="1" type="stmt"/>
        <line num="482" count="2" type="stmt"/>
        <line num="488" count="1" type="stmt"/>
        <line num="490" count="1" type="stmt"/>
        <line num="495" count="2" type="stmt"/>
        <line num="511" count="1" type="stmt"/>
        <line num="514" count="6" type="stmt"/>
        <line num="515" count="4" type="stmt"/>
        <line num="517" count="4" type="stmt"/>
        <line num="521" count="4" type="cond" truecount="2" falsecount="0"/>
        <line num="523" count="3" type="cond" truecount="4" falsecount="0"/>
        <line num="524" count="2" type="stmt"/>
        <line num="526" count="1" type="cond" truecount="3" falsecount="1"/>
        <line num="527" count="0" type="stmt"/>
        <line num="529" count="1" type="stmt"/>
        <line num="530" count="2" type="stmt"/>
        <line num="536" count="1" type="stmt"/>
        <line num="540" count="1" type="cond" truecount="1" falsecount="1"/>
        <line num="542" count="1" type="stmt"/>
        <line num="547" count="2" type="stmt"/>
        <line num="560" count="1" type="stmt"/>
        <line num="563" count="6" type="stmt"/>
        <line num="564" count="2" type="stmt"/>
        <line num="570" count="2" type="cond" truecount="2" falsecount="0"/>
        <line num="572" count="1" type="stmt"/>
        <line num="578" count="1" type="stmt"/>
        <line num="581" count="6" type="stmt"/>
        <line num="582" count="2" type="stmt"/>
        <line num="588" count="2" type="cond" truecount="2" falsecount="0"/>
        <line num="590" count="1" type="stmt"/>
        <line num="594" count="1" type="stmt"/>
        <line num="597" count="6" type="stmt"/>
        <line num="598" count="2" type="stmt"/>
        <line num="607" count="2" type="cond" truecount="2" falsecount="0"/>
        <line num="609" count="1" type="stmt"/>
        <line num="615" count="1" type="stmt"/>
      </file>
      <file name="collectionController.js" path="C:\Users\nwike\relayapp\backend\src\controllers\collectionController.js">
        <metrics statements="82" coveredstatements="75" conditionals="55" coveredconditionals="44" methods="15" coveredmethods="14"/>
        <line num="1" count="6" type="stmt"/>
        <line num="2" count="6" type="stmt"/>
        <line num="4" count="6" type="stmt"/>
        <line num="5" count="3" type="stmt"/>
        <line num="7" count="3" type="cond" truecount="4" falsecount="0"/>
        <line num="8" count="1" type="stmt"/>
        <line num="10" count="2" type="cond" truecount="4" falsecount="0"/>
        <line num="11" count="1" type="stmt"/>
        <line num="13" count="1" type="cond" truecount="3" falsecount="1"/>
        <line num="14" count="1" type="stmt"/>
        <line num="15" count="2" type="stmt"/>
        <line num="21" count="1" type="stmt"/>
        <line num="33" count="2" type="stmt"/>
        <line num="52" count="1" type="stmt"/>
        <line num="55" count="6" type="stmt"/>
        <line num="56" count="2" type="stmt"/>
        <line num="70" count="2" type="cond" truecount="2" falsecount="0"/>
        <line num="71" count="1" type="stmt"/>
        <line num="73" count="1" type="stmt"/>
        <line num="76" count="6" type="stmt"/>
        <line num="77" count="2" type="stmt"/>
        <line num="94" count="2" type="cond" truecount="2" falsecount="0"/>
        <line num="95" count="1" type="stmt"/>
        <line num="97" count="1" type="stmt"/>
        <line num="100" count="6" type="stmt"/>
        <line num="101" count="2" type="stmt"/>
        <line num="117" count="2" type="cond" truecount="2" falsecount="0"/>
        <line num="119" count="1" type="stmt"/>
        <line num="122" count="6" type="stmt"/>
        <line num="123" count="4" type="stmt"/>
        <line num="132" count="4" type="cond" truecount="2" falsecount="0"/>
        <line num="133" count="2" type="stmt"/>
        <line num="135" count="2" type="stmt"/>
        <line num="160" count="2" type="stmt"/>
        <line num="163" count="6" type="stmt"/>
        <line num="164" count="0" type="stmt"/>
        <line num="170" count="0" type="cond" truecount="0" falsecount="2"/>
        <line num="171" count="0" type="stmt"/>
        <line num="173" count="0" type="stmt"/>
        <line num="198" count="0" type="stmt"/>
        <line num="201" count="6" type="stmt"/>
        <line num="202" count="3" type="stmt"/>
        <line num="208" count="3" type="cond" truecount="2" falsecount="0"/>
        <line num="209" count="2" type="stmt"/>
        <line num="211" count="1" type="stmt"/>
        <line num="236" count="1" type="stmt"/>
        <line num="239" count="6" type="stmt"/>
        <line num="240" count="1" type="stmt"/>
        <line num="246" count="1" type="cond" truecount="1" falsecount="1"/>
        <line num="247" count="0" type="stmt"/>
        <line num="249" count="1" type="stmt"/>
        <line num="274" count="1" type="stmt"/>
        <line num="277" count="6" type="stmt"/>
        <line num="278" count="3" type="stmt"/>
        <line num="284" count="3" type="cond" truecount="2" falsecount="0"/>
        <line num="285" count="2" type="stmt"/>
        <line num="287" count="1" type="stmt"/>
        <line num="294" count="1" type="cond" truecount="1" falsecount="1"/>
        <line num="296" count="1" type="stmt"/>
        <line num="305" count="1" type="stmt"/>
        <line num="308" count="6" type="stmt"/>
        <line num="309" count="3" type="stmt"/>
        <line num="311" count="3" type="stmt"/>
        <line num="316" count="3" type="cond" truecount="2" falsecount="0"/>
        <line num="317" count="1" type="stmt"/>
        <line num="319" count="2" type="cond" truecount="3" falsecount="1"/>
        <line num="320" count="0" type="stmt"/>
        <line num="322" count="2" type="cond" truecount="3" falsecount="1"/>
        <line num="323" count="2" type="stmt"/>
        <line num="324" count="4" type="stmt"/>
        <line num="330" count="2" type="cond" truecount="1" falsecount="1"/>
        <line num="331" count="2" type="cond" truecount="1" falsecount="1"/>
        <line num="332" count="2" type="cond" truecount="1" falsecount="2"/>
        <line num="334" count="2" type="stmt"/>
        <line num="343" count="4" type="stmt"/>
        <line num="362" count="2" type="stmt"/>
        <line num="365" count="6" type="stmt"/>
        <line num="366" count="2" type="stmt"/>
        <line num="372" count="2" type="cond" truecount="2" falsecount="0"/>
        <line num="373" count="1" type="stmt"/>
        <line num="375" count="1" type="stmt"/>
        <line num="379" count="1" type="stmt"/>
      </file>
      <file name="itemController.js" path="C:\Users\nwike\relayapp\backend\src\controllers\itemController.js">
        <metrics statements="80" coveredstatements="75" conditionals="69" coveredconditionals="57" methods="15" coveredmethods="13"/>
        <line num="1" count="6" type="stmt"/>
        <line num="2" count="6" type="stmt"/>
        <line num="4" count="6" type="stmt"/>
        <line num="5" count="5" type="stmt"/>
        <line num="7" count="5" type="cond" truecount="4" falsecount="0"/>
        <line num="8" count="1" type="stmt"/>
        <line num="10" count="4" type="cond" truecount="4" falsecount="0"/>
        <line num="11" count="1" type="stmt"/>
        <line num="13" count="3" type="cond" truecount="4" falsecount="0"/>
        <line num="14" count="1" type="stmt"/>
        <line num="16" count="2" type="cond" truecount="3" falsecount="1"/>
        <line num="17" count="2" type="stmt"/>
        <line num="18" count="2" type="stmt"/>
        <line num="24" count="2" type="cond" truecount="2" falsecount="0"/>
        <line num="26" count="1" type="stmt"/>
        <line num="31" count="1" type="stmt"/>
        <line num="40" count="1" type="cond" truecount="1" falsecount="1"/>
        <line num="42" count="1" type="stmt"/>
        <line num="53" count="1" type="stmt"/>
        <line num="60" count="1" type="stmt"/>
        <line num="79" count="1" type="stmt"/>
        <line num="82" count="6" type="stmt"/>
        <line num="83" count="2" type="stmt"/>
        <line num="106" count="2" type="cond" truecount="2" falsecount="0"/>
        <line num="108" count="1" type="stmt"/>
        <line num="111" count="6" type="stmt"/>
        <line num="112" count="4" type="stmt"/>
        <line num="134" count="4" type="cond" truecount="2" falsecount="0"/>
        <line num="136" count="2" type="stmt"/>
        <line num="139" count="6" type="stmt"/>
        <line num="140" count="2" type="stmt"/>
        <line num="149" count="2" type="cond" truecount="2" falsecount="0"/>
        <line num="151" count="1" type="stmt"/>
        <line num="176" count="1" type="stmt"/>
        <line num="179" count="6" type="stmt"/>
        <line num="180" count="3" type="stmt"/>
        <line num="186" count="3" type="cond" truecount="2" falsecount="0"/>
        <line num="188" count="2" type="stmt"/>
        <line num="195" count="2" type="cond" truecount="2" falsecount="0"/>
        <line num="196" count="1" type="stmt"/>
        <line num="198" count="1" type="stmt"/>
        <line num="207" count="1" type="stmt"/>
        <line num="210" count="6" type="stmt"/>
        <line num="211" count="2" type="stmt"/>
        <line num="217" count="2" type="cond" truecount="2" falsecount="0"/>
        <line num="219" count="1" type="stmt"/>
        <line num="241" count="1" type="stmt"/>
        <line num="244" count="6" type="stmt"/>
        <line num="245" count="2" type="stmt"/>
        <line num="251" count="2" type="cond" truecount="2" falsecount="0"/>
        <line num="253" count="1" type="stmt"/>
        <line num="275" count="1" type="stmt"/>
        <line num="278" count="6" type="stmt"/>
        <line num="279" count="2" type="stmt"/>
        <line num="285" count="2" type="cond" truecount="2" falsecount="0"/>
        <line num="287" count="1" type="stmt"/>
        <line num="293" count="1" type="stmt"/>
        <line num="296" count="6" type="stmt"/>
        <line num="297" count="2" type="stmt"/>
        <line num="299" count="2" type="cond" truecount="2" falsecount="3"/>
        <line num="300" count="0" type="stmt"/>
        <line num="302" count="2" type="cond" truecount="2" falsecount="2"/>
        <line num="303" count="0" type="stmt"/>
        <line num="305" count="2" type="cond" truecount="2" falsecount="2"/>
        <line num="306" count="0" type="stmt"/>
        <line num="307" count="0" type="stmt"/>
        <line num="313" count="2" type="stmt"/>
        <line num="325" count="2" type="cond" truecount="2" falsecount="0"/>
        <line num="335" count="1" type="cond" truecount="1" falsecount="1"/>
        <line num="336" count="1" type="cond" truecount="2" falsecount="0"/>
        <line num="337" count="1" type="cond" truecount="2" falsecount="0"/>
        <line num="338" count="1" type="cond" truecount="2" falsecount="0"/>
        <line num="340" count="1" type="stmt"/>
        <line num="359" count="0" type="stmt"/>
        <line num="380" count="1" type="stmt"/>
        <line num="383" count="6" type="stmt"/>
        <line num="384" count="2" type="stmt"/>
        <line num="391" count="2" type="cond" truecount="2" falsecount="0"/>
        <line num="393" count="1" type="stmt"/>
        <line num="399" count="1" type="stmt"/>
      </file>
      <file name="styleController.js" path="C:\Users\nwike\relayapp\backend\src\controllers\styleController.js">
        <metrics statements="128" coveredstatements="107" conditionals="99" coveredconditionals="71" methods="26" coveredmethods="20"/>
        <line num="1" count="6" type="stmt"/>
        <line num="2" count="6" type="stmt"/>
        <line num="4" count="6" type="stmt"/>
        <line num="5" count="4" type="stmt"/>
        <line num="7" count="4" type="cond" truecount="4" falsecount="0"/>
        <line num="8" count="1" type="stmt"/>
        <line num="10" count="3" type="stmt"/>
        <line num="15" count="3" type="cond" truecount="2" falsecount="0"/>
        <line num="16" count="1" type="stmt"/>
        <line num="18" count="2" type="cond" truecount="4" falsecount="0"/>
        <line num="19" count="1" type="stmt"/>
        <line num="21" count="1" type="cond" truecount="3" falsecount="1"/>
        <line num="22" count="1" type="stmt"/>
        <line num="23" count="2" type="stmt"/>
        <line num="29" count="1" type="stmt"/>
        <line num="36" count="2" type="stmt"/>
        <line num="69" count="1" type="stmt"/>
        <line num="72" count="6" type="stmt"/>
        <line num="73" count="2" type="stmt"/>
        <line num="102" count="2" type="cond" truecount="2" falsecount="0"/>
        <line num="104" count="1" type="stmt"/>
        <line num="107" count="6" type="stmt"/>
        <line num="108" count="2" type="stmt"/>
        <line num="136" count="2" type="cond" truecount="2" falsecount="0"/>
        <line num="138" count="1" type="stmt"/>
        <line num="141" count="6" type="stmt"/>
        <line num="142" count="2" type="stmt"/>
        <line num="171" count="2" type="cond" truecount="2" falsecount="0"/>
        <line num="173" count="1" type="stmt"/>
        <line num="176" count="6" type="stmt"/>
        <line num="177" count="4" type="stmt"/>
        <line num="178" count="4" type="stmt"/>
        <line num="180" count="4" type="stmt"/>
        <line num="184" count="4" type="cond" truecount="2" falsecount="0"/>
        <line num="186" count="3" type="cond" truecount="2" falsecount="0"/>
        <line num="188" count="2" type="cond" truecount="4" falsecount="0"/>
        <line num="189" count="1" type="stmt"/>
        <line num="191" count="1" type="cond" truecount="3" falsecount="1"/>
        <line num="192" count="1" type="stmt"/>
        <line num="193" count="2" type="stmt"/>
        <line num="199" count="1" type="stmt"/>
        <line num="207" count="2" type="stmt"/>
        <line num="221" count="1" type="stmt"/>
        <line num="224" count="6" type="stmt"/>
        <line num="225" count="5" type="stmt"/>
        <line num="226" count="5" type="stmt"/>
        <line num="228" count="5" type="stmt"/>
        <line num="232" count="5" type="cond" truecount="2" falsecount="0"/>
        <line num="234" count="4" type="cond" truecount="2" falsecount="0"/>
        <line num="236" count="1" type="cond" truecount="3" falsecount="1"/>
        <line num="237" count="0" type="stmt"/>
        <line num="239" count="1" type="cond" truecount="3" falsecount="1"/>
        <line num="240" count="1" type="stmt"/>
        <line num="241" count="2" type="stmt"/>
        <line num="247" count="1" type="stmt"/>
        <line num="255" count="1" type="cond" truecount="1" falsecount="1"/>
        <line num="257" count="1" type="stmt"/>
        <line num="263" count="2" type="stmt"/>
        <line num="276" count="1" type="stmt"/>
        <line num="279" count="6" type="stmt"/>
        <line num="280" count="2" type="stmt"/>
        <line num="281" count="2" type="stmt"/>
        <line num="312" count="2" type="cond" truecount="2" falsecount="0"/>
        <line num="313" count="1" type="stmt"/>
        <line num="315" count="1" type="stmt"/>
        <line num="318" count="6" type="stmt"/>
        <line num="319" count="2" type="stmt"/>
        <line num="323" count="2" type="cond" truecount="2" falsecount="0"/>
        <line num="325" count="1" type="stmt"/>
        <line num="329" count="1" type="stmt"/>
        <line num="332" count="6" type="stmt"/>
        <line num="333" count="0" type="stmt"/>
        <line num="335" count="0" type="cond" truecount="0" falsecount="4"/>
        <line num="336" count="0" type="stmt"/>
        <line num="338" count="0" type="cond" truecount="0" falsecount="4"/>
        <line num="339" count="0" type="stmt"/>
        <line num="341" count="0" type="cond" truecount="0" falsecount="4"/>
        <line num="342" count="0" type="stmt"/>
        <line num="344" count="0" type="stmt"/>
        <line num="345" count="0" type="stmt"/>
        <line num="348" count="0" type="stmt"/>
        <line num="355" count="0" type="stmt"/>
        <line num="361" count="0" type="stmt"/>
        <line num="370" count="0" type="cond" truecount="0" falsecount="2"/>
        <line num="372" count="0" type="stmt"/>
        <line num="375" count="6" type="stmt"/>
        <line num="376" count="2" type="stmt"/>
        <line num="385" count="2" type="cond" truecount="2" falsecount="0"/>
        <line num="387" count="1" type="stmt"/>
        <line num="412" count="1" type="stmt"/>
        <line num="415" count="6" type="stmt"/>
        <line num="416" count="3" type="stmt"/>
        <line num="422" count="3" type="cond" truecount="2" falsecount="0"/>
        <line num="424" count="2" type="stmt"/>
        <line num="431" count="2" type="cond" truecount="2" falsecount="0"/>
        <line num="432" count="1" type="stmt"/>
        <line num="434" count="1" type="stmt"/>
        <line num="443" count="1" type="stmt"/>
        <line num="446" count="6" type="stmt"/>
        <line num="447" count="2" type="stmt"/>
        <line num="453" count="2" type="cond" truecount="2" falsecount="0"/>
        <line num="455" count="1" type="stmt"/>
        <line num="480" count="1" type="stmt"/>
        <line num="483" count="6" type="stmt"/>
        <line num="484" count="2" type="stmt"/>
        <line num="490" count="2" type="cond" truecount="2" falsecount="0"/>
        <line num="492" count="1" type="stmt"/>
        <line num="517" count="1" type="stmt"/>
        <line num="520" count="6" type="stmt"/>
        <line num="521" count="2" type="stmt"/>
        <line num="527" count="2" type="cond" truecount="2" falsecount="0"/>
        <line num="529" count="1" type="stmt"/>
        <line num="536" count="1" type="cond" truecount="1" falsecount="1"/>
        <line num="538" count="1" type="stmt"/>
        <line num="547" count="1" type="stmt"/>
        <line num="550" count="6" type="stmt"/>
        <line num="551" count="0" type="stmt"/>
        <line num="556" count="0" type="cond" truecount="0" falsecount="2"/>
        <line num="558" count="0" type="stmt"/>
        <line num="561" count="6" type="stmt"/>
        <line num="562" count="0" type="stmt"/>
        <line num="567" count="0" type="cond" truecount="0" falsecount="2"/>
        <line num="569" count="0" type="stmt"/>
        <line num="572" count="6" type="stmt"/>
        <line num="573" count="2" type="stmt"/>
        <line num="577" count="2" type="cond" truecount="2" falsecount="0"/>
        <line num="579" count="1" type="stmt"/>
        <line num="583" count="1" type="stmt"/>
      </file>
      <file name="userController.js" path="C:\Users\nwike\relayapp\backend\src\controllers\userController.js">
        <metrics statements="47" coveredstatements="47" conditionals="20" coveredconditionals="20" methods="8" coveredmethods="8"/>
        <line num="1" count="6" type="stmt"/>
        <line num="2" count="6" type="stmt"/>
        <line num="4" count="6" type="stmt"/>
        <line num="6" count="6" type="stmt"/>
        <line num="7" count="2" type="stmt"/>
        <line num="22" count="2" type="cond" truecount="2" falsecount="0"/>
        <line num="24" count="1" type="stmt"/>
        <line num="27" count="6" type="stmt"/>
        <line num="28" count="3" type="stmt"/>
        <line num="41" count="3" type="cond" truecount="2" falsecount="0"/>
        <line num="43" count="2" type="stmt"/>
        <line num="50" count="2" type="cond" truecount="2" falsecount="0"/>
        <line num="51" count="1" type="stmt"/>
        <line num="53" count="1" type="stmt"/>
        <line num="71" count="1" type="stmt"/>
        <line num="74" count="6" type="stmt"/>
        <line num="75" count="3" type="stmt"/>
        <line num="88" count="3" type="cond" truecount="2" falsecount="0"/>
        <line num="90" count="2" type="stmt"/>
        <line num="97" count="2" type="cond" truecount="2" falsecount="0"/>
        <line num="99" count="1" type="stmt"/>
        <line num="105" count="1" type="stmt"/>
        <line num="108" count="6" type="stmt"/>
        <line num="109" count="2" type="stmt"/>
        <line num="121" count="1" type="stmt"/>
        <line num="124" count="6" type="stmt"/>
        <line num="125" count="1" type="stmt"/>
        <line num="127" count="1" type="stmt"/>
        <line num="141" count="1" type="stmt"/>
        <line num="144" count="6" type="stmt"/>
        <line num="145" count="1" type="stmt"/>
        <line num="147" count="1" type="stmt"/>
        <line num="153" count="1" type="stmt"/>
        <line num="164" count="1" type="stmt"/>
        <line num="167" count="6" type="stmt"/>
        <line num="168" count="2" type="stmt"/>
        <line num="170" count="2" type="stmt"/>
        <line num="179" count="2" type="stmt"/>
        <line num="181" count="2" type="cond" truecount="2" falsecount="0"/>
        <line num="183" count="1" type="stmt"/>
        <line num="184" count="1" type="stmt"/>
        <line num="186" count="1" type="stmt"/>
        <line num="195" count="1" type="stmt"/>
        <line num="198" count="6" type="stmt"/>
        <line num="199" count="2" type="stmt"/>
        <line num="220" count="2" type="cond" truecount="2" falsecount="0"/>
        <line num="222" count="1" type="stmt"/>
      </file>
    </package>
    <package name="src.functions">
      <metrics statements="6" coveredstatements="6" conditionals="1" coveredconditionals="1" methods="1" coveredmethods="1"/>
      <file name="mail.js" path="C:\Users\nwike\relayapp\backend\src\functions\mail.js">
        <metrics statements="6" coveredstatements="6" conditionals="1" coveredconditionals="1" methods="1" coveredmethods="1"/>
        <line num="1" count="6" type="stmt"/>
        <line num="3" count="6" type="stmt"/>
        <line num="5" count="6" type="cond" truecount="1" falsecount="0"/>
        <line num="6" count="148" type="stmt"/>
        <line num="14" count="148" type="stmt"/>
        <line num="22" count="148" type="stmt"/>
      </file>
    </package>
    <package name="src.middleware">
      <metrics statements="13" coveredstatements="13" conditionals="4" coveredconditionals="4" methods="3" coveredmethods="3"/>
      <file name="auth.js" path="C:\Users\nwike\relayapp\backend\src\middleware\auth.js">
        <metrics statements="9" coveredstatements="9" conditionals="4" coveredconditionals="4" methods="2" coveredmethods="2"/>
        <line num="1" count="7" type="stmt"/>
        <line num="3" count="7" type="stmt"/>
        <line num="4" count="148" type="stmt"/>
        <line num="6" count="148" type="cond" truecount="2" falsecount="0"/>
        <line num="8" count="147" type="stmt"/>
        <line num="9" count="147" type="cond" truecount="2" falsecount="0"/>
        <line num="10" count="1" type="stmt"/>
        <line num="11" count="146" type="stmt"/>
        <line num="12" count="146" type="stmt"/>
      </file>
      <file name="error.js" path="C:\Users\nwike\relayapp\backend\src\middleware\error.js">
        <metrics statements="4" coveredstatements="4" conditionals="0" coveredconditionals="0" methods="1" coveredmethods="1"/>
        <line num="1" count="7" type="stmt"/>
        <line num="3" count="7" type="stmt"/>
        <line num="4" count="2" type="stmt"/>
        <line num="5" count="2" type="stmt"/>
      </file>
    </package>
    <package name="src.routes">
      <metrics statements="98" coveredstatements="98" conditionals="0" coveredconditionals="0" methods="0" coveredmethods="0"/>
      <file name="authRoute.js" path="C:\Users\nwike\relayapp\backend\src\routes\authRoute.js">
        <metrics statements="11" coveredstatements="11" conditionals="0" coveredconditionals="0" methods="0" coveredmethods="0"/>
        <line num="1" count="6" type="stmt"/>
        <line num="2" count="6" type="stmt"/>
        <line num="3" count="6" type="stmt"/>
        <line num="4" count="6" type="stmt"/>
        <line num="6" count="6" type="stmt"/>
        <line num="8" count="6" type="stmt"/>
        <line num="10" count="6" type="stmt"/>
        <line num="15" count="6" type="stmt"/>
        <line num="21" count="6" type="stmt"/>
        <line num="23" count="6" type="stmt"/>
        <line num="25" count="6" type="stmt"/>
      </file>
      <file name="brandRoute.js" path="C:\Users\nwike\relayapp\backend\src\routes\brandRoute.js">
        <metrics statements="21" coveredstatements="21" conditionals="0" coveredconditionals="0" methods="0" coveredmethods="0"/>
        <line num="1" count="6" type="stmt"/>
        <line num="2" count="6" type="stmt"/>
        <line num="3" count="6" type="stmt"/>
        <line num="4" count="6" type="stmt"/>
        <line num="6" count="6" type="stmt"/>
        <line num="8" count="6" type="stmt"/>
        <line num="10" count="6" type="stmt"/>
        <line num="12" count="6" type="stmt"/>
        <line num="14" count="6" type="stmt"/>
        <line num="16" count="6" type="stmt"/>
        <line num="18" count="6" type="stmt"/>
        <line num="20" count="6" type="stmt"/>
        <line num="22" count="6" type="stmt"/>
        <line num="24" count="6" type="stmt"/>
        <line num="26" count="6" type="stmt"/>
        <line num="32" count="6" type="stmt"/>
        <line num="34" count="6" type="stmt"/>
        <line num="40" count="6" type="stmt"/>
        <line num="42" count="6" type="stmt"/>
        <line num="44" count="6" type="stmt"/>
        <line num="46" count="6" type="stmt"/>
      </file>
      <file name="collectionRoute.js" path="C:\Users\nwike\relayapp\backend\src\routes\collectionRoute.js">
        <metrics statements="16" coveredstatements="16" conditionals="0" coveredconditionals="0" methods="0" coveredmethods="0"/>
        <line num="1" count="6" type="stmt"/>
        <line num="2" count="6" type="stmt"/>
        <line num="3" count="6" type="stmt"/>
        <line num="4" count="6" type="stmt"/>
        <line num="6" count="6" type="stmt"/>
        <line num="8" count="6" type="stmt"/>
        <line num="10" count="6" type="stmt"/>
        <line num="12" count="6" type="stmt"/>
        <line num="18" count="6" type="stmt"/>
        <line num="24" count="6" type="stmt"/>
        <line num="30" count="6" type="stmt"/>
        <line num="36" count="6" type="stmt"/>
        <line num="42" count="6" type="stmt"/>
        <line num="48" count="6" type="stmt"/>
        <line num="50" count="6" type="stmt"/>
        <line num="52" count="6" type="stmt"/>
      </file>
      <file name="itemRoute.js" path="C:\Users\nwike\relayapp\backend\src\routes\itemRoute.js">
        <metrics statements="15" coveredstatements="15" conditionals="0" coveredconditionals="0" methods="0" coveredmethods="0"/>
        <line num="1" count="6" type="stmt"/>
        <line num="2" count="6" type="stmt"/>
        <line num="3" count="6" type="stmt"/>
        <line num="4" count="6" type="stmt"/>
        <line num="6" count="6" type="stmt"/>
        <line num="8" count="6" type="stmt"/>
        <line num="10" count="6" type="stmt"/>
        <line num="12" count="6" type="stmt"/>
        <line num="14" count="6" type="stmt"/>
        <line num="16" count="6" type="stmt"/>
        <line num="18" count="6" type="stmt"/>
        <line num="20" count="6" type="stmt"/>
        <line num="22" count="6" type="stmt"/>
        <line num="24" count="6" type="stmt"/>
        <line num="26" count="6" type="stmt"/>
      </file>
      <file name="styleRoute.js" path="C:\Users\nwike\relayapp\backend\src\routes\styleRoute.js">
        <metrics statements="22" coveredstatements="22" conditionals="0" coveredconditionals="0" methods="0" coveredmethods="0"/>
        <line num="1" count="6" type="stmt"/>
        <line num="2" count="6" type="stmt"/>
        <line num="3" count="6" type="stmt"/>
        <line num="4" count="6" type="stmt"/>
        <line num="6" count="6" type="stmt"/>
        <line num="8" count="6" type="stmt"/>
        <line num="10" count="6" type="stmt"/>
        <line num="12" count="6" type="stmt"/>
        <line num="14" count="6" type="stmt"/>
        <line num="16" count="6" type="stmt"/>
        <line num="22" count="6" type="stmt"/>
        <line num="24" count="6" type="stmt"/>
        <line num="26" count="6" type="stmt"/>
        <line num="28" count="6" type="stmt"/>
        <line num="30" count="6" type="stmt"/>
        <line num="32" count="6" type="stmt"/>
        <line num="34" count="6" type="stmt"/>
        <line num="36" count="6" type="stmt"/>
        <line num="38" count="6" type="stmt"/>
        <line num="40" count="6" type="stmt"/>
        <line num="42" count="6" type="stmt"/>
        <line num="44" count="6" type="stmt"/>
      </file>
      <file name="userRoute.js" path="C:\Users\nwike\relayapp\backend\src\routes\userRoute.js">
        <metrics statements="13" coveredstatements="13" conditionals="0" coveredconditionals="0" methods="0" coveredmethods="0"/>
        <line num="1" count="6" type="stmt"/>
        <line num="2" count="6" type="stmt"/>
        <line num="3" count="6" type="stmt"/>
        <line num="4" count="6" type="stmt"/>
        <line num="6" count="6" type="stmt"/>
        <line num="8" count="6" type="stmt"/>
        <line num="10" count="6" type="stmt"/>
        <line num="12" count="6" type="stmt"/>
        <line num="14" count="6" type="stmt"/>
        <line num="16" count="6" type="stmt"/>
        <line num="18" count="6" type="stmt"/>
        <line num="20" count="6" type="stmt"/>
        <line num="22" count="6" type="stmt"/>
      </file>
    </package>
    <package name="src.startup">
      <metrics statements="36" coveredstatements="36" conditionals="0" coveredconditionals="0" methods="4" coveredmethods="4"/>
      <file name="logging.js" path="C:\Users\nwike\relayapp\backend\src\startup\logging.js">
        <metrics statements="9" coveredstatements="9" conditionals="0" coveredconditionals="0" methods="2" coveredmethods="2"/>
        <line num="1" count="7" type="stmt"/>
        <line num="2" count="7" type="stmt"/>
        <line num="4" count="7" type="stmt"/>
        <line num="14" count="9" type="stmt"/>
        <line num="18" count="9" type="stmt"/>
        <line num="19" count="3" type="stmt"/>
        <line num="20" count="3" type="stmt"/>
        <line num="24" count="7" type="stmt"/>
        <line num="25" count="7" type="stmt"/>
      </file>
      <file name="prod.js" path="C:\Users\nwike\relayapp\backend\src\startup\prod.js">
        <metrics statements="5" coveredstatements="5" conditionals="0" coveredconditionals="0" methods="1" coveredmethods="1"/>
        <line num="1" count="6" type="stmt"/>
        <line num="2" count="6" type="stmt"/>
        <line num="4" count="6" type="stmt"/>
        <line num="5" count="6" type="stmt"/>
        <line num="6" count="6" type="stmt"/>
      </file>
      <file name="routes.js" path="C:\Users\nwike\relayapp\backend\src\startup\routes.js">
        <metrics statements="22" coveredstatements="22" conditionals="0" coveredconditionals="0" methods="1" coveredmethods="1"/>
        <line num="1" count="6" type="stmt"/>
        <line num="2" count="6" type="stmt"/>
        <line num="3" count="6" type="stmt"/>
        <line num="4" count="6" type="stmt"/>
        <line num="5" count="6" type="stmt"/>
        <line num="6" count="6" type="stmt"/>
        <line num="7" count="6" type="stmt"/>
        <line num="8" count="6" type="stmt"/>
        <line num="9" count="6" type="stmt"/>
        <line num="10" count="6" type="stmt"/>
        <line num="12" count="6" type="stmt"/>
        <line num="13" count="6" type="stmt"/>
        <line num="14" count="6" type="stmt"/>
        <line num="15" count="6" type="stmt"/>
        <line num="16" count="6" type="stmt"/>
        <line num="17" count="6" type="stmt"/>
        <line num="18" count="6" type="stmt"/>
        <line num="19" count="6" type="stmt"/>
        <line num="20" count="6" type="stmt"/>
        <line num="21" count="6" type="stmt"/>
        <line num="22" count="6" type="stmt"/>
        <line num="23" count="6" type="stmt"/>
      </file>
    </package>
    <package name="src.utils">
      <metrics statements="25" coveredstatements="23" conditionals="6" coveredconditionals="3" methods="5" coveredmethods="4"/>
      <file name="Mail.js" path="C:\Users\nwike\relayapp\backend\src\utils\Mail.js">
        <metrics statements="25" coveredstatements="23" conditionals="6" coveredconditionals="3" methods="5" coveredmethods="4"/>
        <line num="1" count="6" type="stmt"/>
        <line num="2" count="6" type="stmt"/>
        <line num="3" count="6" type="stmt"/>
        <line num="4" count="6" type="stmt"/>
        <line num="8" count="12" type="stmt"/>
        <line num="9" count="12" type="stmt"/>
        <line num="11" count="12" type="stmt"/>
        <line num="12" count="12" type="stmt"/>
        <line num="13" count="12" type="stmt"/>
        <line num="17" count="148" type="stmt"/>
        <line num="18" count="148" type="stmt"/>
        <line num="23" count="148" type="stmt"/>
        <line num="24" count="148" type="stmt"/>
        <line num="25" count="148" type="stmt"/>
        <line num="29" count="0" type="stmt"/>
        <line num="35" count="148" type="stmt"/>
        <line num="36" count="148" type="stmt"/>
        <line num="37" count="148" type="stmt"/>
        <line num="38" count="148" type="cond" truecount="1" falsecount="1"/>
        <line num="39" count="148" type="cond" truecount="2" falsecount="0"/>
        <line num="43" count="148" type="stmt"/>
        <line num="44" count="148" type="stmt"/>
        <line num="53" count="148" type="stmt"/>
        <line num="55" count="0" type="stmt"/>
        <line num="60" count="6" type="stmt"/>
      </file>
    </package>
  </project>
</coverage>
