{"C:\\Users\\nwike\\relayapp\\backend\\src\\app.js": {"path":"C:\\Users\\nwike\\relayapp\\backend\\src\\app.js","statementMap":{"0":{"start":{"line":1,"column":0},"end":{"line":1,"column":27}},"1":{"start":{"line":2,"column":16},"end":{"line":2,"column":34}},"2":{"start":{"line":3,"column":19},"end":{"line":3,"column":47}},"3":{"start":{"line":4,"column":12},"end":{"line":4,"column":21}},"4":{"start":{"line":6,"column":0},"end":{"line":6,"column":27}},"5":{"start":{"line":7,"column":0},"end":{"line":7,"column":33}},"6":{"start":{"line":8,"column":0},"end":{"line":8,"column":31}},"7":{"start":{"line":10,"column":0},"end":{"line":10,"column":21}},"8":{"start":{"line":12,"column":0},"end":{"line":17,"column":1}},"9":{"start":{"line":13,"column":15},"end":{"line":13,"column":39}},"10":{"start":{"line":14,"column":2},"end":{"line":16,"column":5}},"11":{"start":{"line":15,"column":4},"end":{"line":15,"column":48}}},"fnMap":{"0":{"name":"(anonymous_0)","decl":{"start":{"line":14,"column":19},"end":{"line":14,"column":20}},"loc":{"start":{"line":14,"column":25},"end":{"line":16,"column":3}},"line":14}},"branchMap":{"0":{"loc":{"start":{"line":12,"column":0},"end":{"line":17,"column":1}},"type":"if","locations":[{"start":{"line":12,"column":0},"end":{"line":17,"column":1}},{"start":{},"end":{}}],"line":12},"1":{"loc":{"start":{"line":13,"column":15},"end":{"line":13,"column":39}},"type":"binary-expr","locations":[{"start":{"line":13,"column":15},"end":{"line":13,"column":31}},{"start":{"line":13,"column":35},"end":{"line":13,"column":39}}],"line":13}},"s":{"0":4,"1":4,"2":4,"3":4,"4":4,"5":4,"6":4,"7":4,"8":4,"9":0,"10":0,"11":0},"f":{"0":0},"b":{"0":[0,4],"1":[0,0]},"_coverageSchema":"1a1c01bbd47fc00a2c39e90264f33305004495a9","hash":"5530a4604cc4a42ac93bd2c6e86af4cdd7b6e46f"}
,"C:\\Users\\nwike\\relayapp\\backend\\src\\auth\\passport.js": {"path":"C:\\Users\\nwike\\relayapp\\backend\\src\\auth\\passport.js","statementMap":{"0":{"start":{"line":1,"column":17},"end":{"line":1,"column":36}},"1":{"start":{"line":2,"column":25},"end":{"line":2,"column":62}},"2":{"start":{"line":4,"column":25},"end":{"line":4,"column":50}},"3":{"start":{"line":5,"column":15},"end":{"line":5,"column":44}},"4":{"start":{"line":6,"column":15},"end":{"line":6,"column":34}},"5":{"start":{"line":8,"column":15},"end":{"line":8,"column":33}},"6":{"start":{"line":10,"column":0},"end":{"line":28,"column":2}},"7":{"start":{"line":17,"column":17},"end":{"line":24,"column":6}},"8":{"start":{"line":26,"column":4},"end":{"line":26,"column":26}},"9":{"start":{"line":51,"column":0},"end":{"line":53,"column":3}},"10":{"start":{"line":52,"column":2},"end":{"line":52,"column":19}},"11":{"start":{"line":55,"column":0},"end":{"line":57,"column":3}},"12":{"start":{"line":56,"column":2},"end":{"line":56,"column":18}}},"fnMap":{"0":{"name":"(anonymous_0)","decl":{"start":{"line":11,"column":31},"end":{"line":11,"column":32}},"loc":{"start":{"line":16,"column":4},"end":{"line":27,"column":3}},"line":16},"1":{"name":"(anonymous_1)","decl":{"start":{"line":51,"column":23},"end":{"line":51,"column":24}},"loc":{"start":{"line":51,"column":39},"end":{"line":53,"column":1}},"line":51},"2":{"name":"(anonymous_2)","decl":{"start":{"line":55,"column":25},"end":{"line":55,"column":26}},"loc":{"start":{"line":55,"column":40},"end":{"line":57,"column":1}},"line":55}},"branchMap":{},"s":{"0":4,"1":4,"2":4,"3":4,"4":4,"5":4,"6":4,"7":0,"8":0,"9":4,"10":0,"11":4,"12":0},"f":{"0":0,"1":0,"2":0},"b":{},"_coverageSchema":"1a1c01bbd47fc00a2c39e90264f33305004495a9","hash":"ee923edce6a55744ac60213f8953d33c865def3c"}
,"C:\\Users\\nwike\\relayapp\\backend\\src\\config\\facebook.js": {"path":"C:\\Users\\nwike\\relayapp\\backend\\src\\config\\facebook.js","statementMap":{"0":{"start":{"line":1,"column":0},"end":{"line":5,"column":2}}},"fnMap":{},"branchMap":{},"s":{"0":4},"f":{},"b":{},"_coverageSchema":"1a1c01bbd47fc00a2c39e90264f33305004495a9","hash":"7aea74b3c0d3abc9172aa978fbc4feb0904ec98c"}
,"C:\\Users\\nwike\\relayapp\\backend\\src\\config\\mailconf.js": {"path":"C:\\Users\\nwike\\relayapp\\backend\\src\\config\\mailconf.js","statementMap":{"0":{"start":{"line":1,"column":13},"end":{"line":1,"column":37}},"1":{"start":{"line":3,"column":13},"end":{"line":3,"column":23}},"2":{"start":{"line":5,"column":0},"end":{"line":7,"column":2}}},"fnMap":{},"branchMap":{},"s":{"0":4,"1":4,"2":4},"f":{},"b":{},"_coverageSchema":"1a1c01bbd47fc00a2c39e90264f33305004495a9","hash":"29740d6f9ca8c136e05ff3f16348b2b7d547e8c3"}
,"C:\\Users\\nwike\\relayapp\\backend\\src\\functions\\mail.js": {"path":"C:\\Users\\nwike\\relayapp\\backend\\src\\functions\\mail.js","statementMap":{"0":{"start":{"line":1,"column":13},"end":{"line":1,"column":37}},"1":{"start":{"line":3,"column":13},"end":{"line":3,"column":23}},"2":{"start":{"line":5,"column":0},"end":{"line":23,"column":2}},"3":{"start":{"line":6,"column":15},"end":{"line":12,"column":3}},"4":{"start":{"line":14,"column":2},"end":{"line":20,"column":5}},"5":{"start":{"line":22,"column":2},"end":{"line":22,"column":50}}},"fnMap":{"0":{"name":"(anonymous_0)","decl":{"start":{"line":5,"column":17},"end":{"line":5,"column":18}},"loc":{"start":{"line":5,"column":54},"end":{"line":23,"column":1}},"line":5}},"branchMap":{"0":{"loc":{"start":{"line":5,"column":40},"end":{"line":5,"column":49}},"type":"default-arg","locations":[{"start":{"line":5,"column":47},"end":{"line":5,"column":49}}],"line":5}},"s":{"0":4,"1":4,"2":4,"3":96,"4":96,"5":96},"f":{"0":96},"b":{"0":[96]},"_coverageSchema":"1a1c01bbd47fc00a2c39e90264f33305004495a9","hash":"fbb8ee8fbf9ea046687561273e12c3d9a455a69d"}
,"C:\\Users\\nwike\\relayapp\\backend\\src\\middleware\\auth.js": {"path":"C:\\Users\\nwike\\relayapp\\backend\\src\\middleware\\auth.js","statementMap":{"0":{"start":{"line":1,"column":12},"end":{"line":1,"column":35}},"1":{"start":{"line":3,"column":0},"end":{"line":14,"column":2}},"2":{"start":{"line":4,"column":16},"end":{"line":4,"column":59}},"3":{"start":{"line":6,"column":2},"end":{"line":6,"column":70}},"4":{"start":{"line":6,"column":14},"end":{"line":6,"column":70}},"5":{"start":{"line":8,"column":2},"end":{"line":13,"column":5}},"6":{"start":{"line":9,"column":4},"end":{"line":10,"column":76}},"7":{"start":{"line":10,"column":6},"end":{"line":10,"column":76}},"8":{"start":{"line":11,"column":4},"end":{"line":11,"column":20}},"9":{"start":{"line":12,"column":4},"end":{"line":12,"column":11}}},"fnMap":{"0":{"name":"(anonymous_0)","decl":{"start":{"line":3,"column":17},"end":{"line":3,"column":18}},"loc":{"start":{"line":3,"column":37},"end":{"line":14,"column":1}},"line":3},"1":{"name":"(anonymous_1)","decl":{"start":{"line":8,"column":44},"end":{"line":8,"column":45}},"loc":{"start":{"line":8,"column":59},"end":{"line":13,"column":3}},"line":8}},"branchMap":{"0":{"loc":{"start":{"line":6,"column":2},"end":{"line":6,"column":70}},"type":"if","locations":[{"start":{"line":6,"column":2},"end":{"line":6,"column":70}},{"start":{},"end":{}}],"line":6},"1":{"loc":{"start":{"line":9,"column":4},"end":{"line":10,"column":76}},"type":"if","locations":[{"start":{"line":9,"column":4},"end":{"line":10,"column":76}},{"start":{},"end":{}}],"line":9}},"s":{"0":5,"1":5,"2":96,"3":96,"4":1,"5":95,"6":95,"7":1,"8":94,"9":94},"f":{"0":96,"1":95},"b":{"0":[1,95],"1":[1,94]},"_coverageSchema":"1a1c01bbd47fc00a2c39e90264f33305004495a9","hash":"4b819c3aab752ed198aae539d1ab2447f78cb426"}
,"C:\\Users\\nwike\\relayapp\\backend\\src\\middleware\\error.js": {"path":"C:\\Users\\nwike\\relayapp\\backend\\src\\middleware\\error.js","statementMap":{"0":{"start":{"line":1,"column":16},"end":{"line":1,"column":34}},"1":{"start":{"line":3,"column":0},"end":{"line":6,"column":2}},"2":{"start":{"line":4,"column":2},"end":{"line":4,"column":34}},"3":{"start":{"line":5,"column":2},"end":{"line":5,"column":49}}},"fnMap":{"0":{"name":"(anonymous_0)","decl":{"start":{"line":3,"column":17},"end":{"line":3,"column":18}},"loc":{"start":{"line":3,"column":48},"end":{"line":6,"column":1}},"line":3}},"branchMap":{},"s":{"0":5,"1":5,"2":1,"3":1},"f":{"0":1},"b":{},"_coverageSchema":"1a1c01bbd47fc00a2c39e90264f33305004495a9","hash":"e65982aacc3f23f19376072109de29fcab3d35d7"}
,"C:\\Users\\nwike\\relayapp\\backend\\src\\routes\\authRoute.js": {"path":"C:\\Users\\nwike\\relayapp\\backend\\src\\routes\\authRoute.js","statementMap":{"0":{"start":{"line":1,"column":16},"end":{"line":1,"column":34}},"1":{"start":{"line":2,"column":17},"end":{"line":2,"column":36}},"2":{"start":{"line":3,"column":12},"end":{"line":3,"column":35}},"3":{"start":{"line":4,"column":25},"end":{"line":4,"column":50}},"4":{"start":{"line":5,"column":12},"end":{"line":5,"column":48}},"5":{"start":{"line":6,"column":13},"end":{"line":6,"column":41}},"6":{"start":{"line":7,"column":17},"end":{"line":7,"column":46}},"7":{"start":{"line":8,"column":15},"end":{"line":8,"column":34}},"8":{"start":{"line":9,"column":10},"end":{"line":9,"column":27}},"9":{"start":{"line":10,"column":15},"end":{"line":10,"column":31}},"10":{"start":{"line":12,"column":15},"end":{"line":12,"column":33}},"11":{"start":{"line":14,"column":0},"end":{"line":51,"column":3}},"12":{"start":{"line":15,"column":28},"end":{"line":15,"column":36}},"13":{"start":{"line":17,"column":2},"end":{"line":18,"column":74}},"14":{"start":{"line":18,"column":4},"end":{"line":18,"column":74}},"15":{"start":{"line":20,"column":13},"end":{"line":20,"column":63}},"16":{"start":{"line":22,"column":2},"end":{"line":22,"column":74}},"17":{"start":{"line":22,"column":12},"end":{"line":22,"column":74}},"18":{"start":{"line":24,"column":15},"end":{"line":24,"column":39}},"19":{"start":{"line":25,"column":2},"end":{"line":25,"column":47}},"20":{"start":{"line":27,"column":15},"end":{"line":27,"column":48}},"21":{"start":{"line":29,"column":2},"end":{"line":35,"column":5}},"22":{"start":{"line":37,"column":2},"end":{"line":37,"column":45}},"23":{"start":{"line":38,"column":2},"end":{"line":38,"column":46}},"24":{"start":{"line":40,"column":16},"end":{"line":48,"column":3}},"25":{"start":{"line":50,"column":2},"end":{"line":50,"column":34}},"26":{"start":{"line":53,"column":0},"end":{"line":81,"column":3}},"27":{"start":{"line":54,"column":30},"end":{"line":54,"column":38}},"28":{"start":{"line":56,"column":2},"end":{"line":57,"column":74}},"29":{"start":{"line":57,"column":4},"end":{"line":57,"column":74}},"30":{"start":{"line":59,"column":15},"end":{"line":63,"column":4}},"31":{"start":{"line":65,"column":2},"end":{"line":65,"column":70}},"32":{"start":{"line":65,"column":13},"end":{"line":65,"column":70}},"33":{"start":{"line":67,"column":24},"end":{"line":67,"column":69}},"34":{"start":{"line":69,"column":2},"end":{"line":70,"column":63}},"35":{"start":{"line":70,"column":4},"end":{"line":70,"column":63}},"36":{"start":{"line":71,"column":16},"end":{"line":79,"column":3}},"37":{"start":{"line":80,"column":2},"end":{"line":80,"column":22}},"38":{"start":{"line":83,"column":0},"end":{"line":86,"column":2}},"39":{"start":{"line":88,"column":0},"end":{"line":104,"column":2}},"40":{"start":{"line":92,"column":18},"end":{"line":100,"column":5}},"41":{"start":{"line":102,"column":4},"end":{"line":102,"column":24}},"42":{"start":{"line":106,"column":0},"end":{"line":135,"column":3}},"43":{"start":{"line":107,"column":18},"end":{"line":107,"column":26}},"44":{"start":{"line":109,"column":2},"end":{"line":109,"column":71}},"45":{"start":{"line":109,"column":14},"end":{"line":109,"column":71}},"46":{"start":{"line":111,"column":15},"end":{"line":114,"column":4}},"47":{"start":{"line":116,"column":2},"end":{"line":116,"column":70}},"48":{"start":{"line":116,"column":13},"end":{"line":116,"column":70}},"49":{"start":{"line":118,"column":2},"end":{"line":121,"column":5}},"50":{"start":{"line":123,"column":15},"end":{"line":123,"column":39}},"51":{"start":{"line":124,"column":16},"end":{"line":124,"column":31}},"52":{"start":{"line":126,"column":16},"end":{"line":132,"column":4}},"53":{"start":{"line":134,"column":2},"end":{"line":134,"column":34}},"54":{"start":{"line":137,"column":0},"end":{"line":178,"column":3}},"55":{"start":{"line":138,"column":18},"end":{"line":138,"column":28}},"56":{"start":{"line":139,"column":21},"end":{"line":139,"column":29}},"57":{"start":{"line":141,"column":2},"end":{"line":142,"column":74}},"58":{"start":{"line":142,"column":4},"end":{"line":142,"column":74}},"59":{"start":{"line":144,"column":16},"end":{"line":147,"column":4}},"60":{"start":{"line":149,"column":2},"end":{"line":149,"column":70}},"61":{"start":{"line":149,"column":14},"end":{"line":149,"column":70}},"62":{"start":{"line":151,"column":2},"end":{"line":152,"column":60}},"63":{"start":{"line":152,"column":4},"end":{"line":152,"column":60}},"64":{"start":{"line":154,"column":15},"end":{"line":154,"column":39}},"65":{"start":{"line":155,"column":2},"end":{"line":155,"column":47}},"66":{"start":{"line":157,"column":2},"end":{"line":160,"column":5}},"67":{"start":{"line":162,"column":2},"end":{"line":165,"column":5}},"68":{"start":{"line":167,"column":2},"end":{"line":175,"column":4}},"69":{"start":{"line":177,"column":2},"end":{"line":177,"column":34}},"70":{"start":{"line":180,"column":0},"end":{"line":180,"column":24}}},"fnMap":{"0":{"name":"(anonymous_0)","decl":{"start":{"line":14,"column":23},"end":{"line":14,"column":24}},"loc":{"start":{"line":14,"column":43},"end":{"line":51,"column":1}},"line":14},"1":{"name":"(anonymous_1)","decl":{"start":{"line":53,"column":23},"end":{"line":53,"column":24}},"loc":{"start":{"line":53,"column":43},"end":{"line":81,"column":1}},"line":53},"2":{"name":"(anonymous_2)","decl":{"start":{"line":91,"column":2},"end":{"line":91,"column":3}},"loc":{"start":{"line":91,"column":16},"end":{"line":103,"column":3}},"line":91},"3":{"name":"(anonymous_3)","decl":{"start":{"line":106,"column":22},"end":{"line":106,"column":23}},"loc":{"start":{"line":106,"column":42},"end":{"line":135,"column":1}},"line":106},"4":{"name":"(anonymous_4)","decl":{"start":{"line":137,"column":29},"end":{"line":137,"column":30}},"loc":{"start":{"line":137,"column":49},"end":{"line":178,"column":1}},"line":137}},"branchMap":{"0":{"loc":{"start":{"line":17,"column":2},"end":{"line":18,"column":74}},"type":"if","locations":[{"start":{"line":17,"column":2},"end":{"line":18,"column":74}},{"start":{},"end":{}}],"line":17},"1":{"loc":{"start":{"line":17,"column":6},"end":{"line":17,"column":25}},"type":"binary-expr","locations":[{"start":{"line":17,"column":6},"end":{"line":17,"column":12}},{"start":{"line":17,"column":16},"end":{"line":17,"column":25}}],"line":17},"2":{"loc":{"start":{"line":22,"column":2},"end":{"line":22,"column":74}},"type":"if","locations":[{"start":{"line":22,"column":2},"end":{"line":22,"column":74}},{"start":{},"end":{}}],"line":22},"3":{"loc":{"start":{"line":56,"column":2},"end":{"line":57,"column":74}},"type":"if","locations":[{"start":{"line":56,"column":2},"end":{"line":57,"column":74}},{"start":{},"end":{}}],"line":56},"4":{"loc":{"start":{"line":56,"column":6},"end":{"line":56,"column":25}},"type":"binary-expr","locations":[{"start":{"line":56,"column":6},"end":{"line":56,"column":12}},{"start":{"line":56,"column":16},"end":{"line":56,"column":25}}],"line":56},"5":{"loc":{"start":{"line":65,"column":2},"end":{"line":65,"column":70}},"type":"if","locations":[{"start":{"line":65,"column":2},"end":{"line":65,"column":70}},{"start":{},"end":{}}],"line":65},"6":{"loc":{"start":{"line":69,"column":2},"end":{"line":70,"column":63}},"type":"if","locations":[{"start":{"line":69,"column":2},"end":{"line":70,"column":63}},{"start":{},"end":{}}],"line":69},"7":{"loc":{"start":{"line":96,"column":15},"end":{"line":96,"column":68}},"type":"binary-expr","locations":[{"start":{"line":96,"column":16},"end":{"line":96,"column":31}},{"start":{"line":96,"column":35},"end":{"line":96,"column":59}},{"start":{"line":96,"column":64},"end":{"line":96,"column":68}}],"line":96},"8":{"loc":{"start":{"line":109,"column":2},"end":{"line":109,"column":71}},"type":"if","locations":[{"start":{"line":109,"column":2},"end":{"line":109,"column":71}},{"start":{},"end":{}}],"line":109},"9":{"loc":{"start":{"line":116,"column":2},"end":{"line":116,"column":70}},"type":"if","locations":[{"start":{"line":116,"column":2},"end":{"line":116,"column":70}},{"start":{},"end":{}}],"line":116},"10":{"loc":{"start":{"line":141,"column":2},"end":{"line":142,"column":74}},"type":"if","locations":[{"start":{"line":141,"column":2},"end":{"line":142,"column":74}},{"start":{},"end":{}}],"line":141},"11":{"loc":{"start":{"line":141,"column":6},"end":{"line":141,"column":25}},"type":"binary-expr","locations":[{"start":{"line":141,"column":6},"end":{"line":141,"column":12}},{"start":{"line":141,"column":16},"end":{"line":141,"column":25}}],"line":141},"12":{"loc":{"start":{"line":149,"column":2},"end":{"line":149,"column":70}},"type":"if","locations":[{"start":{"line":149,"column":2},"end":{"line":149,"column":70}},{"start":{},"end":{}}],"line":149},"13":{"loc":{"start":{"line":151,"column":2},"end":{"line":152,"column":60}},"type":"if","locations":[{"start":{"line":151,"column":2},"end":{"line":152,"column":60}},{"start":{},"end":{}}],"line":151}},"s":{"0":4,"1":4,"2":4,"3":4,"4":4,"5":4,"6":4,"7":4,"8":4,"9":4,"10":4,"11":4,"12":99,"13":99,"14":2,"15":97,"16":97,"17":1,"18":96,"19":96,"20":96,"21":96,"22":96,"23":96,"24":96,"25":96,"26":4,"27":3,"28":3,"29":0,"30":3,"31":3,"32":1,"33":2,"34":2,"35":1,"36":1,"37":1,"38":4,"39":4,"40":0,"41":0,"42":4,"43":3,"44":3,"45":1,"46":2,"47":2,"48":1,"49":1,"50":1,"51":1,"52":1,"53":1,"54":4,"55":3,"56":3,"57":3,"58":1,"59":2,"60":2,"61":2,"62":0,"63":0,"64":0,"65":0,"66":0,"67":0,"68":0,"69":0,"70":4},"f":{"0":99,"1":3,"2":0,"3":3,"4":3},"b":{"0":[2,97],"1":[99,97],"2":[1,96],"3":[0,3],"4":[3,3],"5":[1,2],"6":[1,1],"7":[0,0,0],"8":[1,2],"9":[1,1],"10":[1,2],"11":[3,3],"12":[2,0],"13":[0,0]},"_coverageSchema":"1a1c01bbd47fc00a2c39e90264f33305004495a9","hash":"7ff98128c6f522b6f413862c7d6bdb809522faec"}
,"C:\\Users\\nwike\\relayapp\\backend\\src\\routes\\brandRoute.js": {"path":"C:\\Users\\nwike\\relayapp\\backend\\src\\routes\\brandRoute.js","statementMap":{"0":{"start":{"line":1,"column":16},"end":{"line":1,"column":34}},"1":{"start":{"line":2,"column":13},"end":{"line":2,"column":42}},"2":{"start":{"line":3,"column":25},"end":{"line":3,"column":50}},"3":{"start":{"line":4,"column":15},"end":{"line":4,"column":31}},"4":{"start":{"line":6,"column":15},"end":{"line":6,"column":33}},"5":{"start":{"line":8,"column":0},"end":{"line":98,"column":3}},"6":{"start":{"line":9,"column":36},"end":{"line":9,"column":44}},"7":{"start":{"line":11,"column":2},"end":{"line":11,"column":72}},"8":{"start":{"line":11,"column":13},"end":{"line":11,"column":72}},"9":{"start":{"line":13,"column":2},"end":{"line":16,"column":36}},"10":{"start":{"line":18,"column":2},"end":{"line":18,"column":48}},"11":{"start":{"line":18,"column":13},"end":{"line":18,"column":48}},"12":{"start":{"line":20,"column":2},"end":{"line":21,"column":68}},"13":{"start":{"line":21,"column":4},"end":{"line":21,"column":68}},"14":{"start":{"line":23,"column":2},"end":{"line":29,"column":6}},"15":{"start":{"line":24,"column":4},"end":{"line":29,"column":6}},"16":{"start":{"line":25,"column":6},"end":{"line":28,"column":37}},"17":{"start":{"line":31,"column":2},"end":{"line":35,"column":5}},"18":{"start":{"line":37,"column":2},"end":{"line":40,"column":63}},"19":{"start":{"line":38,"column":4},"end":{"line":40,"column":63}},"20":{"start":{"line":42,"column":2},"end":{"line":42,"column":36}},"21":{"start":{"line":44,"column":14},"end":{"line":49,"column":4}},"22":{"start":{"line":51,"column":2},"end":{"line":51,"column":76}},"23":{"start":{"line":51,"column":13},"end":{"line":51,"column":76}},"24":{"start":{"line":53,"column":2},"end":{"line":60,"column":5}},"25":{"start":{"line":62,"column":2},"end":{"line":62,"column":53}},"26":{"start":{"line":64,"column":2},"end":{"line":95,"column":5}},"27":{"start":{"line":81,"column":48},"end":{"line":84,"column":13}},"28":{"start":{"line":97,"column":2},"end":{"line":97,"column":34}},"29":{"start":{"line":100,"column":0},"end":{"line":119,"column":3}},"30":{"start":{"line":101,"column":17},"end":{"line":113,"column":4}},"31":{"start":{"line":115,"column":2},"end":{"line":116,"column":61}},"32":{"start":{"line":116,"column":4},"end":{"line":116,"column":61}},"33":{"start":{"line":118,"column":2},"end":{"line":118,"column":35}},"34":{"start":{"line":121,"column":0},"end":{"line":142,"column":3}},"35":{"start":{"line":122,"column":16},"end":{"line":137,"column":4}},"36":{"start":{"line":139,"column":2},"end":{"line":139,"column":72}},"37":{"start":{"line":139,"column":14},"end":{"line":139,"column":72}},"38":{"start":{"line":141,"column":2},"end":{"line":141,"column":34}},"39":{"start":{"line":144,"column":0},"end":{"line":230,"column":3}},"40":{"start":{"line":145,"column":49},"end":{"line":145,"column":57}},"41":{"start":{"line":147,"column":2},"end":{"line":150,"column":36}},"42":{"start":{"line":152,"column":14},"end":{"line":154,"column":4}},"43":{"start":{"line":156,"column":2},"end":{"line":156,"column":72}},"44":{"start":{"line":156,"column":14},"end":{"line":156,"column":72}},"45":{"start":{"line":158,"column":2},"end":{"line":159,"column":68}},"46":{"start":{"line":159,"column":4},"end":{"line":159,"column":68}},"47":{"start":{"line":161,"column":2},"end":{"line":167,"column":6}},"48":{"start":{"line":162,"column":4},"end":{"line":167,"column":6}},"49":{"start":{"line":163,"column":6},"end":{"line":166,"column":37}},"50":{"start":{"line":169,"column":2},"end":{"line":169,"column":73}},"51":{"start":{"line":171,"column":2},"end":{"line":171,"column":28}},"52":{"start":{"line":172,"column":2},"end":{"line":172,"column":49}},"53":{"start":{"line":173,"column":2},"end":{"line":173,"column":30}},"54":{"start":{"line":175,"column":2},"end":{"line":182,"column":5}},"55":{"start":{"line":184,"column":2},"end":{"line":184,"column":76}},"56":{"start":{"line":184,"column":14},"end":{"line":184,"column":76}},"57":{"start":{"line":186,"column":2},"end":{"line":186,"column":19}},"58":{"start":{"line":188,"column":2},"end":{"line":227,"column":5}},"59":{"start":{"line":210,"column":48},"end":{"line":213,"column":13}},"60":{"start":{"line":229,"column":2},"end":{"line":229,"column":34}},"61":{"start":{"line":232,"column":0},"end":{"line":270,"column":3}},"62":{"start":{"line":233,"column":16},"end":{"line":240,"column":4}},"63":{"start":{"line":242,"column":2},"end":{"line":242,"column":72}},"64":{"start":{"line":242,"column":14},"end":{"line":242,"column":72}},"65":{"start":{"line":244,"column":19},"end":{"line":267,"column":4}},"66":{"start":{"line":269,"column":2},"end":{"line":269,"column":37}},"67":{"start":{"line":272,"column":0},"end":{"line":301,"column":3}},"68":{"start":{"line":273,"column":16},"end":{"line":277,"column":4}},"69":{"start":{"line":279,"column":2},"end":{"line":279,"column":72}},"70":{"start":{"line":279,"column":14},"end":{"line":279,"column":72}},"71":{"start":{"line":281,"column":17},"end":{"line":286,"column":4}},"72":{"start":{"line":288,"column":2},"end":{"line":289,"column":69}},"73":{"start":{"line":289,"column":4},"end":{"line":289,"column":69}},"74":{"start":{"line":291,"column":2},"end":{"line":298,"column":5}},"75":{"start":{"line":300,"column":2},"end":{"line":300,"column":24}},"76":{"start":{"line":303,"column":0},"end":{"line":335,"column":3}},"77":{"start":{"line":304,"column":16},"end":{"line":308,"column":4}},"78":{"start":{"line":310,"column":2},"end":{"line":310,"column":72}},"79":{"start":{"line":310,"column":14},"end":{"line":310,"column":72}},"80":{"start":{"line":312,"column":17},"end":{"line":332,"column":4}},"81":{"start":{"line":334,"column":2},"end":{"line":334,"column":35}},"82":{"start":{"line":337,"column":0},"end":{"line":369,"column":3}},"83":{"start":{"line":338,"column":16},"end":{"line":342,"column":4}},"84":{"start":{"line":344,"column":2},"end":{"line":344,"column":72}},"85":{"start":{"line":344,"column":14},"end":{"line":344,"column":72}},"86":{"start":{"line":346,"column":19},"end":{"line":366,"column":4}},"87":{"start":{"line":368,"column":2},"end":{"line":368,"column":37}},"88":{"start":{"line":371,"column":0},"end":{"line":396,"column":3}},"89":{"start":{"line":372,"column":16},"end":{"line":376,"column":4}},"90":{"start":{"line":378,"column":2},"end":{"line":378,"column":72}},"91":{"start":{"line":378,"column":14},"end":{"line":378,"column":72}},"92":{"start":{"line":380,"column":15},"end":{"line":385,"column":4}},"93":{"start":{"line":387,"column":2},"end":{"line":387,"column":71}},"94":{"start":{"line":387,"column":13},"end":{"line":387,"column":71}},"95":{"start":{"line":389,"column":2},"end":{"line":393,"column":5}},"96":{"start":{"line":395,"column":2},"end":{"line":395,"column":24}},"97":{"start":{"line":398,"column":0},"end":{"line":439,"column":3}},"98":{"start":{"line":399,"column":16},"end":{"line":406,"column":4}},"99":{"start":{"line":408,"column":2},"end":{"line":408,"column":72}},"100":{"start":{"line":408,"column":14},"end":{"line":408,"column":72}},"101":{"start":{"line":410,"column":21},"end":{"line":415,"column":4}},"102":{"start":{"line":417,"column":2},"end":{"line":418,"column":65}},"103":{"start":{"line":418,"column":4},"end":{"line":418,"column":65}},"104":{"start":{"line":420,"column":2},"end":{"line":436,"column":5}},"105":{"start":{"line":438,"column":2},"end":{"line":438,"column":41}},"106":{"start":{"line":441,"column":0},"end":{"line":469,"column":3}},"107":{"start":{"line":442,"column":16},"end":{"line":449,"column":4}},"108":{"start":{"line":451,"column":2},"end":{"line":451,"column":72}},"109":{"start":{"line":451,"column":14},"end":{"line":451,"column":72}},"110":{"start":{"line":453,"column":23},"end":{"line":458,"column":4}},"111":{"start":{"line":460,"column":2},"end":{"line":460,"column":78}},"112":{"start":{"line":460,"column":21},"end":{"line":460,"column":78}},"113":{"start":{"line":462,"column":2},"end":{"line":466,"column":5}},"114":{"start":{"line":468,"column":2},"end":{"line":468,"column":24}},"115":{"start":{"line":471,"column":0},"end":{"line":517,"column":3}},"116":{"start":{"line":472,"column":26},"end":{"line":472,"column":34}},"117":{"start":{"line":474,"column":16},"end":{"line":476,"column":4}},"118":{"start":{"line":478,"column":2},"end":{"line":478,"column":72}},"119":{"start":{"line":478,"column":14},"end":{"line":478,"column":72}},"120":{"start":{"line":480,"column":2},"end":{"line":481,"column":63}},"121":{"start":{"line":481,"column":4},"end":{"line":481,"column":63}},"122":{"start":{"line":483,"column":2},"end":{"line":484,"column":68}},"123":{"start":{"line":484,"column":4},"end":{"line":484,"column":68}},"124":{"start":{"line":486,"column":2},"end":{"line":491,"column":4}},"125":{"start":{"line":487,"column":4},"end":{"line":490,"column":35}},"126":{"start":{"line":493,"column":15},"end":{"line":493,"column":22}},"127":{"start":{"line":495,"column":18},"end":{"line":514,"column":4}},"128":{"start":{"line":500,"column":46},"end":{"line":503,"column":11}},"129":{"start":{"line":516,"column":2},"end":{"line":516,"column":36}},"130":{"start":{"line":519,"column":0},"end":{"line":566,"column":3}},"131":{"start":{"line":520,"column":26},"end":{"line":520,"column":34}},"132":{"start":{"line":522,"column":14},"end":{"line":524,"column":4}},"133":{"start":{"line":526,"column":2},"end":{"line":526,"column":72}},"134":{"start":{"line":526,"column":14},"end":{"line":526,"column":72}},"135":{"start":{"line":528,"column":2},"end":{"line":529,"column":63}},"136":{"start":{"line":529,"column":4},"end":{"line":529,"column":63}},"137":{"start":{"line":531,"column":2},"end":{"line":532,"column":68}},"138":{"start":{"line":532,"column":4},"end":{"line":532,"column":68}},"139":{"start":{"line":534,"column":2},"end":{"line":539,"column":4}},"140":{"start":{"line":535,"column":4},"end":{"line":538,"column":35}},"141":{"start":{"line":541,"column":16},"end":{"line":543,"column":4}},"142":{"start":{"line":545,"column":2},"end":{"line":545,"column":76}},"143":{"start":{"line":545,"column":16},"end":{"line":545,"column":76}},"144":{"start":{"line":547,"column":2},"end":{"line":563,"column":5}},"145":{"start":{"line":552,"column":46},"end":{"line":555,"column":11}},"146":{"start":{"line":565,"column":2},"end":{"line":565,"column":36}},"147":{"start":{"line":568,"column":0},"end":{"line":584,"column":3}},"148":{"start":{"line":569,"column":16},"end":{"line":573,"column":4}},"149":{"start":{"line":575,"column":2},"end":{"line":575,"column":71}},"150":{"start":{"line":575,"column":14},"end":{"line":575,"column":71}},"151":{"start":{"line":577,"column":19},"end":{"line":581,"column":4}},"152":{"start":{"line":583,"column":2},"end":{"line":583,"column":37}},"153":{"start":{"line":586,"column":0},"end":{"line":600,"column":3}},"154":{"start":{"line":587,"column":16},"end":{"line":591,"column":4}},"155":{"start":{"line":593,"column":2},"end":{"line":593,"column":76}},"156":{"start":{"line":593,"column":16},"end":{"line":593,"column":76}},"157":{"start":{"line":595,"column":2},"end":{"line":597,"column":5}},"158":{"start":{"line":599,"column":2},"end":{"line":599,"column":24}},"159":{"start":{"line":602,"column":0},"end":{"line":621,"column":3}},"160":{"start":{"line":603,"column":14},"end":{"line":610,"column":4}},"161":{"start":{"line":612,"column":2},"end":{"line":612,"column":72}},"162":{"start":{"line":612,"column":14},"end":{"line":612,"column":72}},"163":{"start":{"line":614,"column":2},"end":{"line":618,"column":5}},"164":{"start":{"line":620,"column":2},"end":{"line":620,"column":24}},"165":{"start":{"line":623,"column":0},"end":{"line":623,"column":24}}},"fnMap":{"0":{"name":"(anonymous_0)","decl":{"start":{"line":8,"column":25},"end":{"line":8,"column":26}},"loc":{"start":{"line":8,"column":45},"end":{"line":98,"column":1}},"line":8},"1":{"name":"(anonymous_1)","decl":{"start":{"line":24,"column":20},"end":{"line":24,"column":21}},"loc":{"start":{"line":25,"column":6},"end":{"line":28,"column":37}},"line":25},"2":{"name":"(anonymous_2)","decl":{"start":{"line":81,"column":38},"end":{"line":81,"column":39}},"loc":{"start":{"line":81,"column":48},"end":{"line":84,"column":13}},"line":81},"3":{"name":"(anonymous_3)","decl":{"start":{"line":100,"column":24},"end":{"line":100,"column":25}},"loc":{"start":{"line":100,"column":44},"end":{"line":119,"column":1}},"line":100},"4":{"name":"(anonymous_4)","decl":{"start":{"line":121,"column":30},"end":{"line":121,"column":31}},"loc":{"start":{"line":121,"column":50},"end":{"line":142,"column":1}},"line":121},"5":{"name":"(anonymous_5)","decl":{"start":{"line":144,"column":32},"end":{"line":144,"column":33}},"loc":{"start":{"line":144,"column":52},"end":{"line":230,"column":1}},"line":144},"6":{"name":"(anonymous_6)","decl":{"start":{"line":162,"column":20},"end":{"line":162,"column":21}},"loc":{"start":{"line":163,"column":6},"end":{"line":166,"column":37}},"line":163},"7":{"name":"(anonymous_7)","decl":{"start":{"line":210,"column":38},"end":{"line":210,"column":39}},"loc":{"start":{"line":210,"column":48},"end":{"line":213,"column":13}},"line":210},"8":{"name":"(anonymous_8)","decl":{"start":{"line":232,"column":40},"end":{"line":232,"column":41}},"loc":{"start":{"line":232,"column":60},"end":{"line":270,"column":1}},"line":232},"9":{"name":"(anonymous_9)","decl":{"start":{"line":272,"column":44},"end":{"line":272,"column":45}},"loc":{"start":{"line":272,"column":64},"end":{"line":301,"column":1}},"line":272},"10":{"name":"(anonymous_10)","decl":{"start":{"line":303,"column":37},"end":{"line":303,"column":38}},"loc":{"start":{"line":303,"column":57},"end":{"line":335,"column":1}},"line":303},"11":{"name":"(anonymous_11)","decl":{"start":{"line":337,"column":39},"end":{"line":337,"column":40}},"loc":{"start":{"line":337,"column":59},"end":{"line":369,"column":1}},"line":337},"12":{"name":"(anonymous_12)","decl":{"start":{"line":371,"column":40},"end":{"line":371,"column":41}},"loc":{"start":{"line":371,"column":60},"end":{"line":396,"column":1}},"line":371},"13":{"name":"(anonymous_13)","decl":{"start":{"line":398,"column":41},"end":{"line":398,"column":42}},"loc":{"start":{"line":398,"column":61},"end":{"line":439,"column":1}},"line":398},"14":{"name":"(anonymous_14)","decl":{"start":{"line":441,"column":45},"end":{"line":441,"column":46}},"loc":{"start":{"line":441,"column":65},"end":{"line":469,"column":1}},"line":441},"15":{"name":"(anonymous_15)","decl":{"start":{"line":471,"column":39},"end":{"line":471,"column":40}},"loc":{"start":{"line":471,"column":59},"end":{"line":517,"column":1}},"line":471},"16":{"name":"(anonymous_16)","decl":{"start":{"line":486,"column":18},"end":{"line":486,"column":19}},"loc":{"start":{"line":487,"column":4},"end":{"line":490,"column":35}},"line":487},"17":{"name":"(anonymous_17)","decl":{"start":{"line":500,"column":36},"end":{"line":500,"column":37}},"loc":{"start":{"line":500,"column":46},"end":{"line":503,"column":11}},"line":500},"18":{"name":"(anonymous_18)","decl":{"start":{"line":519,"column":48},"end":{"line":519,"column":49}},"loc":{"start":{"line":519,"column":68},"end":{"line":566,"column":1}},"line":519},"19":{"name":"(anonymous_19)","decl":{"start":{"line":534,"column":18},"end":{"line":534,"column":19}},"loc":{"start":{"line":535,"column":4},"end":{"line":538,"column":35}},"line":535},"20":{"name":"(anonymous_20)","decl":{"start":{"line":552,"column":36},"end":{"line":552,"column":37}},"loc":{"start":{"line":552,"column":46},"end":{"line":555,"column":11}},"line":552},"21":{"name":"(anonymous_21)","decl":{"start":{"line":568,"column":39},"end":{"line":568,"column":40}},"loc":{"start":{"line":568,"column":59},"end":{"line":584,"column":1}},"line":568},"22":{"name":"(anonymous_22)","decl":{"start":{"line":586,"column":43},"end":{"line":586,"column":44}},"loc":{"start":{"line":586,"column":63},"end":{"line":600,"column":1}},"line":586},"23":{"name":"(anonymous_23)","decl":{"start":{"line":602,"column":33},"end":{"line":602,"column":34}},"loc":{"start":{"line":602,"column":53},"end":{"line":621,"column":1}},"line":602}},"branchMap":{"0":{"loc":{"start":{"line":11,"column":2},"end":{"line":11,"column":72}},"type":"if","locations":[{"start":{"line":11,"column":2},"end":{"line":11,"column":72}},{"start":{},"end":{}}],"line":11},"1":{"loc":{"start":{"line":18,"column":2},"end":{"line":18,"column":48}},"type":"if","locations":[{"start":{"line":18,"column":2},"end":{"line":18,"column":48}},{"start":{},"end":{}}],"line":18},"2":{"loc":{"start":{"line":20,"column":2},"end":{"line":21,"column":68}},"type":"if","locations":[{"start":{"line":20,"column":2},"end":{"line":21,"column":68}},{"start":{},"end":{}}],"line":20},"3":{"loc":{"start":{"line":20,"column":6},"end":{"line":20,"column":34}},"type":"binary-expr","locations":[{"start":{"line":20,"column":6},"end":{"line":20,"column":10}},{"start":{"line":20,"column":14},"end":{"line":20,"column":34}}],"line":20},"4":{"loc":{"start":{"line":23,"column":2},"end":{"line":29,"column":6}},"type":"if","locations":[{"start":{"line":23,"column":2},"end":{"line":29,"column":6}},{"start":{},"end":{}}],"line":23},"5":{"loc":{"start":{"line":23,"column":6},"end":{"line":23,"column":29}},"type":"binary-expr","locations":[{"start":{"line":23,"column":6},"end":{"line":23,"column":10}},{"start":{"line":23,"column":14},"end":{"line":23,"column":29}}],"line":23},"6":{"loc":{"start":{"line":37,"column":2},"end":{"line":40,"column":63}},"type":"if","locations":[{"start":{"line":37,"column":2},"end":{"line":40,"column":63}},{"start":{},"end":{}}],"line":37},"7":{"loc":{"start":{"line":42,"column":9},"end":{"line":42,"column":35}},"type":"binary-expr","locations":[{"start":{"line":42,"column":9},"end":{"line":42,"column":22}},{"start":{"line":42,"column":26},"end":{"line":42,"column":35}}],"line":42},"8":{"loc":{"start":{"line":51,"column":2},"end":{"line":51,"column":76}},"type":"if","locations":[{"start":{"line":51,"column":2},"end":{"line":51,"column":76}},{"start":{},"end":{}}],"line":51},"9":{"loc":{"start":{"line":62,"column":2},"end":{"line":62,"column":52}},"type":"cond-expr","locations":[{"start":{"line":62,"column":11},"end":{"line":62,"column":27}},{"start":{"line":62,"column":32},"end":{"line":62,"column":51}}],"line":62},"10":{"loc":{"start":{"line":67,"column":19},"end":{"line":67,"column":59}},"type":"binary-expr","locations":[{"start":{"line":67,"column":19},"end":{"line":67,"column":46}},{"start":{"line":67,"column":50},"end":{"line":67,"column":59}}],"line":67},"11":{"loc":{"start":{"line":78,"column":10},"end":{"line":86,"column":9}},"type":"binary-expr","locations":[{"start":{"line":78,"column":10},"end":{"line":78,"column":14}},{"start":{"line":79,"column":8},"end":{"line":79,"column":23}},{"start":{"line":79,"column":27},"end":{"line":86,"column":9}}],"line":78},"12":{"loc":{"start":{"line":115,"column":2},"end":{"line":116,"column":61}},"type":"if","locations":[{"start":{"line":115,"column":2},"end":{"line":116,"column":61}},{"start":{},"end":{}}],"line":115},"13":{"loc":{"start":{"line":139,"column":2},"end":{"line":139,"column":72}},"type":"if","locations":[{"start":{"line":139,"column":2},"end":{"line":139,"column":72}},{"start":{},"end":{}}],"line":139},"14":{"loc":{"start":{"line":156,"column":2},"end":{"line":156,"column":72}},"type":"if","locations":[{"start":{"line":156,"column":2},"end":{"line":156,"column":72}},{"start":{},"end":{}}],"line":156},"15":{"loc":{"start":{"line":158,"column":2},"end":{"line":159,"column":68}},"type":"if","locations":[{"start":{"line":158,"column":2},"end":{"line":159,"column":68}},{"start":{},"end":{}}],"line":158},"16":{"loc":{"start":{"line":158,"column":6},"end":{"line":158,"column":34}},"type":"binary-expr","locations":[{"start":{"line":158,"column":6},"end":{"line":158,"column":10}},{"start":{"line":158,"column":14},"end":{"line":158,"column":34}}],"line":158},"17":{"loc":{"start":{"line":161,"column":2},"end":{"line":167,"column":6}},"type":"if","locations":[{"start":{"line":161,"column":2},"end":{"line":167,"column":6}},{"start":{},"end":{}}],"line":161},"18":{"loc":{"start":{"line":161,"column":6},"end":{"line":161,"column":31}},"type":"binary-expr","locations":[{"start":{"line":161,"column":6},"end":{"line":161,"column":12}},{"start":{"line":161,"column":16},"end":{"line":161,"column":31}}],"line":161},"19":{"loc":{"start":{"line":169,"column":2},"end":{"line":169,"column":72}},"type":"cond-expr","locations":[{"start":{"line":169,"column":11},"end":{"line":169,"column":45}},{"start":{"line":169,"column":50},"end":{"line":169,"column":71}}],"line":169},"20":{"loc":{"start":{"line":171,"column":9},"end":{"line":171,"column":27}},"type":"binary-expr","locations":[{"start":{"line":171,"column":9},"end":{"line":171,"column":13}},{"start":{"line":171,"column":17},"end":{"line":171,"column":27}}],"line":171},"21":{"loc":{"start":{"line":172,"column":16},"end":{"line":172,"column":48}},"type":"binary-expr","locations":[{"start":{"line":172,"column":16},"end":{"line":172,"column":27}},{"start":{"line":172,"column":31},"end":{"line":172,"column":48}}],"line":172},"22":{"loc":{"start":{"line":173,"column":9},"end":{"line":173,"column":29}},"type":"binary-expr","locations":[{"start":{"line":173,"column":9},"end":{"line":173,"column":13}},{"start":{"line":173,"column":17},"end":{"line":173,"column":29}}],"line":173},"23":{"loc":{"start":{"line":184,"column":2},"end":{"line":184,"column":76}},"type":"if","locations":[{"start":{"line":184,"column":2},"end":{"line":184,"column":76}},{"start":{},"end":{}}],"line":184},"24":{"loc":{"start":{"line":206,"column":10},"end":{"line":215,"column":9}},"type":"binary-expr","locations":[{"start":{"line":206,"column":10},"end":{"line":206,"column":14}},{"start":{"line":207,"column":8},"end":{"line":207,"column":23}},{"start":{"line":207,"column":27},"end":{"line":215,"column":9}}],"line":206},"25":{"loc":{"start":{"line":242,"column":2},"end":{"line":242,"column":72}},"type":"if","locations":[{"start":{"line":242,"column":2},"end":{"line":242,"column":72}},{"start":{},"end":{}}],"line":242},"26":{"loc":{"start":{"line":279,"column":2},"end":{"line":279,"column":72}},"type":"if","locations":[{"start":{"line":279,"column":2},"end":{"line":279,"column":72}},{"start":{},"end":{}}],"line":279},"27":{"loc":{"start":{"line":288,"column":2},"end":{"line":289,"column":69}},"type":"if","locations":[{"start":{"line":288,"column":2},"end":{"line":289,"column":69}},{"start":{},"end":{}}],"line":288},"28":{"loc":{"start":{"line":310,"column":2},"end":{"line":310,"column":72}},"type":"if","locations":[{"start":{"line":310,"column":2},"end":{"line":310,"column":72}},{"start":{},"end":{}}],"line":310},"29":{"loc":{"start":{"line":344,"column":2},"end":{"line":344,"column":72}},"type":"if","locations":[{"start":{"line":344,"column":2},"end":{"line":344,"column":72}},{"start":{},"end":{}}],"line":344},"30":{"loc":{"start":{"line":378,"column":2},"end":{"line":378,"column":72}},"type":"if","locations":[{"start":{"line":378,"column":2},"end":{"line":378,"column":72}},{"start":{},"end":{}}],"line":378},"31":{"loc":{"start":{"line":387,"column":2},"end":{"line":387,"column":71}},"type":"if","locations":[{"start":{"line":387,"column":2},"end":{"line":387,"column":71}},{"start":{},"end":{}}],"line":387},"32":{"loc":{"start":{"line":408,"column":2},"end":{"line":408,"column":72}},"type":"if","locations":[{"start":{"line":408,"column":2},"end":{"line":408,"column":72}},{"start":{},"end":{}}],"line":408},"33":{"loc":{"start":{"line":417,"column":2},"end":{"line":418,"column":65}},"type":"if","locations":[{"start":{"line":417,"column":2},"end":{"line":418,"column":65}},{"start":{},"end":{}}],"line":417},"34":{"loc":{"start":{"line":451,"column":2},"end":{"line":451,"column":72}},"type":"if","locations":[{"start":{"line":451,"column":2},"end":{"line":451,"column":72}},{"start":{},"end":{}}],"line":451},"35":{"loc":{"start":{"line":460,"column":2},"end":{"line":460,"column":78}},"type":"if","locations":[{"start":{"line":460,"column":2},"end":{"line":460,"column":78}},{"start":{},"end":{}}],"line":460},"36":{"loc":{"start":{"line":478,"column":2},"end":{"line":478,"column":72}},"type":"if","locations":[{"start":{"line":478,"column":2},"end":{"line":478,"column":72}},{"start":{},"end":{}}],"line":478},"37":{"loc":{"start":{"line":480,"column":2},"end":{"line":481,"column":63}},"type":"if","locations":[{"start":{"line":480,"column":2},"end":{"line":481,"column":63}},{"start":{},"end":{}}],"line":480},"38":{"loc":{"start":{"line":480,"column":6},"end":{"line":480,"column":33}},"type":"binary-expr","locations":[{"start":{"line":480,"column":6},"end":{"line":480,"column":14}},{"start":{"line":480,"column":18},"end":{"line":480,"column":33}}],"line":480},"39":{"loc":{"start":{"line":483,"column":2},"end":{"line":484,"column":68}},"type":"if","locations":[{"start":{"line":483,"column":2},"end":{"line":484,"column":68}},{"start":{},"end":{}}],"line":483},"40":{"loc":{"start":{"line":483,"column":6},"end":{"line":483,"column":34}},"type":"binary-expr","locations":[{"start":{"line":483,"column":6},"end":{"line":483,"column":10}},{"start":{"line":483,"column":14},"end":{"line":483,"column":34}}],"line":483},"41":{"loc":{"start":{"line":498,"column":10},"end":{"line":505,"column":7}},"type":"binary-expr","locations":[{"start":{"line":498,"column":10},"end":{"line":498,"column":25}},{"start":{"line":498,"column":29},"end":{"line":505,"column":7}}],"line":498},"42":{"loc":{"start":{"line":526,"column":2},"end":{"line":526,"column":72}},"type":"if","locations":[{"start":{"line":526,"column":2},"end":{"line":526,"column":72}},{"start":{},"end":{}}],"line":526},"43":{"loc":{"start":{"line":528,"column":2},"end":{"line":529,"column":63}},"type":"if","locations":[{"start":{"line":528,"column":2},"end":{"line":529,"column":63}},{"start":{},"end":{}}],"line":528},"44":{"loc":{"start":{"line":528,"column":6},"end":{"line":528,"column":33}},"type":"binary-expr","locations":[{"start":{"line":528,"column":6},"end":{"line":528,"column":14}},{"start":{"line":528,"column":18},"end":{"line":528,"column":33}}],"line":528},"45":{"loc":{"start":{"line":531,"column":2},"end":{"line":532,"column":68}},"type":"if","locations":[{"start":{"line":531,"column":2},"end":{"line":532,"column":68}},{"start":{},"end":{}}],"line":531},"46":{"loc":{"start":{"line":531,"column":6},"end":{"line":531,"column":34}},"type":"binary-expr","locations":[{"start":{"line":531,"column":6},"end":{"line":531,"column":10}},{"start":{"line":531,"column":14},"end":{"line":531,"column":34}}],"line":531},"47":{"loc":{"start":{"line":545,"column":2},"end":{"line":545,"column":76}},"type":"if","locations":[{"start":{"line":545,"column":2},"end":{"line":545,"column":76}},{"start":{},"end":{}}],"line":545},"48":{"loc":{"start":{"line":550,"column":10},"end":{"line":557,"column":7}},"type":"binary-expr","locations":[{"start":{"line":550,"column":10},"end":{"line":550,"column":25}},{"start":{"line":550,"column":29},"end":{"line":557,"column":7}}],"line":550},"49":{"loc":{"start":{"line":575,"column":2},"end":{"line":575,"column":71}},"type":"if","locations":[{"start":{"line":575,"column":2},"end":{"line":575,"column":71}},{"start":{},"end":{}}],"line":575},"50":{"loc":{"start":{"line":593,"column":2},"end":{"line":593,"column":76}},"type":"if","locations":[{"start":{"line":593,"column":2},"end":{"line":593,"column":76}},{"start":{},"end":{}}],"line":593},"51":{"loc":{"start":{"line":612,"column":2},"end":{"line":612,"column":72}},"type":"if","locations":[{"start":{"line":612,"column":2},"end":{"line":612,"column":72}},{"start":{},"end":{}}],"line":612}},"s":{"0":4,"1":4,"2":4,"3":4,"4":4,"5":4,"6":5,"7":5,"8":1,"9":4,"10":4,"11":4,"12":4,"13":1,"14":3,"15":3,"16":6,"17":3,"18":3,"19":0,"20":3,"21":3,"22":3,"23":2,"24":1,"25":1,"26":1,"27":2,"28":1,"29":4,"30":2,"31":2,"32":1,"33":1,"34":4,"35":1,"36":1,"37":0,"38":1,"39":4,"40":3,"41":3,"42":3,"43":3,"44":0,"45":3,"46":1,"47":2,"48":2,"49":4,"50":2,"51":2,"52":2,"53":2,"54":2,"55":2,"56":1,"57":1,"58":1,"59":2,"60":1,"61":4,"62":2,"63":2,"64":1,"65":1,"66":1,"67":4,"68":3,"69":3,"70":1,"71":2,"72":2,"73":1,"74":1,"75":1,"76":4,"77":2,"78":2,"79":1,"80":1,"81":1,"82":4,"83":2,"84":2,"85":1,"86":1,"87":1,"88":4,"89":2,"90":2,"91":1,"92":1,"93":1,"94":0,"95":1,"96":1,"97":4,"98":3,"99":3,"100":1,"101":2,"102":2,"103":1,"104":1,"105":1,"106":4,"107":3,"108":3,"109":1,"110":2,"111":2,"112":1,"113":1,"114":1,"115":4,"116":4,"117":4,"118":4,"119":1,"120":3,"121":2,"122":1,"123":0,"124":1,"125":2,"126":1,"127":1,"128":2,"129":1,"130":4,"131":4,"132":4,"133":4,"134":1,"135":3,"136":2,"137":1,"138":0,"139":1,"140":2,"141":1,"142":1,"143":0,"144":1,"145":2,"146":1,"147":4,"148":2,"149":2,"150":1,"151":1,"152":1,"153":4,"154":2,"155":2,"156":1,"157":1,"158":1,"159":4,"160":2,"161":2,"162":1,"163":1,"164":1,"165":4},"f":{"0":5,"1":6,"2":2,"3":2,"4":1,"5":3,"6":4,"7":2,"8":2,"9":3,"10":2,"11":2,"12":2,"13":3,"14":3,"15":4,"16":2,"17":2,"18":4,"19":2,"20":2,"21":2,"22":2,"23":2},"b":{"0":[1,4],"1":[4,0],"2":[1,3],"3":[4,4],"4":[3,0],"5":[3,3],"6":[0,3],"7":[3,0],"8":[2,1],"9":[1,0],"10":[1,0],"11":[1,1,1],"12":[1,1],"13":[0,1],"14":[0,3],"15":[1,2],"16":[3,3],"17":[2,0],"18":[2,2],"19":[2,0],"20":[2,0],"21":[2,0],"22":[2,0],"23":[1,1],"24":[1,1,1],"25":[1,1],"26":[1,2],"27":[1,1],"28":[1,1],"29":[1,1],"30":[1,1],"31":[0,1],"32":[1,2],"33":[1,1],"34":[1,2],"35":[1,1],"36":[1,3],"37":[2,1],"38":[3,1],"39":[0,1],"40":[1,1],"41":[1,1],"42":[1,3],"43":[2,1],"44":[3,1],"45":[0,1],"46":[1,1],"47":[0,1],"48":[1,1],"49":[1,1],"50":[1,1],"51":[1,1]},"_coverageSchema":"1a1c01bbd47fc00a2c39e90264f33305004495a9","hash":"22ef057c9d2ec25f8e61bf1f4e1e414809085868"}
,"C:\\Users\\nwike\\relayapp\\backend\\src\\routes\\collectionRoute.js": {"path":"C:\\Users\\nwike\\relayapp\\backend\\src\\routes\\collectionRoute.js","statementMap":{"0":{"start":{"line":1,"column":16},"end":{"line":1,"column":34}},"1":{"start":{"line":2,"column":13},"end":{"line":2,"column":42}},"2":{"start":{"line":3,"column":25},"end":{"line":3,"column":50}},"3":{"start":{"line":4,"column":15},"end":{"line":4,"column":31}},"4":{"start":{"line":6,"column":15},"end":{"line":6,"column":33}},"5":{"start":{"line":8,"column":0},"end":{"line":57,"column":3}},"6":{"start":{"line":9,"column":36},"end":{"line":9,"column":44}},"7":{"start":{"line":11,"column":2},"end":{"line":12,"column":79}},"8":{"start":{"line":12,"column":4},"end":{"line":12,"column":79}},"9":{"start":{"line":14,"column":2},"end":{"line":15,"column":68}},"10":{"start":{"line":15,"column":4},"end":{"line":15,"column":68}},"11":{"start":{"line":17,"column":2},"end":{"line":23,"column":6}},"12":{"start":{"line":18,"column":4},"end":{"line":23,"column":6}},"13":{"start":{"line":19,"column":6},"end":{"line":22,"column":37}},"14":{"start":{"line":25,"column":21},"end":{"line":54,"column":4}},"15":{"start":{"line":37,"column":48},"end":{"line":40,"column":13}},"16":{"start":{"line":56,"column":2},"end":{"line":56,"column":39}},"17":{"start":{"line":59,"column":0},"end":{"line":78,"column":3}},"18":{"start":{"line":60,"column":22},"end":{"line":72,"column":4}},"19":{"start":{"line":74,"column":2},"end":{"line":75,"column":66}},"20":{"start":{"line":75,"column":4},"end":{"line":75,"column":66}},"21":{"start":{"line":77,"column":2},"end":{"line":77,"column":40}},"22":{"start":{"line":80,"column":0},"end":{"line":102,"column":3}},"23":{"start":{"line":81,"column":21},"end":{"line":96,"column":4}},"24":{"start":{"line":98,"column":2},"end":{"line":99,"column":67}},"25":{"start":{"line":99,"column":4},"end":{"line":99,"column":67}},"26":{"start":{"line":101,"column":2},"end":{"line":101,"column":39}},"27":{"start":{"line":104,"column":0},"end":{"line":124,"column":3}},"28":{"start":{"line":105,"column":17},"end":{"line":119,"column":4}},"29":{"start":{"line":121,"column":2},"end":{"line":121,"column":79}},"30":{"start":{"line":121,"column":22},"end":{"line":121,"column":79}},"31":{"start":{"line":123,"column":2},"end":{"line":123,"column":35}},"32":{"start":{"line":126,"column":0},"end":{"line":165,"column":3}},"33":{"start":{"line":127,"column":21},"end":{"line":134,"column":4}},"34":{"start":{"line":136,"column":2},"end":{"line":137,"column":67}},"35":{"start":{"line":137,"column":4},"end":{"line":137,"column":67}},"36":{"start":{"line":139,"column":19},"end":{"line":162,"column":4}},"37":{"start":{"line":164,"column":2},"end":{"line":164,"column":37}},"38":{"start":{"line":167,"column":0},"end":{"line":197,"column":3}},"39":{"start":{"line":168,"column":21},"end":{"line":172,"column":4}},"40":{"start":{"line":174,"column":2},"end":{"line":175,"column":67}},"41":{"start":{"line":175,"column":4},"end":{"line":175,"column":67}},"42":{"start":{"line":177,"column":17},"end":{"line":182,"column":4}},"43":{"start":{"line":184,"column":2},"end":{"line":185,"column":74}},"44":{"start":{"line":185,"column":4},"end":{"line":185,"column":74}},"45":{"start":{"line":187,"column":2},"end":{"line":194,"column":5}},"46":{"start":{"line":196,"column":2},"end":{"line":196,"column":24}},"47":{"start":{"line":199,"column":0},"end":{"line":235,"column":3}},"48":{"start":{"line":200,"column":21},"end":{"line":204,"column":4}},"49":{"start":{"line":206,"column":2},"end":{"line":207,"column":67}},"50":{"start":{"line":207,"column":4},"end":{"line":207,"column":67}},"51":{"start":{"line":209,"column":17},"end":{"line":232,"column":4}},"52":{"start":{"line":234,"column":2},"end":{"line":234,"column":35}},"53":{"start":{"line":237,"column":0},"end":{"line":273,"column":3}},"54":{"start":{"line":238,"column":21},"end":{"line":242,"column":4}},"55":{"start":{"line":244,"column":2},"end":{"line":245,"column":67}},"56":{"start":{"line":245,"column":4},"end":{"line":245,"column":67}},"57":{"start":{"line":247,"column":19},"end":{"line":270,"column":4}},"58":{"start":{"line":272,"column":2},"end":{"line":272,"column":37}},"59":{"start":{"line":275,"column":0},"end":{"line":304,"column":3}},"60":{"start":{"line":276,"column":21},"end":{"line":280,"column":4}},"61":{"start":{"line":282,"column":2},"end":{"line":283,"column":67}},"62":{"start":{"line":283,"column":4},"end":{"line":283,"column":67}},"63":{"start":{"line":285,"column":15},"end":{"line":290,"column":4}},"64":{"start":{"line":292,"column":2},"end":{"line":292,"column":70}},"65":{"start":{"line":292,"column":13},"end":{"line":292,"column":70}},"66":{"start":{"line":294,"column":2},"end":{"line":301,"column":5}},"67":{"start":{"line":303,"column":2},"end":{"line":303,"column":24}},"68":{"start":{"line":306,"column":0},"end":{"line":361,"column":3}},"69":{"start":{"line":307,"column":36},"end":{"line":307,"column":44}},"70":{"start":{"line":309,"column":19},"end":{"line":312,"column":4}},"71":{"start":{"line":314,"column":2},"end":{"line":315,"column":67}},"72":{"start":{"line":315,"column":4},"end":{"line":315,"column":67}},"73":{"start":{"line":317,"column":2},"end":{"line":318,"column":68}},"74":{"start":{"line":318,"column":4},"end":{"line":318,"column":68}},"75":{"start":{"line":320,"column":2},"end":{"line":326,"column":6}},"76":{"start":{"line":321,"column":4},"end":{"line":326,"column":6}},"77":{"start":{"line":322,"column":6},"end":{"line":325,"column":37}},"78":{"start":{"line":328,"column":2},"end":{"line":328,"column":40}},"79":{"start":{"line":329,"column":2},"end":{"line":329,"column":61}},"80":{"start":{"line":330,"column":2},"end":{"line":330,"column":39}},"81":{"start":{"line":332,"column":2},"end":{"line":358,"column":5}},"82":{"start":{"line":341,"column":48},"end":{"line":344,"column":13}},"83":{"start":{"line":360,"column":2},"end":{"line":360,"column":39}},"84":{"start":{"line":363,"column":0},"end":{"line":378,"column":3}},"85":{"start":{"line":364,"column":19},"end":{"line":368,"column":4}},"86":{"start":{"line":370,"column":2},"end":{"line":371,"column":67}},"87":{"start":{"line":371,"column":4},"end":{"line":371,"column":67}},"88":{"start":{"line":373,"column":2},"end":{"line":375,"column":5}},"89":{"start":{"line":377,"column":2},"end":{"line":377,"column":24}},"90":{"start":{"line":380,"column":0},"end":{"line":380,"column":24}}},"fnMap":{"0":{"name":"(anonymous_0)","decl":{"start":{"line":8,"column":25},"end":{"line":8,"column":26}},"loc":{"start":{"line":8,"column":45},"end":{"line":57,"column":1}},"line":8},"1":{"name":"(anonymous_1)","decl":{"start":{"line":18,"column":20},"end":{"line":18,"column":21}},"loc":{"start":{"line":19,"column":6},"end":{"line":22,"column":37}},"line":19},"2":{"name":"(anonymous_2)","decl":{"start":{"line":37,"column":38},"end":{"line":37,"column":39}},"loc":{"start":{"line":37,"column":48},"end":{"line":40,"column":13}},"line":37},"3":{"name":"(anonymous_3)","decl":{"start":{"line":59,"column":24},"end":{"line":59,"column":25}},"loc":{"start":{"line":59,"column":44},"end":{"line":78,"column":1}},"line":59},"4":{"name":"(anonymous_4)","decl":{"start":{"line":80,"column":35},"end":{"line":80,"column":36}},"loc":{"start":{"line":80,"column":55},"end":{"line":102,"column":1}},"line":80},"5":{"name":"(anonymous_5)","decl":{"start":{"line":104,"column":42},"end":{"line":104,"column":43}},"loc":{"start":{"line":104,"column":62},"end":{"line":124,"column":1}},"line":104},"6":{"name":"(anonymous_6)","decl":{"start":{"line":126,"column":45},"end":{"line":126,"column":46}},"loc":{"start":{"line":126,"column":65},"end":{"line":165,"column":1}},"line":126},"7":{"name":"(anonymous_7)","decl":{"start":{"line":167,"column":49},"end":{"line":167,"column":50}},"loc":{"start":{"line":167,"column":69},"end":{"line":197,"column":1}},"line":167},"8":{"name":"(anonymous_8)","decl":{"start":{"line":199,"column":42},"end":{"line":199,"column":43}},"loc":{"start":{"line":199,"column":62},"end":{"line":235,"column":1}},"line":199},"9":{"name":"(anonymous_9)","decl":{"start":{"line":237,"column":44},"end":{"line":237,"column":45}},"loc":{"start":{"line":237,"column":64},"end":{"line":273,"column":1}},"line":237},"10":{"name":"(anonymous_10)","decl":{"start":{"line":275,"column":45},"end":{"line":275,"column":46}},"loc":{"start":{"line":275,"column":65},"end":{"line":304,"column":1}},"line":275},"11":{"name":"(anonymous_11)","decl":{"start":{"line":306,"column":37},"end":{"line":306,"column":38}},"loc":{"start":{"line":306,"column":57},"end":{"line":361,"column":1}},"line":306},"12":{"name":"(anonymous_12)","decl":{"start":{"line":321,"column":20},"end":{"line":321,"column":21}},"loc":{"start":{"line":322,"column":6},"end":{"line":325,"column":37}},"line":322},"13":{"name":"(anonymous_13)","decl":{"start":{"line":341,"column":38},"end":{"line":341,"column":39}},"loc":{"start":{"line":341,"column":48},"end":{"line":344,"column":13}},"line":341},"14":{"name":"(anonymous_14)","decl":{"start":{"line":363,"column":38},"end":{"line":363,"column":39}},"loc":{"start":{"line":363,"column":58},"end":{"line":378,"column":1}},"line":363}},"branchMap":{"0":{"loc":{"start":{"line":11,"column":2},"end":{"line":12,"column":79}},"type":"if","locations":[{"start":{"line":11,"column":2},"end":{"line":12,"column":79}},{"start":{},"end":{}}],"line":11},"1":{"loc":{"start":{"line":11,"column":6},"end":{"line":11,"column":27}},"type":"binary-expr","locations":[{"start":{"line":11,"column":6},"end":{"line":11,"column":11}},{"start":{"line":11,"column":15},"end":{"line":11,"column":27}}],"line":11},"2":{"loc":{"start":{"line":14,"column":2},"end":{"line":15,"column":68}},"type":"if","locations":[{"start":{"line":14,"column":2},"end":{"line":15,"column":68}},{"start":{},"end":{}}],"line":14},"3":{"loc":{"start":{"line":14,"column":6},"end":{"line":14,"column":34}},"type":"binary-expr","locations":[{"start":{"line":14,"column":6},"end":{"line":14,"column":10}},{"start":{"line":14,"column":14},"end":{"line":14,"column":34}}],"line":14},"4":{"loc":{"start":{"line":17,"column":2},"end":{"line":23,"column":6}},"type":"if","locations":[{"start":{"line":17,"column":2},"end":{"line":23,"column":6}},{"start":{},"end":{}}],"line":17},"5":{"loc":{"start":{"line":17,"column":6},"end":{"line":17,"column":31}},"type":"binary-expr","locations":[{"start":{"line":17,"column":6},"end":{"line":17,"column":12}},{"start":{"line":17,"column":16},"end":{"line":17,"column":31}}],"line":17},"6":{"loc":{"start":{"line":34,"column":10},"end":{"line":42,"column":9}},"type":"binary-expr","locations":[{"start":{"line":34,"column":10},"end":{"line":34,"column":16}},{"start":{"line":35,"column":8},"end":{"line":35,"column":23}},{"start":{"line":35,"column":27},"end":{"line":42,"column":9}}],"line":34},"7":{"loc":{"start":{"line":74,"column":2},"end":{"line":75,"column":66}},"type":"if","locations":[{"start":{"line":74,"column":2},"end":{"line":75,"column":66}},{"start":{},"end":{}}],"line":74},"8":{"loc":{"start":{"line":98,"column":2},"end":{"line":99,"column":67}},"type":"if","locations":[{"start":{"line":98,"column":2},"end":{"line":99,"column":67}},{"start":{},"end":{}}],"line":98},"9":{"loc":{"start":{"line":121,"column":2},"end":{"line":121,"column":79}},"type":"if","locations":[{"start":{"line":121,"column":2},"end":{"line":121,"column":79}},{"start":{},"end":{}}],"line":121},"10":{"loc":{"start":{"line":136,"column":2},"end":{"line":137,"column":67}},"type":"if","locations":[{"start":{"line":136,"column":2},"end":{"line":137,"column":67}},{"start":{},"end":{}}],"line":136},"11":{"loc":{"start":{"line":174,"column":2},"end":{"line":175,"column":67}},"type":"if","locations":[{"start":{"line":174,"column":2},"end":{"line":175,"column":67}},{"start":{},"end":{}}],"line":174},"12":{"loc":{"start":{"line":184,"column":2},"end":{"line":185,"column":74}},"type":"if","locations":[{"start":{"line":184,"column":2},"end":{"line":185,"column":74}},{"start":{},"end":{}}],"line":184},"13":{"loc":{"start":{"line":206,"column":2},"end":{"line":207,"column":67}},"type":"if","locations":[{"start":{"line":206,"column":2},"end":{"line":207,"column":67}},{"start":{},"end":{}}],"line":206},"14":{"loc":{"start":{"line":244,"column":2},"end":{"line":245,"column":67}},"type":"if","locations":[{"start":{"line":244,"column":2},"end":{"line":245,"column":67}},{"start":{},"end":{}}],"line":244},"15":{"loc":{"start":{"line":282,"column":2},"end":{"line":283,"column":67}},"type":"if","locations":[{"start":{"line":282,"column":2},"end":{"line":283,"column":67}},{"start":{},"end":{}}],"line":282},"16":{"loc":{"start":{"line":292,"column":2},"end":{"line":292,"column":70}},"type":"if","locations":[{"start":{"line":292,"column":2},"end":{"line":292,"column":70}},{"start":{},"end":{}}],"line":292},"17":{"loc":{"start":{"line":314,"column":2},"end":{"line":315,"column":67}},"type":"if","locations":[{"start":{"line":314,"column":2},"end":{"line":315,"column":67}},{"start":{},"end":{}}],"line":314},"18":{"loc":{"start":{"line":317,"column":2},"end":{"line":318,"column":68}},"type":"if","locations":[{"start":{"line":317,"column":2},"end":{"line":318,"column":68}},{"start":{},"end":{}}],"line":317},"19":{"loc":{"start":{"line":317,"column":6},"end":{"line":317,"column":36}},"type":"binary-expr","locations":[{"start":{"line":317,"column":6},"end":{"line":317,"column":12}},{"start":{"line":317,"column":16},"end":{"line":317,"column":36}}],"line":317},"20":{"loc":{"start":{"line":320,"column":2},"end":{"line":326,"column":6}},"type":"if","locations":[{"start":{"line":320,"column":2},"end":{"line":326,"column":6}},{"start":{},"end":{}}],"line":320},"21":{"loc":{"start":{"line":320,"column":6},"end":{"line":320,"column":31}},"type":"binary-expr","locations":[{"start":{"line":320,"column":6},"end":{"line":320,"column":12}},{"start":{"line":320,"column":16},"end":{"line":320,"column":31}}],"line":320},"22":{"loc":{"start":{"line":328,"column":9},"end":{"line":328,"column":39}},"type":"binary-expr","locations":[{"start":{"line":328,"column":9},"end":{"line":328,"column":20}},{"start":{"line":328,"column":24},"end":{"line":328,"column":39}}],"line":328},"23":{"loc":{"start":{"line":329,"column":16},"end":{"line":329,"column":60}},"type":"binary-expr","locations":[{"start":{"line":329,"column":16},"end":{"line":329,"column":34}},{"start":{"line":329,"column":38},"end":{"line":329,"column":60}}],"line":329},"24":{"loc":{"start":{"line":330,"column":9},"end":{"line":330,"column":38}},"type":"binary-expr","locations":[{"start":{"line":330,"column":9},"end":{"line":330,"column":13}},{"start":{"line":330,"column":17},"end":{"line":330,"column":32}},{"start":{"line":330,"column":36},"end":{"line":330,"column":38}}],"line":330},"25":{"loc":{"start":{"line":337,"column":10},"end":{"line":346,"column":9}},"type":"binary-expr","locations":[{"start":{"line":337,"column":10},"end":{"line":337,"column":16}},{"start":{"line":338,"column":8},"end":{"line":338,"column":23}},{"start":{"line":338,"column":27},"end":{"line":346,"column":9}}],"line":337},"26":{"loc":{"start":{"line":370,"column":2},"end":{"line":371,"column":67}},"type":"if","locations":[{"start":{"line":370,"column":2},"end":{"line":371,"column":67}},{"start":{},"end":{}}],"line":370}},"s":{"0":4,"1":4,"2":4,"3":4,"4":4,"5":4,"6":3,"7":3,"8":1,"9":2,"10":1,"11":1,"12":1,"13":2,"14":1,"15":2,"16":1,"17":4,"18":2,"19":2,"20":1,"21":1,"22":4,"23":2,"24":2,"25":1,"26":1,"27":4,"28":2,"29":2,"30":1,"31":1,"32":4,"33":4,"34":4,"35":2,"36":2,"37":2,"38":4,"39":0,"40":0,"41":0,"42":0,"43":0,"44":0,"45":0,"46":0,"47":4,"48":3,"49":3,"50":2,"51":1,"52":1,"53":4,"54":1,"55":1,"56":0,"57":1,"58":1,"59":4,"60":3,"61":3,"62":2,"63":1,"64":1,"65":0,"66":1,"67":1,"68":4,"69":3,"70":3,"71":3,"72":1,"73":2,"74":0,"75":2,"76":2,"77":4,"78":2,"79":2,"80":2,"81":2,"82":4,"83":2,"84":4,"85":2,"86":2,"87":1,"88":1,"89":1,"90":4},"f":{"0":3,"1":2,"2":2,"3":2,"4":2,"5":2,"6":4,"7":0,"8":3,"9":1,"10":3,"11":3,"12":4,"13":4,"14":2},"b":{"0":[1,2],"1":[3,2],"2":[1,1],"3":[2,2],"4":[1,0],"5":[1,1],"6":[1,1,1],"7":[1,1],"8":[1,1],"9":[1,1],"10":[2,2],"11":[0,0],"12":[0,0],"13":[2,1],"14":[0,1],"15":[2,1],"16":[0,1],"17":[1,2],"18":[0,2],"19":[2,2],"20":[2,0],"21":[2,2],"22":[2,0],"23":[2,0],"24":[2,0,0],"25":[2,2,2],"26":[1,1]},"_coverageSchema":"1a1c01bbd47fc00a2c39e90264f33305004495a9","hash":"2c731983bf0e5284f79b0883d400a587e6e89724"}
,"C:\\Users\\nwike\\relayapp\\backend\\src\\routes\\itemRoute.js": {"path":"C:\\Users\\nwike\\relayapp\\backend\\src\\routes\\itemRoute.js","statementMap":{"0":{"start":{"line":1,"column":16},"end":{"line":1,"column":34}},"1":{"start":{"line":2,"column":13},"end":{"line":2,"column":42}},"2":{"start":{"line":3,"column":25},"end":{"line":3,"column":50}},"3":{"start":{"line":4,"column":15},"end":{"line":4,"column":31}},"4":{"start":{"line":6,"column":15},"end":{"line":6,"column":33}},"5":{"start":{"line":8,"column":0},"end":{"line":84,"column":3}},"6":{"start":{"line":9,"column":60},"end":{"line":9,"column":68}},"7":{"start":{"line":11,"column":2},"end":{"line":12,"column":79}},"8":{"start":{"line":12,"column":4},"end":{"line":12,"column":79}},"9":{"start":{"line":14,"column":2},"end":{"line":15,"column":77}},"10":{"start":{"line":15,"column":4},"end":{"line":15,"column":77}},"11":{"start":{"line":17,"column":2},"end":{"line":18,"column":68}},"12":{"start":{"line":18,"column":4},"end":{"line":18,"column":68}},"13":{"start":{"line":20,"column":2},"end":{"line":26,"column":6}},"14":{"start":{"line":21,"column":4},"end":{"line":26,"column":6}},"15":{"start":{"line":22,"column":6},"end":{"line":25,"column":37}},"16":{"start":{"line":28,"column":2},"end":{"line":28,"column":74}},"17":{"start":{"line":28,"column":14},"end":{"line":28,"column":74}},"18":{"start":{"line":30,"column":2},"end":{"line":33,"column":34}},"19":{"start":{"line":35,"column":2},"end":{"line":42,"column":5}},"20":{"start":{"line":44,"column":2},"end":{"line":44,"column":61}},"21":{"start":{"line":46,"column":15},"end":{"line":81,"column":4}},"22":{"start":{"line":57,"column":40},"end":{"line":59,"column":9}},"23":{"start":{"line":64,"column":48},"end":{"line":67,"column":13}},"24":{"start":{"line":83,"column":2},"end":{"line":83,"column":33}},"25":{"start":{"line":86,"column":0},"end":{"line":113,"column":3}},"26":{"start":{"line":87,"column":16},"end":{"line":108,"column":4}},"27":{"start":{"line":110,"column":2},"end":{"line":110,"column":77}},"28":{"start":{"line":110,"column":21},"end":{"line":110,"column":77}},"29":{"start":{"line":112,"column":2},"end":{"line":112,"column":34}},"30":{"start":{"line":115,"column":0},"end":{"line":141,"column":3}},"31":{"start":{"line":116,"column":15},"end":{"line":136,"column":4}},"32":{"start":{"line":138,"column":2},"end":{"line":138,"column":70}},"33":{"start":{"line":138,"column":13},"end":{"line":138,"column":70}},"34":{"start":{"line":140,"column":2},"end":{"line":140,"column":33}},"35":{"start":{"line":143,"column":0},"end":{"line":181,"column":3}},"36":{"start":{"line":144,"column":15},"end":{"line":151,"column":4}},"37":{"start":{"line":153,"column":2},"end":{"line":153,"column":70}},"38":{"start":{"line":153,"column":13},"end":{"line":153,"column":70}},"39":{"start":{"line":155,"column":19},"end":{"line":178,"column":4}},"40":{"start":{"line":180,"column":2},"end":{"line":180,"column":37}},"41":{"start":{"line":183,"column":0},"end":{"line":212,"column":3}},"42":{"start":{"line":184,"column":15},"end":{"line":188,"column":4}},"43":{"start":{"line":190,"column":2},"end":{"line":190,"column":70}},"44":{"start":{"line":190,"column":13},"end":{"line":190,"column":70}},"45":{"start":{"line":192,"column":17},"end":{"line":197,"column":4}},"46":{"start":{"line":199,"column":2},"end":{"line":200,"column":68}},"47":{"start":{"line":200,"column":4},"end":{"line":200,"column":68}},"48":{"start":{"line":202,"column":2},"end":{"line":209,"column":5}},"49":{"start":{"line":211,"column":2},"end":{"line":211,"column":24}},"50":{"start":{"line":214,"column":0},"end":{"line":246,"column":3}},"51":{"start":{"line":215,"column":15},"end":{"line":219,"column":4}},"52":{"start":{"line":221,"column":2},"end":{"line":221,"column":70}},"53":{"start":{"line":221,"column":13},"end":{"line":221,"column":70}},"54":{"start":{"line":223,"column":17},"end":{"line":243,"column":4}},"55":{"start":{"line":245,"column":2},"end":{"line":245,"column":35}},"56":{"start":{"line":248,"column":0},"end":{"line":280,"column":3}},"57":{"start":{"line":249,"column":15},"end":{"line":253,"column":4}},"58":{"start":{"line":255,"column":2},"end":{"line":255,"column":70}},"59":{"start":{"line":255,"column":13},"end":{"line":255,"column":70}},"60":{"start":{"line":257,"column":19},"end":{"line":277,"column":4}},"61":{"start":{"line":279,"column":2},"end":{"line":279,"column":37}},"62":{"start":{"line":282,"column":0},"end":{"line":298,"column":3}},"63":{"start":{"line":283,"column":15},"end":{"line":287,"column":4}},"64":{"start":{"line":289,"column":2},"end":{"line":289,"column":70}},"65":{"start":{"line":289,"column":13},"end":{"line":289,"column":70}},"66":{"start":{"line":291,"column":2},"end":{"line":295,"column":5}},"67":{"start":{"line":297,"column":2},"end":{"line":297,"column":24}},"68":{"start":{"line":300,"column":0},"end":{"line":385,"column":3}},"69":{"start":{"line":301,"column":53},"end":{"line":301,"column":61}},"70":{"start":{"line":303,"column":2},"end":{"line":304,"column":77}},"71":{"start":{"line":304,"column":4},"end":{"line":304,"column":77}},"72":{"start":{"line":306,"column":2},"end":{"line":307,"column":68}},"73":{"start":{"line":307,"column":4},"end":{"line":307,"column":68}},"74":{"start":{"line":309,"column":2},"end":{"line":315,"column":6}},"75":{"start":{"line":310,"column":4},"end":{"line":315,"column":6}},"76":{"start":{"line":311,"column":6},"end":{"line":314,"column":37}},"77":{"start":{"line":317,"column":13},"end":{"line":327,"column":4}},"78":{"start":{"line":329,"column":2},"end":{"line":329,"column":70}},"79":{"start":{"line":329,"column":13},"end":{"line":329,"column":70}},"80":{"start":{"line":339,"column":2},"end":{"line":339,"column":27}},"81":{"start":{"line":340,"column":2},"end":{"line":340,"column":48}},"82":{"start":{"line":341,"column":2},"end":{"line":341,"column":33}},"83":{"start":{"line":342,"column":2},"end":{"line":342,"column":39}},"84":{"start":{"line":344,"column":2},"end":{"line":382,"column":5}},"85":{"start":{"line":363,"column":48},"end":{"line":366,"column":13}},"86":{"start":{"line":384,"column":2},"end":{"line":384,"column":33}},"87":{"start":{"line":387,"column":0},"end":{"line":404,"column":3}},"88":{"start":{"line":388,"column":13},"end":{"line":393,"column":4}},"89":{"start":{"line":395,"column":2},"end":{"line":395,"column":70}},"90":{"start":{"line":395,"column":13},"end":{"line":395,"column":70}},"91":{"start":{"line":397,"column":2},"end":{"line":401,"column":5}},"92":{"start":{"line":403,"column":2},"end":{"line":403,"column":24}},"93":{"start":{"line":406,"column":0},"end":{"line":406,"column":24}}},"fnMap":{"0":{"name":"(anonymous_0)","decl":{"start":{"line":8,"column":25},"end":{"line":8,"column":26}},"loc":{"start":{"line":8,"column":45},"end":{"line":84,"column":1}},"line":8},"1":{"name":"(anonymous_1)","decl":{"start":{"line":21,"column":20},"end":{"line":21,"column":21}},"loc":{"start":{"line":22,"column":6},"end":{"line":25,"column":37}},"line":22},"2":{"name":"(anonymous_2)","decl":{"start":{"line":57,"column":28},"end":{"line":57,"column":29}},"loc":{"start":{"line":57,"column":40},"end":{"line":59,"column":9}},"line":57},"3":{"name":"(anonymous_3)","decl":{"start":{"line":64,"column":38},"end":{"line":64,"column":39}},"loc":{"start":{"line":64,"column":48},"end":{"line":67,"column":13}},"line":64},"4":{"name":"(anonymous_4)","decl":{"start":{"line":86,"column":24},"end":{"line":86,"column":25}},"loc":{"start":{"line":86,"column":44},"end":{"line":113,"column":1}},"line":86},"5":{"name":"(anonymous_5)","decl":{"start":{"line":115,"column":29},"end":{"line":115,"column":30}},"loc":{"start":{"line":115,"column":49},"end":{"line":141,"column":1}},"line":115},"6":{"name":"(anonymous_6)","decl":{"start":{"line":143,"column":39},"end":{"line":143,"column":40}},"loc":{"start":{"line":143,"column":59},"end":{"line":181,"column":1}},"line":143},"7":{"name":"(anonymous_7)","decl":{"start":{"line":183,"column":43},"end":{"line":183,"column":44}},"loc":{"start":{"line":183,"column":63},"end":{"line":212,"column":1}},"line":183},"8":{"name":"(anonymous_8)","decl":{"start":{"line":214,"column":36},"end":{"line":214,"column":37}},"loc":{"start":{"line":214,"column":56},"end":{"line":246,"column":1}},"line":214},"9":{"name":"(anonymous_9)","decl":{"start":{"line":248,"column":38},"end":{"line":248,"column":39}},"loc":{"start":{"line":248,"column":58},"end":{"line":280,"column":1}},"line":248},"10":{"name":"(anonymous_10)","decl":{"start":{"line":282,"column":39},"end":{"line":282,"column":40}},"loc":{"start":{"line":282,"column":59},"end":{"line":298,"column":1}},"line":282},"11":{"name":"(anonymous_11)","decl":{"start":{"line":300,"column":31},"end":{"line":300,"column":32}},"loc":{"start":{"line":300,"column":51},"end":{"line":385,"column":1}},"line":300},"12":{"name":"(anonymous_12)","decl":{"start":{"line":310,"column":20},"end":{"line":310,"column":21}},"loc":{"start":{"line":311,"column":6},"end":{"line":314,"column":37}},"line":311},"13":{"name":"(anonymous_13)","decl":{"start":{"line":363,"column":38},"end":{"line":363,"column":39}},"loc":{"start":{"line":363,"column":48},"end":{"line":366,"column":13}},"line":363},"14":{"name":"(anonymous_14)","decl":{"start":{"line":387,"column":32},"end":{"line":387,"column":33}},"loc":{"start":{"line":387,"column":52},"end":{"line":404,"column":1}},"line":387}},"branchMap":{"0":{"loc":{"start":{"line":11,"column":2},"end":{"line":12,"column":79}},"type":"if","locations":[{"start":{"line":11,"column":2},"end":{"line":12,"column":79}},{"start":{},"end":{}}],"line":11},"1":{"loc":{"start":{"line":11,"column":6},"end":{"line":11,"column":27}},"type":"binary-expr","locations":[{"start":{"line":11,"column":6},"end":{"line":11,"column":11}},{"start":{"line":11,"column":15},"end":{"line":11,"column":27}}],"line":11},"2":{"loc":{"start":{"line":14,"column":2},"end":{"line":15,"column":77}},"type":"if","locations":[{"start":{"line":14,"column":2},"end":{"line":15,"column":77}},{"start":{},"end":{}}],"line":14},"3":{"loc":{"start":{"line":14,"column":6},"end":{"line":14,"column":51}},"type":"binary-expr","locations":[{"start":{"line":14,"column":6},"end":{"line":14,"column":28}},{"start":{"line":14,"column":32},"end":{"line":14,"column":51}}],"line":14},"4":{"loc":{"start":{"line":17,"column":2},"end":{"line":18,"column":68}},"type":"if","locations":[{"start":{"line":17,"column":2},"end":{"line":18,"column":68}},{"start":{},"end":{}}],"line":17},"5":{"loc":{"start":{"line":17,"column":6},"end":{"line":17,"column":34}},"type":"binary-expr","locations":[{"start":{"line":17,"column":6},"end":{"line":17,"column":10}},{"start":{"line":17,"column":14},"end":{"line":17,"column":34}}],"line":17},"6":{"loc":{"start":{"line":20,"column":2},"end":{"line":26,"column":6}},"type":"if","locations":[{"start":{"line":20,"column":2},"end":{"line":26,"column":6}},{"start":{},"end":{}}],"line":20},"7":{"loc":{"start":{"line":20,"column":6},"end":{"line":20,"column":29}},"type":"binary-expr","locations":[{"start":{"line":20,"column":6},"end":{"line":20,"column":10}},{"start":{"line":20,"column":14},"end":{"line":20,"column":29}}],"line":20},"8":{"loc":{"start":{"line":28,"column":2},"end":{"line":28,"column":74}},"type":"if","locations":[{"start":{"line":28,"column":2},"end":{"line":28,"column":74}},{"start":{},"end":{}}],"line":28},"9":{"loc":{"start":{"line":44,"column":2},"end":{"line":44,"column":60}},"type":"cond-expr","locations":[{"start":{"line":44,"column":13},"end":{"line":44,"column":33}},{"start":{"line":44,"column":38},"end":{"line":44,"column":59}}],"line":44},"10":{"loc":{"start":{"line":61,"column":10},"end":{"line":69,"column":9}},"type":"binary-expr","locations":[{"start":{"line":61,"column":10},"end":{"line":61,"column":14}},{"start":{"line":62,"column":8},"end":{"line":62,"column":23}},{"start":{"line":62,"column":27},"end":{"line":69,"column":9}}],"line":61},"11":{"loc":{"start":{"line":110,"column":2},"end":{"line":110,"column":77}},"type":"if","locations":[{"start":{"line":110,"column":2},"end":{"line":110,"column":77}},{"start":{},"end":{}}],"line":110},"12":{"loc":{"start":{"line":138,"column":2},"end":{"line":138,"column":70}},"type":"if","locations":[{"start":{"line":138,"column":2},"end":{"line":138,"column":70}},{"start":{},"end":{}}],"line":138},"13":{"loc":{"start":{"line":153,"column":2},"end":{"line":153,"column":70}},"type":"if","locations":[{"start":{"line":153,"column":2},"end":{"line":153,"column":70}},{"start":{},"end":{}}],"line":153},"14":{"loc":{"start":{"line":190,"column":2},"end":{"line":190,"column":70}},"type":"if","locations":[{"start":{"line":190,"column":2},"end":{"line":190,"column":70}},{"start":{},"end":{}}],"line":190},"15":{"loc":{"start":{"line":199,"column":2},"end":{"line":200,"column":68}},"type":"if","locations":[{"start":{"line":199,"column":2},"end":{"line":200,"column":68}},{"start":{},"end":{}}],"line":199},"16":{"loc":{"start":{"line":221,"column":2},"end":{"line":221,"column":70}},"type":"if","locations":[{"start":{"line":221,"column":2},"end":{"line":221,"column":70}},{"start":{},"end":{}}],"line":221},"17":{"loc":{"start":{"line":255,"column":2},"end":{"line":255,"column":70}},"type":"if","locations":[{"start":{"line":255,"column":2},"end":{"line":255,"column":70}},{"start":{},"end":{}}],"line":255},"18":{"loc":{"start":{"line":289,"column":2},"end":{"line":289,"column":70}},"type":"if","locations":[{"start":{"line":289,"column":2},"end":{"line":289,"column":70}},{"start":{},"end":{}}],"line":289},"19":{"loc":{"start":{"line":303,"column":2},"end":{"line":304,"column":77}},"type":"if","locations":[{"start":{"line":303,"column":2},"end":{"line":304,"column":77}},{"start":{},"end":{}}],"line":303},"20":{"loc":{"start":{"line":303,"column":6},"end":{"line":303,"column":63}},"type":"binary-expr","locations":[{"start":{"line":303,"column":6},"end":{"line":303,"column":12}},{"start":{"line":303,"column":17},"end":{"line":303,"column":39}},{"start":{"line":303,"column":43},"end":{"line":303,"column":62}}],"line":303},"21":{"loc":{"start":{"line":306,"column":2},"end":{"line":307,"column":68}},"type":"if","locations":[{"start":{"line":306,"column":2},"end":{"line":307,"column":68}},{"start":{},"end":{}}],"line":306},"22":{"loc":{"start":{"line":306,"column":6},"end":{"line":306,"column":34}},"type":"binary-expr","locations":[{"start":{"line":306,"column":6},"end":{"line":306,"column":10}},{"start":{"line":306,"column":14},"end":{"line":306,"column":34}}],"line":306},"23":{"loc":{"start":{"line":309,"column":2},"end":{"line":315,"column":6}},"type":"if","locations":[{"start":{"line":309,"column":2},"end":{"line":315,"column":6}},{"start":{},"end":{}}],"line":309},"24":{"loc":{"start":{"line":309,"column":6},"end":{"line":309,"column":31}},"type":"binary-expr","locations":[{"start":{"line":309,"column":6},"end":{"line":309,"column":12}},{"start":{"line":309,"column":16},"end":{"line":309,"column":31}}],"line":309},"25":{"loc":{"start":{"line":329,"column":2},"end":{"line":329,"column":70}},"type":"if","locations":[{"start":{"line":329,"column":2},"end":{"line":329,"column":70}},{"start":{},"end":{}}],"line":329},"26":{"loc":{"start":{"line":339,"column":9},"end":{"line":339,"column":26}},"type":"binary-expr","locations":[{"start":{"line":339,"column":9},"end":{"line":339,"column":13}},{"start":{"line":339,"column":17},"end":{"line":339,"column":26}}],"line":339},"27":{"loc":{"start":{"line":340,"column":16},"end":{"line":340,"column":47}},"type":"binary-expr","locations":[{"start":{"line":340,"column":16},"end":{"line":340,"column":27}}
[...]
],"line":459},"41":{"loc":{"start":{"line":481,"column":2},"end":{"line":481,"column":72}},"type":"if","locations":[{"start":{"line":481,"column":2},"end":{"line":481,"column":72}},{"start":{},"end":{}}],"line":481},"42":{"loc":{"start":{"line":518,"column":2},"end":{"line":518,"column":72}},"type":"if","locations":[{"start":{"line":518,"column":2},"end":{"line":518,"column":72}},{"start":{},"end":{}}],"line":518},"43":{"loc":{"start":{"line":555,"column":2},"end":{"line":555,"column":72}},"type":"if","locations":[{"start":{"line":555,"column":2},"end":{"line":555,"column":72}},{"start":{},"end":{}}],"line":555},"44":{"loc":{"start":{"line":564,"column":2},"end":{"line":564,"column":70}},"type":"if","locations":[{"start":{"line":564,"column":2},"end":{"line":564,"column":70}},{"start":{},"end":{}}],"line":564},"45":{"loc":{"start":{"line":584,"column":2},"end":{"line":584,"column":72}},"type":"if","locations":[{"start":{"line":584,"column":2},"end":{"line":584,"column":72}},{"start":{},"end":{}}],"line":584},"46":{"loc":{"start":{"line":595,"column":2},"end":{"line":595,"column":72}},"type":"if","locations":[{"start":{"line":595,"column":2},"end":{"line":595,"column":72}},{"start":{},"end":{}}],"line":595},"47":{"loc":{"start":{"line":605,"column":2},"end":{"line":605,"column":60}},"type":"if","locations":[{"start":{"line":605,"column":2},"end":{"line":605,"column":60}},{"start":{},"end":{}}],"line":605}},"s":{"0":4,"1":4,"2":4,"3":4,"4":4,"5":4,"6":0,"7":0,"8":0,"9":0,"10":0,"11":0,"12":0,"13":0,"14":0,"15":0,"16":0,"17":0,"18":0,"19":0,"20":4,"21":0,"22":0,"23":0,"24":0,"25":4,"26":0,"27":0,"28":0,"29":0,"30":4,"31":0,"32":0,"33":0,"34":0,"35":4,"36":0,"37":0,"38":0,"39":0,"40":0,"41":0,"42":0,"43":0,"44":0,"45":0,"46":0,"47":0,"48":0,"49":0,"50":0,"51":4,"52":0,"53":0,"54":0,"55":0,"56":0,"57":0,"58":0,"59":0,"60":0,"61":0,"62":0,"63":0,"64":0,"65":0,"66":0,"67":0,"68":0,"69":0,"70":4,"71":0,"72":0,"73":0,"74":0,"75":0,"76":4,"77":0,"78":0,"79":0,"80":0,"81":0,"82":4,"83":0,"84":0,"85":0,"86":0,"87":0,"88":0,"89":0,"90":0,"91":0,"92":0,"93":0,"94":0,"95":0,"96":0,"97":0,"98":4,"99":0,"100":0,"101":0,"102":0,"103":0,"104":4,"105":0,"106":0,"107":0,"108":0,"109":0,"110":0,"111":0,"112":0,"113":4,"114":0,"115":0,"116":0,"117":0,"118":0,"119":4,"120":0,"121":0,"122":0,"123":0,"124":0,"125":4,"126":0,"127":0,"128":0,"129":0,"130":0,"131":0,"132":0,"133":0,"134":4,"135":0,"136":0,"137":0,"138":0,"139":4,"140":0,"141":0,"142":0,"143":0,"144":4,"145":0,"146":0,"147":0,"148":0,"149":0,"150":4},"f":{"0":0,"1":0,"2":0,"3":0,"4":0,"5":0,"6":0,"7":0,"8":0,"9":0,"10":0,"11":0,"12":0,"13":0,"14":0,"15":0,"16":0,"17":0,"18":0,"19":0,"20":0,"21":0,"22":0,"23":0,"24":0,"25":0},"b":{"0":[0,0],"1":[0,0],"2":[0,0],"3":[0,0],"4":[0,0],"5":[0,0],"6":[0,0],"7":[0,0],"8":[0,0],"9":[0,0,0],"10":[0,0],"11":[0,0],"12":[0,0],"13":[0,0],"14":[0,0],"15":[0,0],"16":[0,0],"17":[0,0],"18":[0,0],"19":[0,0,0],"20":[0,0],"21":[0,0],"22":[0,0],"23":[0,0],"24":[0,0],"25":[0,0],"26":[0,0],"27":[0,0,0],"28":[0,0],"29":[0,0],"30":[0,0],"31":[0,0],"32":[0,0],"33":[0,0],"34":[0,0],"35":[0,0],"36":[0,0],"37":[0,0],"38":[0,0],"39":[0,0],"40":[0,0],"41":[0,0],"42":[0,0],"43":[0,0],"44":[0,0],"45":[0,0],"46":[0,0],"47":[0,0]},"_coverageSchema":"1a1c01bbd47fc00a2c39e90264f33305004495a9","hash":"9186e777ec93bbd481c318712b02a5f2652ec29e"}
,"C:\\Users\\nwike\\relayapp\\backend\\src\\routes\\userRoute.js": {"path":"C:\\Users\\nwike\\relayapp\\backend\\src\\routes\\userRoute.js","statementMap":{"0":{"start":{"line":1,"column":16},"end":{"line":1,"column":34}},"1":{"start":{"line":2,"column":13},"end":{"line":2,"column":42}},"2":{"start":{"line":3,"column":15},"end":{"line":3,"column":34}},"3":{"start":{"line":4,"column":25},"end":{"line":4,"column":50}},"4":{"start":{"line":5,"column":15},"end":{"line":5,"column":31}},"5":{"start":{"line":7,"column":15},"end":{"line":7,"column":33}},"6":{"start":{"line":9,"column":0},"end":{"line":28,"column":3}},"7":{"start":{"line":10,"column":16},"end":{"line":23,"column":4}},"8":{"start":{"line":25,"column":2},"end":{"line":25,"column":77}},"9":{"start":{"line":25,"column":21},"end":{"line":25,"column":77}},"10":{"start":{"line":27,"column":2},"end":{"line":27,"column":30}},"11":{"start":{"line":30,"column":0},"end":{"line":75,"column":3}},"12":{"start":{"line":31,"column":15},"end":{"line":42,"column":4}},"13":{"start":{"line":44,"column":2},"end":{"line":44,"column":70}},"14":{"start":{"line":44,"column":13},"end":{"line":44,"column":70}},"15":{"start":{"line":46,"column":21},"end":{"line":51,"column":4}},"16":{"start":{"line":53,"column":2},"end":{"line":54,"column":65}},"17":{"start":{"line":54,"column":4},"end":{"line":54,"column":65}},"18":{"start":{"line":56,"column":2},"end":{"line":72,"column":5}},"19":{"start":{"line":74,"column":2},"end":{"line":74,"column":41}},"20":{"start":{"line":77,"column":0},"end":{"line":109,"column":3}},"21":{"start":{"line":78,"column":15},"end":{"line":89,"column":4}},"22":{"start":{"line":91,"column":2},"end":{"line":91,"column":70}},"23":{"start":{"line":91,"column":13},"end":{"line":91,"column":70}},"24":{"start":{"line":93,"column":23},"end":{"line":98,"column":4}},"25":{"start":{"line":100,"column":2},"end":{"line":100,"column":78}},"26":{"start":{"line":100,"column":21},"end":{"line":100,"column":78}},"27":{"start":{"line":102,"column":2},"end":{"line":106,"column":5}},"28":{"start":{"line":108,"column":2},"end":{"line":108,"column":24}},"29":{"start":{"line":111,"column":0},"end":{"line":125,"column":3}},"30":{"start":{"line":112,"column":15},"end":{"line":122,"column":4}},"31":{"start":{"line":124,"column":2},"end":{"line":124,"column":29}},"32":{"start":{"line":127,"column":0},"end":{"line":145,"column":3}},"33":{"start":{"line":128,"column":26},"end":{"line":128,"column":34}},"34":{"start":{"line":130,"column":15},"end":{"line":142,"column":4}},"35":{"start":{"line":144,"column":2},"end":{"line":144,"column":29}},"36":{"start":{"line":147,"column":0},"end":{"line":168,"column":3}},"37":{"start":{"line":148,"column":39},"end":{"line":148,"column":47}},"38":{"start":{"line":150,"column":22},"end":{"line":154,"column":3}},"39":{"start":{"line":156,"column":18},"end":{"line":165,"column":4}},"40":{"start":{"line":167,"column":2},"end":{"line":167,"column":39}},"41":{"start":{"line":170,"column":0},"end":{"line":199,"column":3}},"42":{"start":{"line":171,"column":36},"end":{"line":171,"column":44}},"43":{"start":{"line":173,"column":15},"end":{"line":180,"column":4}},"44":{"start":{"line":182,"column":24},"end":{"line":182,"column":69}},"45":{"start":{"line":184,"column":2},"end":{"line":184,"column":70}},"46":{"start":{"line":184,"column":22},"end":{"line":184,"column":70}},"47":{"start":{"line":186,"column":15},"end":{"line":186,"column":39}},"48":{"start":{"line":187,"column":15},"end":{"line":187,"column":51}},"49":{"start":{"line":189,"column":2},"end":{"line":196,"column":5}},"50":{"start":{"line":198,"column":2},"end":{"line":198,"column":43}},"51":{"start":{"line":201,"column":0},"end":{"line":226,"column":3}},"52":{"start":{"line":202,"column":15},"end":{"line":221,"column":4}},"53":{"start":{"line":223,"column":2},"end":{"line":223,"column":70}},"54":{"start":{"line":223,"column":13},"end":{"line":223,"column":70}},"55":{"start":{"line":225,"column":2},"end":{"line":225,"column":29}},"56":{"start":{"line":228,"column":0},"end":{"line":228,"column":24}}},"fnMap":{"0":{"name":"(anonymous_0)","decl":{"start":{"line":9,"column":24},"end":{"line":9,"column":25}},"loc":{"start":{"line":9,"column":44},"end":{"line":28,"column":1}},"line":9},"1":{"name":"(anonymous_1)","decl":{"start":{"line":30,"column":40},"end":{"line":30,"column":41}},"loc":{"start":{"line":30,"column":60},"end":{"line":75,"column":1}},"line":30},"2":{"name":"(anonymous_2)","decl":{"start":{"line":77,"column":44},"end":{"line":77,"column":45}},"loc":{"start":{"line":77,"column":64},"end":{"line":109,"column":1}},"line":77},"3":{"name":"(anonymous_3)","decl":{"start":{"line":111,"column":26},"end":{"line":111,"column":27}},"loc":{"start":{"line":111,"column":46},"end":{"line":125,"column":1}},"line":111},"4":{"name":"(anonymous_4)","decl":{"start":{"line":127,"column":28},"end":{"line":127,"column":29}},"loc":{"start":{"line":127,"column":48},"end":{"line":145,"column":1}},"line":127},"5":{"name":"(anonymous_5)","decl":{"start":{"line":147,"column":33},"end":{"line":147,"column":34}},"loc":{"start":{"line":147,"column":53},"end":{"line":168,"column":1}},"line":147},"6":{"name":"(anonymous_6)","decl":{"start":{"line":170,"column":34},"end":{"line":170,"column":35}},"loc":{"start":{"line":170,"column":54},"end":{"line":199,"column":1}},"line":170},"7":{"name":"(anonymous_7)","decl":{"start":{"line":201,"column":29},"end":{"line":201,"column":30}},"loc":{"start":{"line":201,"column":49},"end":{"line":226,"column":1}},"line":201}},"branchMap":{"0":{"loc":{"start":{"line":25,"column":2},"end":{"line":25,"column":77}},"type":"if","locations":[{"start":{"line":25,"column":2},"end":{"line":25,"column":77}},{"start":{},"end":{}}],"line":25},"1":{"loc":{"start":{"line":44,"column":2},"end":{"line":44,"column":70}},"type":"if","locations":[{"start":{"line":44,"column":2},"end":{"line":44,"column":70}},{"start":{},"end":{}}],"line":44},"2":{"loc":{"start":{"line":53,"column":2},"end":{"line":54,"column":65}},"type":"if","locations":[{"start":{"line":53,"column":2},"end":{"line":54,"column":65}},{"start":{},"end":{}}],"line":53},"3":{"loc":{"start":{"line":91,"column":2},"end":{"line":91,"column":70}},"type":"if","locations":[{"start":{"line":91,"column":2},"end":{"line":91,"column":70}},{"start":{},"end":{}}],"line":91},"4":{"loc":{"start":{"line":100,"column":2},"end":{"line":100,"column":78}},"type":"if","locations":[{"start":{"line":100,"column":2},"end":{"line":100,"column":78}},{"start":{},"end":{}}],"line":100},"5":{"loc":{"start":{"line":151,"column":8},"end":{"line":151,"column":48}},"type":"binary-expr","locations":[{"start":{"line":151,"column":8},"end":{"line":151,"column":31}},{"start":{"line":151,"column":35},"end":{"line":151,"column":48}}],"line":151},"6":{"loc":{"start":{"line":152,"column":8},"end":{"line":152,"column":46}},"type":"binary-expr","locations":[{"start":{"line":152,"column":8},"end":{"line":152,"column":30}},{"start":{"line":152,"column":34},"end":{"line":152,"column":46}}],"line":152},"7":{"loc":{"start":{"line":153,"column":8},"end":{"line":153,"column":36}},"type":"binary-expr","locations":[{"start":{"line":153,"column":8},"end":{"line":153,"column":25}},{"start":{"line":153,"column":29},"end":{"line":153,"column":36}}],"line":153},"8":{"loc":{"start":{"line":184,"column":2},"end":{"line":184,"column":70}},"type":"if","locations":[{"start":{"line":184,"column":2},"end":{"line":184,"column":70}},{"start":{},"end":{}}],"line":184},"9":{"loc":{"start":{"line":223,"column":2},"end":{"line":223,"column":70}},"type":"if","locations":[{"start":{"line":223,"column":2},"end":{"line":223,"column":70}},{"start":{},"end":{}}],"line":223}},"s":{"0":4,"1":4,"2":4,"3":4,"4":4,"5":4,"6":4,"7":0,"8":0,"9":0,"10":0,"11":4,"12":0,"13":0,"14":0,"15":0,"16":0,"17":0,"18":0,"19":0,"20":4,"21":0,"22":0,"23":0,"24":0,"25":0,"26":0,"27":0,"28":0,"29":4,"30":0,"31":0,"32":4,"33":0,"34":0,"35":0,"36":4,"37":0,"38":0,"39":0,"40":0,"41":4,"42":0,"43":0,"44":0,"45":0,"46":0,"47":0,"48":0,"49":0,"50":0,"51":4,"52":0,"53":0,"54":0,"55":0,"56":4},"f":{"0":0,"1":0,"2":0,"3":0,"4":0,"5":0,"6":0,"7":0},"b":{"0":[0,0],"1":[0,0],"2":[0,0],"3":[0,0],"4":[0,0],"5":[0,0],"6":[0,0],"7":[0,0],"8":[0,0],"9":[0,0]},"_coverageSchema":"1a1c01bbd47fc00a2c39e90264f33305004495a9","hash":"1e3211377721b42496469c9119487de19ea02be7"}
,"C:\\Users\\nwike\\relayapp\\backend\\src\\startup\\logging.js": {"path":"C:\\Users\\nwike\\relayapp\\backend\\src\\startup\\logging.js","statementMap":{"0":{"start":{"line":1,"column":0},"end":{"line":1,"column":32}},"1":{"start":{"line":2,"column":16},"end":{"line":2,"column":34}},"2":{"start":{"line":4,"column":0},"end":{"line":11,"column":3}},"3":{"start":{"line":14,"column":2},"end":{"line":16,"column":4}},"4":{"start":{"line":18,"column":2},"end":{"line":21,"column":5}},"5":{"start":{"line":19,"column":4},"end":{"line":19,"column":34}},"6":{"start":{"line":20,"column":4},"end":{"line":20,"column":20}},"7":{"start":{"line":24,"column":0},"end":{"line":24,"column":47}},"8":{"start":{"line":25,"column":0},"end":{"line":25,"column":20}}},"fnMap":{"0":{"name":"initializeLogging","decl":{"start":{"line":13,"column":9},"end":{"line":13,"column":26}},"loc":{"start":{"line":13,"column":29},"end":{"line":22,"column":1}},"line":13},"1":{"name":"(anonymous_1)","decl":{"start":{"line":18,"column":35},"end":{"line":18,"column":36}},"loc":{"start":{"line":18,"column":43},"end":{"line":21,"column":3}},"line":18}},"branchMap":{},"s":{"0":5,"1":5,"2":5,"3":7,"4":7,"5":3,"6":3,"7":5,"8":5},"f":{"0":7,"1":3},"b":{},"_coverageSchema":"1a1c01bbd47fc00a2c39e90264f33305004495a9","hash":"c7d54c6cdbf591878b6ba2bd0acf6276a0aabd0c"}
,"C:\\Users\\nwike\\relayapp\\backend\\src\\startup\\prod.js": {"path":"C:\\Users\\nwike\\relayapp\\backend\\src\\startup\\prod.js","statementMap":{"0":{"start":{"line":1,"column":15},"end":{"line":1,"column":32}},"1":{"start":{"line":2,"column":20},"end":{"line":2,"column":42}},"2":{"start":{"line":4,"column":0},"end":{"line":7,"column":2}},"3":{"start":{"line":5,"column":2},"end":{"line":5,"column":20}},"4":{"start":{"line":6,"column":2},"end":{"line":6,"column":25}}},"fnMap":{"0":{"name":"(anonymous_0)","decl":{"start":{"line":4,"column":17},"end":{"line":4,"column":18}},"loc":{"start":{"line":4,"column":32},"end":{"line":7,"column":1}},"line":4}},"branchMap":{},"s":{"0":4,"1":4,"2":4,"3":4,"4":4},"f":{"0":4},"b":{},"_coverageSchema":"1a1c01bbd47fc00a2c39e90264f33305004495a9","hash":"22e3d6eea510cb327b42712a1f0ba7618f4958bb"}
,"C:\\Users\\nwike\\relayapp\\backend\\src\\startup\\routes.js": {"path":"C:\\Users\\nwike\\relayapp\\backend\\src\\startup\\routes.js","statementMap":{"0":{"start":{"line":1,"column":16},"end":{"line":1,"column":34}},"1":{"start":{"line":2,"column":13},"end":{"line":2,"column":43}},"2":{"start":{"line":3,"column":13},"end":{"line":3,"column":43}},"3":{"start":{"line":4,"column":19},"end":{"line":4,"column":55}},"4":{"start":{"line":5,"column":14},"end":{"line":5,"column":45}},"5":{"start":{"line":6,"column":14},"end":{"line":6,"column":45}},"6":{"start":{"line":7,"column":13},"end":{"line":7,"column":43}},"7":{"start":{"line":8,"column":14},"end":{"line":8,"column":44}},"8":{"start":{"line":9,"column":17},"end":{"line":9,"column":36}},"9":{"start":{"line":10,"column":13},"end":{"line":10,"column":28}},"10":{"start":{"line":12,"column":0},"end":{"line":24,"column":2}},"11":{"start":{"line":13,"column":2},"end":{"line":13,"column":18}},"12":{"start":{"line":14,"column":2},"end":{"line":14,"column":26}},"13":{"start":{"line":15,"column":2},"end":{"line":15,"column":50}},"14":{"start":{"line":16,"column":2},"end":{"line":16,"column":33}},"15":{"start":{"line":17,"column":2},"end":{"line":17,"column":29}},"16":{"start":{"line":18,"column":2},"end":{"line":18,"column":29}},"17":{"start":{"line":19,"column":2},"end":{"line":19,"column":41}},"18":{"start":{"line":20,"column":2},"end":{"line":20,"column":31}},"19":{"start":{"line":21,"column":2},"end":{"line":21,"column":31}},"20":{"start":{"line":22,"column":2},"end":{"line":22,"column":29}},"21":{"start":{"line":23,"column":2},"end":{"line":23,"column":17}}},"fnMap":{"0":{"name":"(anonymous_0)","decl":{"start":{"line":12,"column":17},"end":{"line":12,"column":18}},"loc":{"start":{"line":12,"column":26},"end":{"line":24,"column":1}},"line":12}},"branchMap":{},"s":{"0":4,"1":4,"2":4,"3":4,"4":4,"5":4,"6":4,"7":4,"8":4,"9":4,"10":4,"11":4,"12":4,"13":4,"14":4,"15":4,"16":4,"17":4,"18":4,"19":4,"20":4,"21":4},"f":{"0":4},"b":{},"_coverageSchema":"1a1c01bbd47fc00a2c39e90264f33305004495a9","hash":"df70802f893f82a99866aa29b2e6387323a9710c"}
,"C:\\Users\\nwike\\relayapp\\backend\\src\\utils\\Mail.js": {"path":"C:\\Users\\nwike\\relayapp\\backend\\src\\utils\\Mail.js","statementMap":{"0":{"start":{"line":1,"column":19},"end":{"line":1,"column":36}},"1":{"start":{"line":2,"column":19},"end":{"line":2,"column":40}},"2":{"start":{"line":3,"column":11},"end":{"line":3,"column":24}},"3":{"start":{"line":4,"column":13},"end":{"line":4,"column":28}},"4":{"start":{"line":8,"column":4},"end":{"line":8,"column":57}},"5":{"start":{"line":9,"column":4},"end":{"line":9,"column":39}},"6":{"start":{"line":11,"column":4},"end":{"line":11,"column":29}},"7":{"start":{"line":12,"column":4},"end":{"line":12,"column":47}},"8":{"start":{"line":13,"column":4},"end":{"line":13,"column":55}},"9":{"start":{"line":17,"column":4},"end":{"line":17,"column":37}},"10":{"start":{"line":18,"column":21},"end":{"line":22,"column":5}},"11":{"start":{"line":23,"column":19},"end":{"line":23,"column":64}},"12":{"start":{"line":24,"column":16},"end":{"line":24,"column":42}},"13":{"start":{"line":25,"column":4},"end":{"line":25,"column":24}},"14":{"start":{"line":29,"column":4},"end":{"line":31,"column":6}},"15":{"start":{"line":35,"column":4},"end":{"line":35,"column":35}},"16":{"start":{"line":36,"column":4},"end":{"line":36,"column":32}},"17":{"start":{"line":37,"column":4},"end":{"line":37,"column":39}},"18":{"start":{"line":38,"column":4},"end":{"line":38,"column":46}},"19":{"start":{"line":39,"column":4},"end":{"line":39,"column":39}},"20":{"start":{"line":43,"column":4},"end":{"line":56,"column":5}},"21":{"start":{"line":44,"column":21},"end":{"line":52,"column":8}},"22":{"start":{"line":53,"column":6},"end":{"line":53,"column":18}},"23":{"start":{"line":55,"column":6},"end":{"line":55,"column":19}},"24":{"start":{"line":60,"column":0},"end":{"line":60,"column":22}}},"fnMap":{"0":{"name":"(anonymous_0)","decl":{"start":{"line":7,"column":2},"end":{"line":7,"column":3}},"loc":{"start":{"line":7,"column":16},"end":{"line":14,"column":3}},"line":7},"1":{"name":"(anonymous_1)","decl":{"start":{"line":16,"column":2},"end":{"line":16,"column":3}},"loc":{"start":{"line":16,"column":51},"end":{"line":26,"column":3}},"line":16},"2":{"name":"(anonymous_2)","decl":{"start":{"line":28,"column":2},"end":{"line":28,"column":3}},"loc":{"start":{"line":28,"column":9},"end":{"line":32,"column":3}},"line":28},"3":{"name":"(anonymous_3)","decl":{"start":{"line":34,"column":2},"end":{"line":34,"column":3}},"loc":{"start":{"line":34,"column":23},"end":{"line":40,"column":3}},"line":34},"4":{"name":"(anonymous_4)","decl":{"start":{"line":42,"column":2},"end":{"line":42,"column":3}},"loc":{"start":{"line":42,"column":28},"end":{"line":57,"column":3}},"line":42}},"branchMap":{"0":{"loc":{"start":{"line":16,"column":11},"end":{"line":16,"column":35}},"type":"default-arg","locations":[{"start":{"line":16,"column":26},"end":{"line":16,"column":35}}],"line":16},"1":{"loc":{"start":{"line":16,"column":37},"end":{"line":16,"column":49}},"type":"default-arg","locations":[{"start":{"line":16,"column":47},"end":{"line":16,"column":49}}],"line":16},"2":{"loc":{"start":{"line":38,"column":16},"end":{"line":38,"column":45}},"type":"binary-expr","locations":[{"start":{"line":38,"column":16},"end":{"line":38,"column":32}},{"start":{"line":38,"column":36},"end":{"line":38,"column":45}}],"line":38},"3":{"loc":{"start":{"line":39,"column":16},"end":{"line":39,"column":38}},"type":"binary-expr","locations":[{"start":{"line":39,"column":16},"end":{"line":39,"column":32}},{"start":{"line":39,"column":36},"end":{"line":39,"column":38}}],"line":39}},"s":{"0":4,"1":4,"2":4,"3":4,"4":8,"5":8,"6":8,"7":8,"8":8,"9":96,"10":96,"11":96,"12":96,"13":96,"14":0,"15":96,"16":96,"17":96,"18":96,"19":96,"20":96,"21":96,"22":96,"23":0,"24":4},"f":{"0":8,"1":96,"2":0,"3":96,"4":96},"b":{"0":[0],"1":[0],"2":[96,0],"3":[96,96]},"_coverageSchema":"1a1c01bbd47fc00a2c39e90264f33305004495a9","hash":"5ff3e1a3288c98cde8ca2b2cbbc4be11f255c0cf"}
}
