TN:
SF:src\app.js
FN:14,(anonymous_0)
FNF:1
FNH:0
FNDA:0,(anonymous_0)
DA:1,6
DA:2,6
DA:3,6
DA:4,6
DA:6,6
DA:7,6
DA:8,6
DA:10,6
DA:12,6
DA:13,0
DA:14,0
DA:15,0
LF:12
LH:9
BRDA:12,0,0,0
BRDA:12,0,1,6
BRDA:13,1,0,0
BRDA:13,1,1,0
BRF:4
BRH:1
end_of_record
TN:
SF:src\auth\passport.js
FN:11,(anonymous_0)
FN:51,(anonymous_1)
FN:55,(anonymous_2)
FNF:3
FNH:0
FNDA:0,(anonymous_0)
FNDA:0,(anonymous_1)
FNDA:0,(anonymous_2)
DA:1,6
DA:2,6
DA:4,6
DA:5,6
DA:6,6
DA:8,6
DA:10,6
DA:17,0
DA:26,0
DA:51,6
DA:52,0
DA:55,6
DA:56,0
LF:13
LH:9
BRF:0
BRH:0
end_of_record
TN:
SF:src\config\facebook.js
FNF:0
FNH:0
DA:1,6
LF:1
LH:1
BRF:0
BRH:0
end_of_record
TN:
SF:src\config\mailconf.js
FNF:0
FNH:0
DA:1,6
DA:3,6
DA:5,6
LF:3
LH:3
BRF:0
BRH:0
end_of_record
TN:
SF:src\functions\mail.js
FN:5,(anonymous_0)
FNF:1
FNH:1
FNDA:148,(anonymous_0)
DA:1,6
DA:3,6
DA:5,6
DA:6,148
DA:14,148
DA:22,148
LF:6
LH:6
BRDA:5,0,0,148
BRF:1
BRH:1
end_of_record
TN:
SF:src\middleware\auth.js
FN:3,(anonymous_0)
FN:8,(anonymous_1)
FNF:2
FNH:2
FNDA:148,(anonymous_0)
FNDA:147,(anonymous_1)
DA:1,7
DA:3,7
DA:4,148
DA:6,148
DA:8,147
DA:9,147
DA:10,1
DA:11,146
DA:12,146
LF:9
LH:9
BRDA:6,0,0,1
BRDA:6,0,1,147
BRDA:9,1,0,1
BRDA:9,1,1,146
BRF:4
BRH:4
end_of_record
TN:
SF:src\middleware\error.js
FN:3,(anonymous_0)
FNF:1
FNH:1
FNDA:2,(anonymous_0)
DA:1,7
DA:3,7
DA:4,2
DA:5,2
LF:4
LH:4
BRF:0
BRH:0
end_of_record
TN:
SF:src\routes\auth.js
FN:14,(anonymous_0)
FN:53,(anonymous_1)
FN:91,(anonymous_2)
FN:106,(anonymous_3)
FN:137,(anonymous_4)
FNF:5
FNH:4
FNDA:151,(anonymous_0)
FNDA:3,(anonymous_1)
FNDA:0,(anonymous_2)
FNDA:3,(anonymous_3)
FNDA:3,(anonymous_4)
DA:1,6
DA:2,6
DA:3,6
DA:4,6
DA:5,6
DA:6,6
DA:7,6
DA:8,6
DA:9,6
DA:10,6
DA:12,6
DA:14,6
DA:15,151
DA:17,151
DA:18,2
DA:20,149
DA:22,149
DA:24,148
DA:25,148
DA:27,148
DA:29,148
DA:37,148
DA:38,148
DA:40,148
DA:50,148
DA:53,6
DA:54,3
DA:56,3
DA:57,0
DA:59,3
DA:65,3
DA:67,2
DA:69,2
DA:70,1
DA:71,1
DA:80,1
DA:83,6
DA:88,6
DA:92,0
DA:102,0
DA:106,6
DA:107,3
DA:109,3
DA:111,2
DA:116,2
DA:118,1
DA:123,1
DA:124,1
DA:126,1
DA:134,1
DA:137,6
DA:138,3
DA:139,3
DA:141,3
DA:142,1
DA:144,2
DA:149,2
DA:151,0
DA:152,0
DA:154,0
DA:155,0
DA:157,0
DA:162,0
DA:167,0
DA:177,0
DA:180,6
LF:66
LH:55
BRDA:17,0,0,2
BRDA:17,0,1,149
BRDA:17,1,0,151
BRDA:17,1,1,149
BRDA:22,2,0,1
BRDA:22,2,1,148
BRDA:56,3,0,0
BRDA:56,3,1,3
BRDA:56,4,0,3
BRDA:56,4,1,3
BRDA:65,5,0,1
BRDA:65,5,1,2
BRDA:69,6,0,1
BRDA:69,6,1,1
BRDA:96,7,0,0
BRDA:96,7,1,0
BRDA:96,7,2,0
BRDA:109,8,0,1
BRDA:109,8,1,2
BRDA:116,9,0,1
BRDA:116,9,1,1
BRDA:141,10,0,1
BRDA:141,10,1,2
BRDA:141,11,0,3
BRDA:141,11,1,3
BRDA:149,12,0,2
BRDA:149,12,1,0
BRDA:151,13,0,0
BRDA:151,13,1,0
BRF:29
BRH:22
end_of_record
TN:
SF:src\routes\brand.js
FN:8,(anonymous_0)
FN:24,(anonymous_1)
FN:81,(anonymous_2)
FN:100,(anonymous_3)
FN:121,(anonymous_4)
FN:144,(anonymous_5)
FN:162,(anonymous_6)
FN:210,(anonymous_7)
FN:232,(anonymous_8)
FN:272,(anonymous_9)
FN:303,(anonymous_10)
FN:337,(anonymous_11)
FN:371,(anonymous_12)
FN:398,(anonymous_13)
FN:441,(anonymous_14)
FN:471,(anonymous_15)
FN:486,(anonymous_16)
FN:500,(anonymous_17)
FN:519,(anonymous_18)
FN:534,(anonymous_19)
FN:552,(anonymous_20)
FN:568,(anonymous_21)
FN:586,(anonymous_22)
FN:602,(anonymous_23)
FNF:24
FNH:24
FNDA:5,(anonymous_0)
FNDA:6,(anonymous_1)
FNDA:2,(anonymous_2)
FNDA:2,(anonymous_3)
FNDA:1,(anonymous_4)
FNDA:3,(anonymous_5)
FNDA:4,(anonymous_6)
FNDA:2,(anonymous_7)
FNDA:2,(anonymous_8)
FNDA:3,(anonymous_9)
FNDA:2,(anonymous_10)
FNDA:2,(anonymous_11)
FNDA:2,(anonymous_12)
FNDA:3,(anonymous_13)
FNDA:3,(anonymous_14)
FNDA:4,(anonymous_15)
FNDA:2,(anonymous_16)
FNDA:2,(anonymous_17)
FNDA:4,(anonymous_18)
FNDA:2,(anonymous_19)
FNDA:2,(anonymous_20)
FNDA:2,(anonymous_21)
FNDA:2,(anonymous_22)
FNDA:2,(anonymous_23)
DA:1,6
DA:2,6
DA:3,6
DA:4,6
DA:6,6
DA:8,6
DA:9,5
DA:11,5
DA:13,4
DA:18,4
DA:20,4
DA:21,1
DA:23,3
DA:24,3
DA:25,6
DA:31,3
DA:37,3
DA:38,0
DA:42,3
DA:44,3
DA:51,3
DA:53,1
DA:62,1
DA:64,1
DA:81,2
DA:97,1
DA:100,6
DA:101,2
DA:115,2
DA:116,1
DA:118,1
DA:121,6
DA:122,1
DA:139,1
DA:141,1
DA:144,6
DA:145,3
DA:147,3
DA:152,3
DA:156,3
DA:158,3
DA:159,1
DA:161,2
DA:162,2
DA:163,4
DA:169,2
DA:171,2
DA:172,2
DA:173,2
DA:175,2
DA:184,2
DA:186,1
DA:188,1
DA:210,2
DA:229,1
DA:232,6
DA:233,2
DA:242,2
DA:244,1
DA:269,1
DA:272,6
DA:273,3
DA:279,3
DA:281,2
DA:288,2
DA:289,1
DA:291,1
DA:300,1
DA:303,6
DA:304,2
DA:310,2
DA:312,1
DA:334,1
DA:337,6
DA:338,2
DA:344,2
DA:346,1
DA:368,1
DA:371,6
DA:372,2
DA:378,2
DA:380,1
DA:387,1
DA:389,1
DA:395,1
DA:398,6
DA:399,3
DA:408,3
DA:410,2
DA:417,2
DA:418,1
DA:420,1
DA:438,1
DA:441,6
DA:442,3
DA:451,3
DA:453,2
DA:460,2
DA:462,1
DA:468,1
DA:471,6
DA:472,4
DA:474,4
DA:478,4
DA:480,3
DA:481,2
DA:483,1
DA:484,0
DA:486,1
DA:487,2
DA:493,1
DA:495,1
DA:500,2
DA:516,1
DA:519,6
DA:520,4
DA:522,4
DA:526,4
DA:528,3
DA:529,2
DA:531,1
DA:532,0
DA:534,1
DA:535,2
DA:541,1
DA:545,1
DA:547,1
DA:552,2
DA:565,1
DA:568,6
DA:569,2
DA:575,2
DA:577,1
DA:583,1
DA:586,6
DA:587,2
DA:593,2
DA:595,1
DA:599,1
DA:602,6
DA:603,2
DA:612,2
DA:614,1
DA:620,1
DA:623,6
LF:145
LH:142
BRDA:11,0,0,1
BRDA:11,0,1,4
BRDA:18,1,0,4
BRDA:18,1,1,0
BRDA:20,2,0,1
BRDA:20,2,1,3
BRDA:20,3,0,4
BRDA:20,3,1,4
BRDA:23,4,0,3
BRDA:23,4,1,0
BRDA:23,5,0,3
BRDA:23,5,1,3
BRDA:37,6,0,0
BRDA:37,6,1,3
BRDA:42,7,0,3
BRDA:42,7,1,0
BRDA:51,8,0,2
BRDA:51,8,1,1
BRDA:62,9,0,1
BRDA:62,9,1,0
BRDA:67,10,0,1
BRDA:67,10,1,0
BRDA:78,11,0,1
BRDA:78,11,1,1
BRDA:78,11,2,1
BRDA:115,12,0,1
BRDA:115,12,1,1
BRDA:139,13,0,0
BRDA:139,13,1,1
BRDA:156,14,0,0
BRDA:156,14,1,3
BRDA:158,15,0,1
BRDA:158,15,1,2
BRDA:158,16,0,3
BRDA:158,16,1,3
BRDA:161,17,0,2
BRDA:161,17,1,0
BRDA:161,18,0,2
BRDA:161,18,1,2
BRDA:169,19,0,2
BRDA:169,19,1,0
BRDA:171,20,0,2
BRDA:171,20,1,0
BRDA:172,21,0,2
BRDA:172,21,1,0
BRDA:173,22,0,2
BRDA:173,22,1,0
BRDA:184,23,0,1
BRDA:184,23,1,1
BRDA:206,24,0,1
BRDA:206,24,1,1
BRDA:206,24,2,1
BRDA:242,25,0,1
BRDA:242,25,1,1
BRDA:279,26,0,1
BRDA:279,26,1,2
BRDA:288,27,0,1
BRDA:288,27,1,1
BRDA:310,28,0,1
BRDA:310,28,1,1
BRDA:344,29,0,1
BRDA:344,29,1,1
BRDA:378,30,0,1
BRDA:378,30,1,1
BRDA:387,31,0,0
BRDA:387,31,1,1
BRDA:408,32,0,1
BRDA:408,32,1,2
BRDA:417,33,0,1
BRDA:417,33,1,1
BRDA:451,34,0,1
BRDA:451,34,1,2
BRDA:460,35,0,1
BRDA:460,35,1,1
BRDA:478,36,0,1
BRDA:478,36,1,3
BRDA:480,37,0,2
BRDA:480,37,1,1
BRDA:480,38,0,3
BRDA:480,38,1,1
BRDA:483,39,0,0
BRDA:483,39,1,1
BRDA:483,40,0,1
BRDA:483,40,1,1
BRDA:498,41,0,1
BRDA:498,41,1,1
BRDA:526,42,0,1
BRDA:526,42,1,3
BRDA:528,43,0,2
BRDA:528,43,1,1
BRDA:528,44,0,3
BRDA:528,44,1,1
BRDA:531,45,0,0
BRDA:531,45,1,1
BRDA:531,46,0,1
BRDA:531,46,1,1
BRDA:545,47,0,0
BRDA:545,47,1,1
BRDA:550,48,0,1
BRDA:550,48,1,1
BRDA:575,49,0,1
BRDA:575,49,1,1
BRDA:593,50,0,1
BRDA:593,50,1,1
BRDA:612,51,0,1
BRDA:612,51,1,1
BRF:106
BRH:89
end_of_record
TN:
SF:src\routes\collection.js
FN:8,(anonymous_0)
FN:18,(anonymous_1)
FN:37,(anonymous_2)
FN:59,(anonymous_3)
FN:80,(anonymous_4)
FN:104,(anonymous_5)
FN:126,(anonymous_6)
FN:167,(anonymous_7)
FN:199,(anonymous_8)
FN:237,(anonymous_9)
FN:275,(anonymous_10)
FN:306,(anonymous_11)
FN:321,(anonymous_12)
FN:341,(anonymous_13)
FN:363,(anonymous_14)
FNF:15
FNH:14
FNDA:3,(anonymous_0)
FNDA:2,(anonymous_1)
FNDA:2,(anonymous_2)
FNDA:2,(anonymous_3)
FNDA:2,(anonymous_4)
FNDA:2,(anonymous_5)
FNDA:4,(anonymous_6)
FNDA:0,(anonymous_7)
FNDA:3,(anonymous_8)
FNDA:1,(anonymous_9)
FNDA:3,(anonymous_10)
FNDA:3,(anonymous_11)
FNDA:4,(anonymous_12)
FNDA:4,(anonymous_13)
FNDA:2,(anonymous_14)
DA:1,6
DA:2,6
DA:3,6
DA:4,6
DA:6,6
DA:8,6
DA:9,3
DA:11,3
DA:12,1
DA:14,2
DA:15,1
DA:17,1
DA:18,1
DA:19,2
DA:25,1
DA:37,2
DA:56,1
DA:59,6
DA:60,2
DA:74,2
DA:75,1
DA:77,1
DA:80,6
DA:81,2
DA:98,2
DA:99,1
DA:101,1
DA:104,6
DA:105,2
DA:121,2
DA:123,1
DA:126,6
DA:127,4
DA:136,4
DA:137,2
DA:139,2
DA:164,2
DA:167,6
DA:168,0
DA:174,0
DA:175,0
DA:177,0
DA:184,0
DA:185,0
DA:187,0
DA:196,0
DA:199,6
DA:200,3
DA:206,3
DA:207,2
DA:209,1
DA:234,1
DA:237,6
DA:238,1
DA:244,1
DA:245,0
DA:247,1
DA:272,1
DA:275,6
DA:276,3
DA:282,3
DA:283,2
DA:285,1
DA:292,1
DA:294,1
DA:303,1
DA:306,6
DA:307,3
DA:309,3
DA:314,3
DA:315,1
DA:317,2
DA:318,0
DA:320,2
DA:321,2
DA:322,4
DA:328,2
DA:329,2
DA:330,2
DA:332,2
DA:341,4
DA:360,2
DA:363,6
DA:364,2
DA:370,2
DA:371,1
DA:373,1
DA:377,1
DA:380,6
LF:89
LH:79
BRDA:11,0,0,1
BRDA:11,0,1,2
BRDA:11,1,0,3
BRDA:11,1,1,2
BRDA:14,2,0,1
BRDA:14,2,1,1
BRDA:14,3,0,2
BRDA:14,3,1,2
BRDA:17,4,0,1
BRDA:17,4,1,0
BRDA:17,5,0,1
BRDA:17,5,1,1
BRDA:34,6,0,1
BRDA:34,6,1,1
BRDA:34,6,2,1
BRDA:74,7,0,1
BRDA:74,7,1,1
BRDA:98,8,0,1
BRDA:98,8,1,1
BRDA:121,9,0,1
BRDA:121,9,1,1
BRDA:136,10,0,2
BRDA:136,10,1,2
BRDA:174,11,0,0
BRDA:174,11,1,0
BRDA:184,12,0,0
BRDA:184,12,1,0
BRDA:206,13,0,2
BRDA:206,13,1,1
BRDA:244,14,0,0
BRDA:244,14,1,1
BRDA:282,15,0,2
BRDA:282,15,1,1
BRDA:292,16,0,0
BRDA:292,16,1,1
BRDA:314,17,0,1
BRDA:314,17,1,2
BRDA:317,18,0,0
BRDA:317,18,1,2
BRDA:317,19,0,2
BRDA:317,19,1,2
BRDA:320,20,0,2
BRDA:320,20,1,0
BRDA:320,21,0,2
BRDA:320,21,1,2
BRDA:328,22,0,2
BRDA:328,22,1,0
BRDA:329,23,0,2
BRDA:329,23,1,0
BRDA:330,24,0,2
BRDA:330,24,1,0
BRDA:330,24,2,0
BRDA:337,25,0,2
BRDA:337,25,1,2
BRDA:337,25,2,2
BRDA:370,26,0,1
BRDA:370,26,1,1
BRF:57
BRH:44
end_of_record
TN:
SF:src\routes\item.js
FN:8,(anonymous_0)
FN:21,(anonymous_1)
FN:57,(anonymous_2)
FN:64,(anonymous_3)
FN:86,(anonymous_4)
FN:115,(anonymous_5)
FN:143,(anonymous_6)
FN:183,(anonymous_7)
FN:214,(anonymous_8)
FN:248,(anonymous_9)
FN:282,(anonymous_10)
FN:300,(anonymous_11)
FN:310,(anonymous_12)
FN:363,(anonymous_13)
FN:387,(anonymous_14)
FNF:15
FNH:13
FNDA:5,(anonymous_0)
FNDA:2,(anonymous_1)
FNDA:1,(anonymous_2)
FNDA:1,(anonymous_3)
FNDA:2,(anonymous_4)
FNDA:4,(anonymous_5)
FNDA:2,(anonymous_6)
FNDA:3,(anonymous_7)
FNDA:2,(anonymous_8)
FNDA:2,(anonymous_9)
FNDA:2,(anonymous_10)
FNDA:2,(anonymous_11)
FNDA:0,(anonymous_12)
FNDA:0,(anonymous_13)
FNDA:2,(anonymous_14)
DA:1,6
DA:2,6
DA:3,6
DA:4,6
DA:6,6
DA:8,6
DA:9,5
DA:11,5
DA:12,1
DA:14,4
DA:15,1
DA:17,3
DA:18,1
DA:20,2
DA:21,2
DA:22,2
DA:28,2
DA:30,1
DA:35,1
DA:44,1
DA:46,1
DA:57,1
DA:64,1
DA:83,1
DA:86,6
DA:87,2
DA:110,2
DA:112,1
DA:115,6
DA:116,4
DA:138,4
DA:140,2
DA:143,6
DA:144,2
DA:153,2
DA:155,1
DA:180,1
DA:183,6
DA:184,3
DA:190,3
DA:192,2
DA:199,2
DA:200,1
DA:202,1
DA:211,1
DA:214,6
DA:215,2
DA:221,2
DA:223,1
DA:245,1
DA:248,6
DA:249,2
DA:255,2
DA:257,1
DA:279,1
DA:282,6
DA:283,2
DA:289,2
DA:291,1
DA:297,1
DA:300,6
DA:301,2
DA:303,2
DA:304,0
DA:306,2
DA:307,0
DA:309,2
DA:310,0
DA:311,0
DA:317,2
DA:329,2
DA:339,1
DA:340,1
DA:341,1
DA:342,1
DA:344,1
DA:363,0
DA:384,1
DA:387,6
DA:388,2
DA:395,2
DA:397,1
DA:403,1
DA:406,6
LF:84
LH:79
BRDA:11,0,0,1
BRDA:11,0,1,4
BRDA:11,1,0,5
BRDA:11,1,1,4
BRDA:14,2,0,1
BRDA:14,2,1,3
BRDA:14,3,0,4
BRDA:14,3,1,3
BRDA:17,4,0,1
BRDA:17,4,1,2
BRDA:17,5,0,3
BRDA:17,5,1,3
BRDA:20,6,0,2
BRDA:20,6,1,0
BRDA:20,7,0,2
BRDA:20,7,1,2
BRDA:28,8,0,1
BRDA:28,8,1,1
BRDA:44,9,0,0
BRDA:44,9,1,1
BRDA:61,10,0,1
BRDA:61,10,1,1
BRDA:61,10,2,1
BRDA:110,11,0,1
BRDA:110,11,1,1
BRDA:138,12,0,2
BRDA:138,12,1,2
BRDA:153,13,0,1
BRDA:153,13,1,1
BRDA:190,14,0,1
BRDA:190,14,1,2
BRDA:199,15,0,1
BRDA:199,15,1,1
BRDA:221,16,0,1
BRDA:221,16,1,1
BRDA:255,17,0,1
BRDA:255,17,1,1
BRDA:289,18,0,1
BRDA:289,18,1,1
BRDA:303,19,0,0
BRDA:303,19,1,2
BRDA:303,20,0,2
BRDA:303,20,1,0
BRDA:303,20,2,0
BRDA:306,21,0,0
BRDA:306,21,1,2
BRDA:306,22,0,2
BRDA:306,22,1,0
BRDA:309,23,0,0
BRDA:309,23,1,2
BRDA:309,24,0,2
BRDA:309,24,1,0
BRDA:329,25,0,1
BRDA:329,25,1,1
BRDA:339,26,0,1
BRDA:339,26,1,0
BRDA:340,27,0,1
BRDA:340,27,1,1
BRDA:341,28,0,1
BRDA:341,28,1,1
BRDA:342,29,0,1
BRDA:342,29,1,1
BRDA:359,30,0,1
BRDA:359,30,1,0
BRDA:359,30,2,0
BRDA:369,31,0,1
BRDA:369,31,1,1
BRDA:395,32,0,1
BRDA:395,32,1,1
BRF:69
BRH:57
end_of_record
TN:
SF:src\routes\style.js
FN:8,(anonymous_0)
FN:26,(anonymous_1)
FN:40,(anonymous_2)
FN:76,(anonymous_3)
FN:111,(anonymous_4)
FN:145,(anonymous_5)
FN:204,(anonymous_6)
FN:220,(anonymous_7)
FN:235,(anonymous_8)
FN:252,(anonymous_9)
FN:268,(anonymous_10)
FN:291,(anonymous_11)
FN:307,(anonymous_12)
FN:346,(anonymous_13)
FN:360,(anonymous_14)
FN:373,(anonymous_15)
FN:383,(anonymous_16)
FN:389,(anonymous_17)
FN:403,(anonymous_18)
FN:443,(anonymous_19)
FN:474,(anonymous_20)
FN:511,(anonymous_21)
FN:548,(anonymous_22)
FN:578,(anonymous_23)
FN:589,(anonymous_24)
FN:600,(anonymous_25)
FNF:26
FNH:20
FNDA:4,(anonymous_0)
FNDA:2,(anonymous_1)
FNDA:2,(anonymous_2)
FNDA:2,(anonymous_3)
FNDA:2,(anonymous_4)
FNDA:2,(anonymous_5)
FNDA:4,(anonymous_6)
FNDA:2,(anonymous_7)
FNDA:2,(anonymous_8)
FNDA:5,(anonymous_9)
FNDA:2,(anonymous_10)
FNDA:2,(anonymous_11)
FNDA:2,(anonymous_12)
FNDA:2,(anonymous_13)
FNDA:0,(anonymous_14)
FNDA:0,(anonymous_15)
FNDA:0,(anonymous_16)
FNDA:0,(anonymous_17)
FNDA:2,(anonymous_18)
FNDA:3,(anonymous_19)
FNDA:2,(anonymous_20)
FNDA:2,(anonymous_21)
FNDA:2,(anonymous_22)
FNDA:0,(anonymous_23)
FNDA:0,(anonymous_24)
FNDA:2,(anonymous_25)
DA:1,6
DA:2,6
DA:3,6
DA:4,6
DA:6,6
DA:8,6
DA:9,4
DA:11,4
DA:12,1
DA:14,3
DA:19,3
DA:20,1
DA:22,2
DA:23,1
DA:25,1
DA:26,1
DA:27,2
DA:33,1
DA:40,2
DA:73,1
DA:76,6
DA:77,2
DA:106,2
DA:108,1
DA:111,6
DA:112,2
DA:140,2
DA:142,1
DA:145,6
DA:146,2
DA:175,2
DA:177,1
DA:204,6
DA:205,4
DA:206,4
DA:208,4
DA:212,4
DA:214,3
DA:216,2
DA:217,1
DA:219,1
DA:220,1
DA:221,2
DA:227,1
DA:235,2
DA:249,1
DA:252,6
DA:253,5
DA:254,5
DA:256,5
DA:260,5
DA:262,4
DA:264,1
DA:265,0
DA:267,1
DA:268,1
DA:269,2
DA:275,1
DA:283,1
DA:285,1
DA:291,2
DA:304,1
DA:307,6
DA:308,2
DA:309,2
DA:340,2
DA:341,1
DA:343,1
DA:346,6
DA:347,2
DA:351,2
DA:353,1
DA:357,1
DA:360,6
DA:361,0
DA:363,0
DA:364,0
DA:366,0
DA:367,0
DA:369,0
DA:370,0
DA:372,0
DA:373,0
DA:376,0
DA:383,0
DA:389,0
DA:398,0
DA:400,0
DA:403,6
DA:404,2
DA:413,2
DA:415,1
DA:440,1
DA:443,6
DA:444,3
DA:450,3
DA:452,2
DA:459,2
DA:460,1
DA:462,1
DA:471,1
DA:474,6
DA:475,2
DA:481,2
DA:483,1
DA:508,1
DA:511,6
DA:512,2
DA:518,2
DA:520,1
DA:545,1
DA:548,6
DA:549,2
DA:555,2
DA:557,1
DA:564,1
DA:566,1
DA:575,1
DA:578,6
DA:579,0
DA:584,0
DA:586,0
DA:589,6
DA:590,0
DA:595,0
DA:597,0
DA:600,6
DA:601,2
DA:605,2
DA:607,1
DA:611,1
DA:614,6
LF:132
LH:111
BRDA:11,0,0,1
BRDA:11,0,1,3
BRDA:11,1,0,4
BRDA:11,1,1,3
BRDA:19,2,0,1
BRDA:19,2,1,2
BRDA:22,3,0,1
BRDA:22,3,1,1
BRDA:22,4,0,2
BRDA:22,4,1,2
BRDA:25,5,0,1
BRDA:25,5,1,0
BRDA:25,6,0,1
BRDA:25,6,1,1
BRDA:35,7,0,1
BRDA:35,7,1,0
BRDA:36,8,0,1
BRDA:36,8,1,0
BRDA:37,9,0,1
BRDA:37,9,1,1
BRDA:37,9,2,1
BRDA:106,10,0,1
BRDA:106,10,1,1
BRDA:140,11,0,1
BRDA:140,11,1,1
BRDA:175,12,0,1
BRDA:175,12,1,1
BRDA:212,13,0,1
BRDA:212,13,1,3
BRDA:214,14,0,1
BRDA:214,14,1,2
BRDA:216,15,0,1
BRDA:216,15,1,1
BRDA:216,16,0,2
BRDA:216,16,1,2
BRDA:219,17,0,1
BRDA:219,17,1,0
BRDA:219,18,0,1
BRDA:219,18,1,1
BRDA:232,19,0,1
BRDA:232,19,1,1
BRDA:232,19,2,1
BRDA:260,20,0,1
BRDA:260,20,1,4
BRDA:262,21,0,3
BRDA:262,21,1,1
BRDA:264,22,0,0
BRDA:264,22,1,1
BRDA:264,23,0,1
BRDA:264,23,1,1
BRDA:267,24,0,1
BRDA:267,24,1,0
BRDA:267,25,0,1
BRDA:267,25,1,1
BRDA:283,26,0,0
BRDA:283,26,1,1
BRDA:288,27,0,1
BRDA:288,27,1,1
BRDA:288,27,2,1
BRDA:340,28,0,1
BRDA:340,28,1,1
BRDA:351,29,0,1
BRDA:351,29,1,1
BRDA:363,30,0,0
BRDA:363,30,1,0
BRDA:363,31,0,0
BRDA:363,31,1,0
BRDA:366,32,0,0
BRDA:366,32,1,0
BRDA:366,33,0,0
BRDA:366,33,1,0
BRDA:369,34,0,0
BRDA:369,34,1,0
BRDA:369,35,0,0
BRDA:369,35,1,0
BRDA:387,36,0,0
BRDA:387,36,1,0
BRDA:398,37,0,0
BRDA:398,37,1,0
BRDA:413,38,0,1
BRDA:413,38,1,1
BRDA:450,39,0,1
BRDA:450,39,1,2
BRDA:459,40,0,1
BRDA:459,40,1,1
BRDA:481,41,0,1
BRDA:481,41,1,1
BRDA:518,42,0,1
BRDA:518,42,1,1
BRDA:555,43,0,1
BRDA:555,43,1,1
BRDA:564,44,0,0
BRDA:564,44,1,1
BRDA:584,45,0,0
BRDA:584,45,1,0
BRDA:595,46,0,0
BRDA:595,46,1,0
BRDA:605,47,0,1
BRDA:605,47,1,1
BRF:99
BRH:71
end_of_record
TN:
SF:src\routes\user.js
FN:9,(anonymous_0)
FN:30,(anonymous_1)
FN:77,(anonymous_2)
FN:111,(anonymous_3)
FN:127,(anonymous_4)
FN:147,(anonymous_5)
FN:170,(anonymous_6)
FN:201,(anonymous_7)
FNF:8
FNH:8
FNDA:2,(anonymous_0)
FNDA:3,(anonymous_1)
FNDA:3,(anonymous_2)
FNDA:2,(anonymous_3)
FNDA:1,(anonymous_4)
FNDA:1,(anonymous_5)
FNDA:2,(anonymous_6)
FNDA:2,(anonymous_7)
DA:1,6
DA:2,6
DA:3,6
DA:4,6
DA:5,6
DA:7,6
DA:9,6
DA:10,2
DA:25,2
DA:27,1
DA:30,6
DA:31,3
DA:44,3
DA:46,2
DA:53,2
DA:54,1
DA:56,1
DA:74,1
DA:77,6
DA:78,3
DA:91,3
DA:93,2
DA:100,2
DA:102,1
DA:108,1
DA:111,6
DA:112,2
DA:124,1
DA:127,6
DA:128,1
DA:130,1
DA:144,1
DA:147,6
DA:148,1
DA:150,1
DA:156,1
DA:167,1
DA:170,6
DA:171,2
DA:173,2
DA:182,2
DA:184,2
DA:186,1
DA:187,1
DA:189,1
DA:198,1
DA:201,6
DA:202,2
DA:223,2
DA:225,1
DA:228,6
LF:51
LH:51
BRDA:25,0,0,1
BRDA:25,0,1,1
BRDA:44,1,0,1
BRDA:44,1,1,2
BRDA:53,2,0,1
BRDA:53,2,1,1
BRDA:91,3,0,1
BRDA:91,3,1,2
BRDA:100,4,0,1
BRDA:100,4,1,1
BRDA:151,5,0,1
BRDA:151,5,1,1
BRDA:152,6,0,1
BRDA:152,6,1,1
BRDA:153,7,0,1
BRDA:153,7,1,1
BRDA:184,8,0,1
BRDA:184,8,1,1
BRDA:223,9,0,1
BRDA:223,9,1,1
BRF:20
BRH:20
end_of_record
TN:
SF:src\startup\logging.js
FN:13,initializeLogging
FN:18,(anonymous_1)
FNF:2
FNH:2
FNDA:9,initializeLogging
FNDA:3,(anonymous_1)
DA:1,7
DA:2,7
DA:4,7
DA:14,9
DA:18,9
DA:19,3
DA:20,3
DA:24,7
DA:25,7
LF:9
LH:9
BRF:0
BRH:0
end_of_record
TN:
SF:src\startup\prod.js
FN:4,(anonymous_0)
FNF:1
FNH:1
FNDA:6,(anonymous_0)
DA:1,6
DA:2,6
DA:4,6
DA:5,6
DA:6,6
LF:5
LH:5
BRF:0
BRH:0
end_of_record
TN:
SF:src\startup\routes.js
FN:12,(anonymous_0)
FNF:1
FNH:1
FNDA:6,(anonymous_0)
DA:1,6
DA:2,6
DA:3,6
DA:4,6
DA:5,6
DA:6,6
DA:7,6
DA:8,6
DA:9,6
DA:10,6
DA:12,6
DA:13,6
DA:14,6
DA:15,6
DA:16,6
DA:17,6
DA:18,6
DA:19,6
DA:20,6
DA:21,6
DA:22,6
DA:23,6
LF:22
LH:22
BRF:0
BRH:0
end_of_record
TN:
SF:src\utils\Mail.js
FN:7,(anonymous_0)
FN:16,(anonymous_1)
FN:28,(anonymous_2)
FN:34,(anonymous_3)
FN:42,(anonymous_4)
FNF:5
FNH:4
FNDA:12,(anonymous_0)
FNDA:148,(anonymous_1)
FNDA:0,(anonymous_2)
FNDA:148,(anonymous_3)
FNDA:148,(anonymous_4)
DA:1,6
DA:2,6
DA:3,6
DA:4,6
DA:8,12
DA:9,12
DA:11,12
DA:12,12
DA:13,12
DA:17,148
DA:18,148
DA:23,148
DA:24,148
DA:25,148
DA:29,0
DA:35,148
DA:36,148
DA:37,148
DA:38,148
DA:39,148
DA:43,148
DA:44,148
DA:53,148
DA:55,0
DA:60,6
LF:25
LH:23
BRDA:16,0,0,0
BRDA:16,1,0,0
BRDA:38,2,0,148
BRDA:38,2,1,0
BRDA:39,3,0,148
BRDA:39,3,1,148
BRF:6
BRH:3
end_of_record
