TN:
SF:src\middleware\auth.js
FN:3,(anonymous_0)
FN:8,(anonymous_1)
FNF:2
FNH:2
FNDA:3,(anonymous_0)
FNDA:2,(anonymous_1)
DA:1,1
DA:3,1
DA:4,3
DA:6,3
DA:8,2
DA:9,2
DA:10,1
DA:11,1
DA:12,1
LF:9
LH:9
BRDA:6,0,0,1
BRDA:6,0,1,2
BRDA:9,1,0,1
BRDA:9,1,1,1
BRF:4
BRH:4
end_of_record
TN:
SF:src\middleware\error.js
FN:3,(anonymous_0)
FNF:1
FNH:1
FNDA:1,(anonymous_0)
DA:1,1
DA:3,1
DA:4,1
DA:5,1
LF:4
LH:4
BRF:0
BRH:0
end_of_record
TN:
SF:src\startup\logging.js
FN:13,initializeLogging
FN:18,(anonymous_1)
FNF:2
FNH:2
FNDA:3,initializeLogging
FNDA:3,(anonymous_1)
DA:1,1
DA:2,1
DA:4,1
DA:14,3
DA:18,3
DA:19,3
DA:20,3
DA:24,1
DA:25,1
LF:9
LH:9
BRF:0
BRH:0
end_of_record
